Log file open, 07/20/19 00:14:11
LogWindows: Failed to load 'aqProf.dll' (GetLastError=126)
LogWindows: File 'aqProf.dll' does not exist
LogWindows: Failed to load 'VtuneApi.dll' (GetLastError=126)
LogWindows: File 'VtuneApi.dll' does not exist
LogWindows: Failed to load 'VtuneApi32e.dll' (GetLastError=126)
LogWindows: File 'VtuneApi32e.dll' does not exist
LogConsoleResponse: Display: Failed to find resolution value strings in scalability ini. Falling back to default.
LogInit: Display: Running engine for game: TPS
LogPakFile: Registered encryption key '00000000000000000000000000000000': 0 pak files mounted, 0 remain pending
LogPlatformFile: Not using cached read wrapper
LogTaskGraph: Started task graph with 5 named threads and 35 total threads with 3 sets of task threads.
LogStats: Stats thread started at 0.443486
LogD3D11RHI: Loaded GFSDK_Aftermath_Lib.x64.dll
LogICUInternationalization: ICU TimeZone Detection - Raw Offset: -5:00, Platform Override: ''
LogPluginManager: Mounting plugin Paper2D
LogPluginManager: Mounting plugin AISupport
LogPluginManager: Mounting plugin LightPropagationVolume
LogPluginManager: Mounting plugin ActorLayerUtilities
LogPluginManager: Mounting plugin AnimationSharing
LogPluginManager: Mounting plugin CLionSourceCodeAccess
LogPluginManager: Mounting plugin CodeLiteSourceCodeAccess
LogPluginManager: Mounting plugin GitSourceControl
LogPluginManager: Mounting plugin KDevelopSourceCodeAccess
LogPluginManager: Mounting plugin NullSourceCodeAccess
LogPluginManager: Mounting plugin PerforceSourceControl
LogPluginManager: Mounting plugin SubversionSourceControl
LogPluginManager: Mounting plugin UObjectPlugin
LogPluginManager: Mounting plugin VisualStudioCodeSourceCodeAccess
LogPluginManager: Mounting plugin VisualStudioSourceCodeAccess
LogPluginManager: Mounting plugin XCodeSourceCodeAccess
LogPluginManager: Mounting plugin AssetManagerEditor
LogPluginManager: Mounting plugin CryptoKeys
LogPluginManager: Mounting plugin DataValidation
LogPluginManager: Mounting plugin FacialAnimation
LogPluginManager: Mounting plugin GameplayTagsEditor
LogPluginManager: Mounting plugin MacGraphicsSwitching
LogPluginManager: Mounting plugin MaterialAnalyzer
LogPluginManager: Mounting plugin MobileLauncherProfileWizard
LogPluginManager: Mounting plugin PluginBrowser
LogPluginManager: Mounting plugin SpeedTreeImporter
LogPluginManager: Mounting plugin DatasmithContent
LogPluginManager: Mounting plugin VariantManagerContent
LogPluginManager: Mounting plugin AlembicImporter
LogPluginManager: Mounting plugin AppleImageUtils
LogPluginManager: Mounting plugin AppleVision
LogPluginManager: Mounting plugin BackChannel
LogPluginManager: Mounting plugin CharacterAI
LogPluginManager: Mounting plugin GeometryCache
LogPluginManager: Mounting plugin HTML5Networking
LogPluginManager: Mounting plugin ProxyLODPlugin
LogPluginManager: Mounting plugin SkeletalReduction
LogPluginManager: Mounting plugin MagicLeap
LogPluginManager: Mounting plugin MagicLeapMedia
LogPluginManager: Mounting plugin AndroidMedia
LogPluginManager: Mounting plugin AvfMedia
LogPluginManager: Mounting plugin ImgMedia
LogPluginManager: Mounting plugin LinearTimecode
LogPluginManager: Mounting plugin MediaCompositing
LogPluginManager: Mounting plugin MediaPlayerEditor
LogPluginManager: Mounting plugin WebMMedia
LogPluginManager: Mounting plugin WmfMedia
LogPluginManager: Mounting plugin TcpMessaging
LogPluginManager: Mounting plugin UdpMessaging
LogPluginManager: Mounting plugin ActorSequence
LogPluginManager: Mounting plugin LevelSequenceEditor
LogPluginManager: Mounting plugin MatineeToLevelSequence
LogPluginManager: Mounting plugin NetcodeUnitTest
LogPluginManager: Mounting plugin NUTUnrealEngine4
LogPluginManager: Mounting plugin OnlineSubsystemGooglePlay
LogPluginManager: Mounting plugin OnlineSubsystemIOS
LogPluginManager: Mounting plugin OnlineSubsystem
LogPluginManager: Mounting plugin OnlineSubsystemNull
LogPluginManager: Mounting plugin OnlineSubsystemUtils
LogPluginManager: Mounting plugin LauncherChunkInstaller
LogPluginManager: Mounting plugin AndroidDeviceProfileSelector
LogPluginManager: Mounting plugin AndroidMoviePlayer
LogPluginManager: Mounting plugin AndroidPermission
LogPluginManager: Mounting plugin AppleMoviePlayer
LogPluginManager: Mounting plugin ArchVisCharacter
LogPluginManager: Mounting plugin AudioCapture
LogPluginManager: Mounting plugin CableComponent
LogPluginManager: Mounting plugin CustomMeshComponent
LogPluginManager: Mounting plugin EditableMesh
LogPluginManager: Mounting plugin ExampleDeviceProfileSelector
LogPluginManager: Mounting plugin Firebase
LogPluginManager: Mounting plugin GoogleCloudMessaging
LogPluginManager: Mounting plugin IOSDeviceProfileSelector
LogPluginManager: Mounting plugin LinuxDeviceProfileSelector
LogPluginManager: Mounting plugin LocationServicesBPLibrary
LogPluginManager: Mounting plugin MobilePatchingUtils
LogPluginManager: Mounting plugin OculusVR
LogPluginManager: Mounting plugin PhysXVehicles
LogPluginManager: Mounting plugin ProceduralMeshComponent
LogPluginManager: Mounting plugin RuntimePhysXCooking
LogPluginManager: Mounting plugin SignificanceManager
LogPluginManager: Mounting plugin SteamVR
LogPluginManager: Mounting plugin WebMMoviePlayer
LogPluginManager: Mounting plugin WindowsMoviePlayer
LogInit: Using libcurl 7.55.1-DEV
LogInit:  - built for x86_64-pc-win32
LogInit:  - supports SSL with OpenSSL/1.1.1
LogInit:  - supports HTTP deflate (compression) using libz 1.2.8
LogInit:  - other features:
LogInit:      CURL_VERSION_SSL
LogInit:      CURL_VERSION_LIBZ
LogInit:      CURL_VERSION_IPV6
LogInit:      CURL_VERSION_ASYNCHDNS
LogInit:      CURL_VERSION_LARGEFILE
LogInit:      CURL_VERSION_IDN
LogInit:  CurlRequestOptions (configurable via config and command line):
LogInit:  - bVerifyPeer = true  - Libcurl will verify peer certificate
LogInit:  - bUseHttpProxy = false  - Libcurl will NOT use HTTP proxy
LogInit:  - bDontReuseConnections = false  - Libcurl will reuse connections
LogInit:  - MaxHostConnections = 16  - Libcurl will limit the number of connections to a host
LogInit:  - LocalHostAddr = Default
LogInit:  - BufferSize = 65536
LogInit: WinSock: version 1.1 (2.2), MaxSocks=32767, MaxUdp=65467
LogInit: Build: ++UE4+Release-4.22-CL-7053642
LogInit: Engine Version: 4.22.3-7053642+++UE4+Release-4.22
LogInit: Compatible Engine Version: 4.22.0-5660361+++UE4+Release-4.22
LogInit: Net CL: 5660361
LogInit: OS: Windows 10 (Release 1809) (), CPU: Intel(R) Core(TM) i7-6800K CPU @ 3.40GHz, GPU: NVIDIA GeForce GTX 1080
LogInit: Compiled (64-bit): Jun 18 2019 03:09:11
LogInit: Compiled with Visual C++: 19.16.27025.01
LogInit: Build Configuration: Development
LogInit: Branch Name: ++UE4+Release-4.22
LogInit: Command Line: 
LogInit: Base Directory: C:/Program Files/Epic Games/UE_4.22/Engine/Binaries/Win64/
LogInit: Installed Engine Build: 1
LogDevObjectVersion: Number of dev versions registered: 23
LogDevObjectVersion:   Dev-Blueprints (B0D832E4-1F89-4F0D-ACCF-7EB736FD4AA2): 10
LogDevObjectVersion:   Dev-Build (E1C64328-A22C-4D53-A36C-8E866417BD8C): 0
LogDevObjectVersion:   Dev-Core (375EC13C-06E4-48FB-B500-84F0262A717E): 3
LogDevObjectVersion:   Dev-Editor (E4B068ED-F494-42E9-A231-DA0B2E46BB41): 30
LogDevObjectVersion:   Dev-Framework (CFFC743F-43B0-4480-9391-14DF171D2073): 35
LogDevObjectVersion:   Dev-Mobile (B02B49B5-BB20-44E9-A304-32B752E40360): 2
LogDevObjectVersion:   Dev-Networking (A4E4105C-59A1-49B5-A7C5-40C4547EDFEE): 0
LogDevObjectVersion:   Dev-Online (39C831C9-5AE6-47DC-9A44-9C173E1C8E7C): 0
LogDevObjectVersion:   Dev-Physics (78F01B33-EBEA-4F98-B9B4-84EACCB95AA2): 0
LogDevObjectVersion:   Dev-Platform (6631380F-2D4D-43E0-8009-CF276956A95A): 0
LogDevObjectVersion:   Dev-Rendering (12F88B9F-8875-4AFC-A67C-D90C383ABD29): 28
LogDevObjectVersion:   Dev-Sequencer (7B5AE74C-D270-4C10-A958-57980B212A5A): 11
LogDevObjectVersion:   Dev-VR (D7296918-1DD6-4BDD-9DE2-64A83CC13884): 2
LogDevObjectVersion:   Dev-LoadTimes (C2A15278-BFE7-4AFE-6C17-90FF531DF755): 1
LogDevObjectVersion:   Private-Geometry (6EACA3D4-40EC-4CC1-B786-8BED09428FC5): 3
LogDevObjectVersion:   Dev-AnimPhys (29E575DD-E0A3-4627-9D10-D276232CDCEA): 17
LogDevObjectVersion:   Dev-Anim (AF43A65D-7FD3-4947-9873-3E8ED9C1BB05): 2
LogDevObjectVersion:   Dev-ReflectionCapture (6B266CEC-1EC7-4B8F-A30B-E4D90942FC07): 1
LogDevObjectVersion:   Dev-Automation (0DF73D61-A23F-47EA-B727-89E90C41499A): 1
LogDevObjectVersion:   FortniteMain (601D1886-AC64-4F84-AA16-D3DE0DEAC7D6): 25
LogDevObjectVersion:   Dev-Enterprise (9DFFBCD6-494F-0158-E221-12823C92A888): 6
LogDevObjectVersion:   Dev-Niagara (F2AED0AC-9AFE-416F-8664-AA7FFA26D6FC): 1
LogDevObjectVersion:   Dev-Destruction (174F1F0B-B4C6-45A5-B13F-2EE8D0FB917D): 2
LogInit: Presizing for max 16777216 objects, including 0 objects not considered by GC, pre-allocating 0 bytes for permanent pool.
LogInit: Object subsystem initialized
LogConfig: Setting CVar [[con.DebugEarlyDefault:1]]
LogConfig: Setting CVar [[r.setres:1280x720]]
[2019.07.20-04.14.11:687][  0]LogConfig: Setting CVar [[r.VSync:0]]
[2019.07.20-04.14.11:687][  0]LogConfig: Setting CVar [[r.RHICmdBypass:0]]
[2019.07.20-04.14.11:687][  0]LogConfig: Applying CVar settings from Section [/Script/Engine.RendererSettings] File [C:/Users/Schreiber/Documents/Unreal Projects/TPS TEST ZONE - Copy/Saved/Config/Windows/Engine.ini]
[2019.07.20-04.14.11:687][  0]LogConfig: Setting CVar [[r.GPUCrashDebugging:0]]
[2019.07.20-04.14.11:687][  0]LogConfig: Applying CVar settings from Section [/Script/Engine.RendererOverrideSettings] File [C:/Users/Schreiber/Documents/Unreal Projects/TPS TEST ZONE - Copy/Saved/Config/Windows/Engine.ini]
[2019.07.20-04.14.11:687][  0]LogConfig: Applying CVar settings from Section [/Script/Engine.StreamingSettings] File [C:/Users/Schreiber/Documents/Unreal Projects/TPS TEST ZONE - Copy/Saved/Config/Windows/Engine.ini]
[2019.07.20-04.14.11:687][  0]LogConfig: Setting CVar [[s.MinBulkDataSizeForAsyncLoading:131072]]
[2019.07.20-04.14.11:688][  0]LogConfig: Setting CVar [[s.AsyncLoadingThreadEnabled:0]]
[2019.07.20-04.14.11:688][  0]LogConfig: Setting CVar [[s.EventDrivenLoaderEnabled:1]]
[2019.07.20-04.14.11:688][  0]LogConfig: Setting CVar [[s.WarnIfTimeLimitExceeded:0]]
[2019.07.20-04.14.11:688][  0]LogConfig: Setting CVar [[s.TimeLimitExceededMultiplier:1.5]]
[2019.07.20-04.14.11:688][  0]LogConfig: Setting CVar [[s.TimeLimitExceededMinTime:0.005]]
[2019.07.20-04.14.11:688][  0]LogConfig: Setting CVar [[s.UseBackgroundLevelStreaming:1]]
[2019.07.20-04.14.11:688][  0]LogConfig: Setting CVar [[s.PriorityAsyncLoadingExtraTime:15.0]]
[2019.07.20-04.14.11:688][  0]LogConfig: Setting CVar [[s.LevelStreamingActorsUpdateTimeLimit:5.0]]
[2019.07.20-04.14.11:688][  0]LogConfig: Setting CVar [[s.PriorityLevelStreamingActorsUpdateExtraTime:5.0]]
[2019.07.20-04.14.11:688][  0]LogConfig: Setting CVar [[s.LevelStreamingComponentsRegistrationGranularity:10]]
[2019.07.20-04.14.11:688][  0]LogConfig: Setting CVar [[s.UnregisterComponentsTimeLimit:1.0]]
[2019.07.20-04.14.11:688][  0]LogConfig: Setting CVar [[s.LevelStreamingComponentsUnregistrationGranularity:5]]
[2019.07.20-04.14.11:688][  0]LogConfig: Applying CVar settings from Section [/Script/Engine.GarbageCollectionSettings] File [C:/Users/Schreiber/Documents/Unreal Projects/TPS TEST ZONE - Copy/Saved/Config/Windows/Engine.ini]
[2019.07.20-04.14.11:688][  0]LogConfig: Setting CVar [[gc.MaxObjectsNotConsideredByGC:1]]
[2019.07.20-04.14.11:688][  0]LogConfig: Setting CVar [[gc.SizeOfPermanentObjectPool:0]]
[2019.07.20-04.14.11:688][  0]LogConfig: Setting CVar [[gc.FlushStreamingOnGC:0]]
[2019.07.20-04.14.11:688][  0]LogConfig: Setting CVar [[gc.NumRetriesBeforeForcingGC:10]]
[2019.07.20-04.14.11:688][  0]LogConfig: Setting CVar [[gc.AllowParallelGC:1]]
[2019.07.20-04.14.11:688][  0]LogConfig: Setting CVar [[gc.TimeBetweenPurgingPendingKillObjects:61.1]]
[2019.07.20-04.14.11:688][  0]LogConfig: Setting CVar [[gc.MaxObjectsInEditor:16777216]]
[2019.07.20-04.14.11:688][  0]LogConfig: Setting CVar [[gc.IncrementalBeginDestroyEnabled:1]]
[2019.07.20-04.14.11:688][  0]LogConfig: Setting CVar [[gc.CreateGCClusters:1]]
[2019.07.20-04.14.11:688][  0]LogConfig: Setting CVar [[gc.MinGCClusterSize:5]]
[2019.07.20-04.14.11:688][  0]LogConfig: Setting CVar [[gc.ActorClusteringEnabled:0]]
[2019.07.20-04.14.11:688][  0]LogConfig: Setting CVar [[gc.BlueprintClusteringEnabled:0]]
[2019.07.20-04.14.11:688][  0]LogConfig: Setting CVar [[gc.UseDisregardForGCOnDedicatedServers:0]]
[2019.07.20-04.14.11:688][  0]LogConfig: Applying CVar settings from Section [/Script/Engine.NetworkSettings] File [C:/Users/Schreiber/Documents/Unreal Projects/TPS TEST ZONE - Copy/Saved/Config/Windows/Engine.ini]
[2019.07.20-04.14.11:688][  0]LogConfig: Applying CVar settings from Section [/Script/UnrealEd.CookerSettings] File [C:/Users/Schreiber/Documents/Unreal Projects/TPS TEST ZONE - Copy/Saved/Config/Windows/Engine.ini]
[2019.07.20-04.14.11:697][  0]LogConfig: Applying CVar settings from Section [ViewDistanceQuality@3] File [C:/Users/Schreiber/Documents/Unreal Projects/TPS TEST ZONE - Copy/Saved/Config/Windows/Scalability.ini]
[2019.07.20-04.14.11:697][  0]LogConfig: Setting CVar [[r.SkeletalMeshLODBias:0]]
[2019.07.20-04.14.11:697][  0]LogConfig: Setting CVar [[r.ViewDistanceScale:1.0]]
[2019.07.20-04.14.11:697][  0]LogConfig: Applying CVar settings from Section [AntiAliasingQuality@3] File [C:/Users/Schreiber/Documents/Unreal Projects/TPS TEST ZONE - Copy/Saved/Config/Windows/Scalability.ini]
[2019.07.20-04.14.11:697][  0]LogConfig: Setting CVar [[r.PostProcessAAQuality:4]]
[2019.07.20-04.14.11:697][  0]LogConfig: Applying CVar settings from Section [ShadowQuality@3] File [C:/Users/Schreiber/Documents/Unreal Projects/TPS TEST ZONE - Copy/Saved/Config/Windows/Scalability.ini]
[2019.07.20-04.14.11:697][  0]LogConfig: Setting CVar [[r.LightFunctionQuality:1]]
[2019.07.20-04.14.11:697][  0]LogConfig: Setting CVar [[r.ShadowQuality:5]]
[2019.07.20-04.14.11:697][  0]LogConfig: Setting CVar [[r.Shadow.CSM.MaxCascades:10]]
[2019.07.20-04.14.11:697][  0]LogConfig: Setting CVar [[r.Shadow.MaxResolution:2048]]
[2019.07.20-04.14.11:697][  0]LogConfig: Setting CVar [[r.Shadow.MaxCSMResolution:2048]]
[2019.07.20-04.14.11:697][  0]LogConfig: Setting CVar [[r.Shadow.RadiusThreshold:0.01]]
[2019.07.20-04.14.11:698][  0]LogConfig: Setting CVar [[r.Shadow.DistanceScale:1.0]]
[2019.07.20-04.14.11:698][  0]LogConfig: Setting CVar [[r.Shadow.CSM.TransitionScale:1.0]]
[2019.07.20-04.14.11:698][  0]LogConfig: Setting CVar [[r.Shadow.PreShadowResolutionFactor:1.0]]
[2019.07.20-04.14.11:698][  0]LogConfig: Setting CVar [[r.DistanceFieldShadowing:1]]
[2019.07.20-04.14.11:698][  0]LogConfig: Setting CVar [[r.DistanceFieldAO:1]]
[2019.07.20-04.14.11:698][  0]LogConfig: Setting CVar [[r.AOQuality:2]]
[2019.07.20-04.14.11:698][  0]LogConfig: Setting CVar [[r.VolumetricFog:1]]
[2019.07.20-04.14.11:698][  0]LogConfig: Setting CVar [[r.VolumetricFog.GridPixelSize:8]]
[2019.07.20-04.14.11:698][  0]LogConfig: Setting CVar [[r.VolumetricFog.GridSizeZ:128]]
[2019.07.20-04.14.11:698][  0]LogConfig: Setting CVar [[r.VolumetricFog.HistoryMissSupersampleCount:4]]
[2019.07.20-04.14.11:698][  0]LogConfig: Setting CVar [[r.LightMaxDrawDistanceScale:1]]
[2019.07.20-04.14.11:698][  0]LogConfig: Setting CVar [[r.CapsuleShadows:1]]
[2019.07.20-04.14.11:698][  0]LogConfig: Applying CVar settings from Section [PostProcessQuality@3] File [C:/Users/Schreiber/Documents/Unreal Projects/TPS TEST ZONE - Copy/Saved/Config/Windows/Scalability.ini]
[2019.07.20-04.14.11:698][  0]LogConfig: Setting CVar [[r.MotionBlurQuality:4]]
[2019.07.20-04.14.11:698][  0]LogConfig: Setting CVar [[r.AmbientOcclusionMipLevelFactor:0.4]]
[2019.07.20-04.14.11:698][  0]LogConfig: Setting CVar [[r.AmbientOcclusionMaxQuality:100]]
[2019.07.20-04.14.11:698][  0]LogConfig: Setting CVar [[r.AmbientOcclusionLevels:-1]]
[2019.07.20-04.14.11:698][  0]LogConfig: Setting CVar [[r.AmbientOcclusionRadiusScale:1.0]]
[2019.07.20-04.14.11:698][  0]LogConfig: Setting CVar [[r.DepthOfFieldQuality:2]]
[2019.07.20-04.14.11:698][  0]LogConfig: Setting CVar [[r.RenderTargetPoolMin:400]]
[2019.07.20-04.14.11:698][  0]LogConfig: Setting CVar [[r.LensFlareQuality:2]]
[2019.07.20-04.14.11:698][  0]LogConfig: Setting CVar [[r.SceneColorFringeQuality:1]]
[2019.07.20-04.14.11:698][  0]LogConfig: Setting CVar [[r.EyeAdaptationQuality:2]]
[2019.07.20-04.14.11:698][  0]LogConfig: Setting CVar [[r.BloomQuality:5]]
[2019.07.20-04.14.11:698][  0]LogConfig: Setting CVar [[r.FastBlurThreshold:100]]
[2019.07.20-04.14.11:698][  0]LogConfig: Setting CVar [[r.Upscale.Quality:3]]
[2019.07.20-04.14.11:698][  0]LogConfig: Setting CVar [[r.Tonemapper.GrainQuantization:1]]
[2019.07.20-04.14.11:698][  0]LogConfig: Setting CVar [[r.LightShaftQuality:1]]
[2019.07.20-04.14.11:698][  0]LogConfig: Setting CVar [[r.Filter.SizeScale:1]]
[2019.07.20-04.14.11:698][  0]LogConfig: Setting CVar [[r.Tonemapper.Quality:5]]
[2019.07.20-04.14.11:698][  0]LogConfig: Setting CVar [[r.DOF.Gather.AccumulatorQuality:1        ; higher gathering accumulator quality]]
[2019.07.20-04.14.11:698][  0]LogConfig: Setting CVar [[r.DOF.Gather.PostfilterMethod:1          ; Median3x3 postfilering method]]
[2019.07.20-04.14.11:698][  0]LogConfig: Setting CVar [[r.DOF.Gather.EnableBokehSettings:0       ; no bokeh simulation when gathering]]
[2019.07.20-04.14.11:698][  0]LogConfig: Setting CVar [[r.DOF.Gather.RingCount:4                 ; medium number of samples when gathering]]
[2019.07.20-04.14.11:698][  0]LogConfig: Setting CVar [[r.DOF.Scatter.ForegroundCompositing:1    ; additive foreground scattering]]
[2019.07.20-04.14.11:698][  0]LogConfig: Setting CVar [[r.DOF.Scatter.BackgroundCompositing:2    ; additive background scattering]]
[2019.07.20-04.14.11:698][  0]LogConfig: Setting CVar [[r.DOF.Scatter.EnableBokehSettings:1      ; bokeh simulation when scattering]]
[2019.07.20-04.14.11:698][  0]LogConfig: Setting CVar [[r.DOF.Scatter.MaxSpriteRatio:0.1         ; only a maximum of 10% of scattered bokeh]]
[2019.07.20-04.14.11:698][  0]LogConfig: Setting CVar [[r.DOF.Recombine.Quality:1                ; cheap slight out of focus]]
[2019.07.20-04.14.11:698][  0]LogConfig: Setting CVar [[r.DOF.Recombine.EnableBokehSettings:0    ; no bokeh simulation on slight out of focus]]
[2019.07.20-04.14.11:698][  0]LogConfig: Setting CVar [[r.DOF.TemporalAAQuality:1                ; more stable temporal accumulation]]
[2019.07.20-04.14.11:698][  0]LogConfig: Setting CVar [[r.DOF.Kernel.MaxForegroundRadius:0.025]]
[2019.07.20-04.14.11:698][  0]LogConfig: Setting CVar [[r.DOF.Kernel.MaxBackgroundRadius:0.025]]
[2019.07.20-04.14.11:698][  0]LogConfig: Applying CVar settings from Section [TextureQuality@3] File [C:/Users/Schreiber/Documents/Unreal Projects/TPS TEST ZONE - Copy/Saved/Config/Windows/Scalability.ini]
[2019.07.20-04.14.11:698][  0]LogConfig: Setting CVar [[r.Streaming.MipBias:0]]
[2019.07.20-04.14.11:698][  0]LogConfig: Setting CVar [[r.Streaming.AmortizeCPUToGPUCopy:0]]
[2019.07.20-04.14.11:698][  0]LogConfig: Setting CVar [[r.Streaming.MaxNumTexturesToStreamPerFrame:0]]
[2019.07.20-04.14.11:698][  0]LogConfig: Setting CVar [[r.Streaming.Boost:1]]
[2019.07.20-04.14.11:698][  0]LogConfig: Setting CVar [[r.MaxAnisotropy:8]]
[2019.07.20-04.14.11:698][  0]LogConfig: Setting CVar [[r.Streaming.LimitPoolSizeToVRAM:0]]
[2019.07.20-04.14.11:698][  0]LogConfig: Setting CVar [[r.Streaming.PoolSize:1000]]
[2019.07.20-04.14.11:698][  0]LogConfig: Setting CVar [[r.Streaming.MaxEffectiveScreenSize:0]]
[2019.07.20-04.14.11:698][  0]LogConfig: Applying CVar settings from Section [EffectsQuality@3] File [C:/Users/Schreiber/Documents/Unreal Projects/TPS TEST ZONE - Copy/Saved/Config/Windows/Scalability.ini]
[2019.07.20-04.14.11:698][  0]LogConfig: Setting CVar [[r.TranslucencyLightingVolumeDim:64]]
[2019.07.20-04.14.11:698][  0]LogConfig: Setting CVar [[r.RefractionQuality:2]]
[2019.07.20-04.14.11:698][  0]LogConfig: Setting CVar [[r.SSR.Quality:3]]
[2019.07.20-04.14.11:698][  0]LogConfig: Setting CVar [[r.SceneColorFormat:4]]
[2019.07.20-04.14.11:698][  0]LogConfig: Setting CVar [[r.DetailMode:2]]
[2019.07.20-04.14.11:698][  0]LogConfig: Setting CVar [[r.TranslucencyVolumeBlur:1]]
[2019.07.20-04.14.11:698][  0]LogConfig: Setting CVar [[r.MaterialQualityLevel:1 ; High quality]]
[2019.07.20-04.14.11:698][  0]LogConfig: Setting CVar [[r.SSS.Scale:1]]
[2019.07.20-04.14.11:698][  0]LogConfig: Setting CVar [[r.SSS.SampleSet:2]]
[2019.07.20-04.14.11:698][  0]LogConfig: Setting CVar [[r.SSS.Quality:1]]
[2019.07.20-04.14.11:698][  0]LogConfig: Setting CVar [[r.SSS.HalfRes:1]]
[2019.07.20-04.14.11:698][  0]LogConfig: Setting CVar [[r.EmitterSpawnRateScale:1.0]]
[2019.07.20-04.14.11:698][  0]LogConfig: Setting CVar [[r.ParticleLightQuality:2]]
[2019.07.20-04.14.11:698][  0]LogConfig: Applying CVar settings from Section [FoliageQuality@3] File [C:/Users/Schreiber/Documents/Unreal Projects/TPS TEST ZONE - Copy/Saved/Config/Windows/Scalability.ini]
[2019.07.20-04.14.11:698][  0]LogConfig: Setting CVar [[foliage.DensityScale:1.0]]
[2019.07.20-04.14.11:698][  0]LogConfig: Setting CVar [[grass.DensityScale:1.0]]
[2019.07.20-04.14.11:698][  0]LogInit: Selected Device Profile: [Windows]
[2019.07.20-04.14.11:698][  0]LogInit: Applying CVar settings loaded from the selected device profile: [Windows]
[2019.07.20-04.14.11:708][  0]LogHAL: Display: Platform has ~ 32 GB [34263347200 / 34359738368 / 32], which maps to Largest [LargestMinGB=32, LargerMinGB=12, DefaultMinGB=8, SmallerMinGB=6, SmallestMinGB=0)
[2019.07.20-04.14.11:708][  0]LogConfig: Setting CVar [[r.Vulkan.UseRealUBs:0		; Required until we fix HLR fall-out]]
[2019.07.20-04.14.11:708][  0]LogInit: Going up to parent DeviceProfile []
[2019.07.20-04.14.11:708][  0]LogConfig: Applying CVar settings from Section [ViewDistanceQuality@Cine] File [C:/Users/Schreiber/Documents/Unreal Projects/TPS TEST ZONE - Copy/Saved/Config/Windows/Scalability.ini]
[2019.07.20-04.14.11:708][  0]LogConfig: Setting CVar [[r.SkeletalMeshLODBias:0]]
[2019.07.20-04.14.11:708][  0]LogConfig: Setting CVar [[r.ViewDistanceScale:10.0]]
[2019.07.20-04.14.11:708][  0]LogConfig: Applying CVar settings from Section [AntiAliasingQuality@Cine] File [C:/Users/Schreiber/Documents/Unreal Projects/TPS TEST ZONE - Copy/Saved/Config/Windows/Scalability.ini]
[2019.07.20-04.14.11:708][  0]LogConfig: Setting CVar [[r.PostProcessAAQuality:6]]
[2019.07.20-04.14.11:708][  0]LogConfig: Applying CVar settings from Section [ShadowQuality@Cine] File [C:/Users/Schreiber/Documents/Unreal Projects/TPS TEST ZONE - Copy/Saved/Config/Windows/Scalability.ini]
[2019.07.20-04.14.11:708][  0]LogConfig: Setting CVar [[r.LightFunctionQuality:1]]
[2019.07.20-04.14.11:708][  0]LogConfig: Setting CVar [[r.ShadowQuality:5]]
[2019.07.20-04.14.11:708][  0]LogConfig: Setting CVar [[r.Shadow.CSM.MaxCascades:10]]
[2019.07.20-04.14.11:708][  0]LogConfig: Setting CVar [[r.Shadow.MaxResolution:4096]]
[2019.07.20-04.14.11:708][  0]LogConfig: Setting CVar [[r.Shadow.MaxCSMResolution:4096]]
[2019.07.20-04.14.11:708][  0]LogConfig: Setting CVar [[r.Shadow.RadiusThreshold:0]]
[2019.07.20-04.14.11:708][  0]LogConfig: Setting CVar [[r.Shadow.DistanceScale:1.0]]
[2019.07.20-04.14.11:708][  0]LogConfig: Setting CVar [[r.Shadow.CSM.TransitionScale:1.0]]
[2019.07.20-04.14.11:708][  0]LogConfig: Setting CVar [[r.Shadow.PreShadowResolutionFactor:1.0]]
[2019.07.20-04.14.11:708][  0]LogConfig: Setting CVar [[r.DistanceFieldShadowing:1]]
[2019.07.20-04.14.11:708][  0]LogConfig: Setting CVar [[r.DistanceFieldAO:1]]
[2019.07.20-04.14.11:708][  0]LogConfig: Setting CVar [[r.AOQuality:2]]
[2019.07.20-04.14.11:708][  0]LogConfig: Setting CVar [[r.VolumetricFog:1]]
[2019.07.20-04.14.11:708][  0]LogConfig: Setting CVar [[r.VolumetricFog.GridPixelSize:4]]
[2019.07.20-04.14.11:708][  0]LogConfig: Setting CVar [[r.VolumetricFog.GridSizeZ:128]]
[2019.07.20-04.14.11:708][  0]LogConfig: Setting CVar [[r.VolumetricFog.HistoryMissSupersampleCount:16]]
[2019.07.20-04.14.11:708][  0]LogConfig: Setting CVar [[r.LightMaxDrawDistanceScale:1]]
[2019.07.20-04.14.11:708][  0]LogConfig: Setting CVar [[r.CapsuleShadows:1]]
[2019.07.20-04.14.11:708][  0]LogConfig: Applying CVar settings from Section [PostProcessQuality@Cine] File [C:/Users/Schreiber/Documents/Unreal Projects/TPS TEST ZONE - Copy/Saved/Config/Windows/Scalability.ini]
[2019.07.20-04.14.11:708][  0]LogConfig: Setting CVar [[r.MotionBlurQuality:4]]
[2019.07.20-04.14.11:708][  0]LogConfig: Setting CVar [[r.AmbientOcclusionMipLevelFactor:0.4]]
[2019.07.20-04.14.11:708][  0]LogConfig: Setting CVar [[r.AmbientOcclusionMaxQuality:100]]
[2019.07.20-04.14.11:708][  0]LogConfig: Setting CVar [[r.AmbientOcclusionLevels:-1]]
[2019.07.20-04.14.11:708][  0]LogConfig: Setting CVar [[r.AmbientOcclusionRadiusScale:1.0]]
[2019.07.20-04.14.11:708][  0]LogConfig: Setting CVar [[r.DepthOfFieldQuality:4]]
[2019.07.20-04.14.11:709][  0]LogConfig: Setting CVar [[r.RenderTargetPoolMin:1000]]
[2019.07.20-04.14.11:709][  0]LogConfig: Setting CVar [[r.LensFlareQuality:3]]
[2019.07.20-04.14.11:709][  0]LogConfig: Setting CVar [[r.SceneColorFringeQuality:1]]
[2019.07.20-04.14.11:709][  0]LogConfig: Setting CVar [[r.EyeAdaptationQuality:2]]
[2019.07.20-04.14.11:709][  0]LogConfig: Setting CVar [[r.BloomQuality:5]]
[2019.07.20-04.14.11:709][  0]LogConfig: Setting CVar [[r.FastBlurThreshold:100]]
[2019.07.20-04.14.11:709][  0]LogConfig: Setting CVar [[r.Upscale.Quality:3]]
[2019.07.20-04.14.11:709][  0]LogConfig: Setting CVar [[r.Tonemapper.GrainQuantization:1]]
[2019.07.20-04.14.11:709][  0]LogConfig: Setting CVar [[r.LightShaftQuality:1]]
[2019.07.20-04.14.11:709][  0]LogConfig: Setting CVar [[r.Filter.SizeScale:1]]
[2019.07.20-04.14.11:709][  0]LogConfig: Setting CVar [[r.Tonemapper.Quality:5]]
[2019.07.20-04.14.11:709][  0]LogConfig: Setting CVar [[r.DOF.Gather.AccumulatorQuality:1        ; higher gathering accumulator quality]]
[2019.07.20-04.14.11:709][  0]LogConfig: Setting CVar [[r.DOF.Gather.PostfilterMethod:1          ; Median3x3 postfilering method]]
[2019.07.20-04.14.11:709][  0]LogConfig: Setting CVar [[r.DOF.Gather.EnableBokehSettings:1       ; bokeh simulation when gathering]]
[2019.07.20-04.14.11:709][  0]LogConfig: Setting CVar [[r.DOF.Gather.RingCount:5                 ; high number of samples when gathering]]
[2019.07.20-04.14.11:709][  0]LogConfig: Setting CVar [[r.DOF.Scatter.ForegroundCompositing:1    ; additive foreground scattering]]
[2019.07.20-04.14.11:709][  0]LogConfig: Setting CVar [[r.DOF.Scatter.BackgroundCompositing:2    ; background scattering occlusion]]
[2019.07.20-04.14.11:709][  0]LogConfig: Setting CVar [[r.DOF.Scatter.EnableBokehSettings:1      ; no bokeh simulation when scattering]]
[2019.07.20-04.14.11:709][  0]LogConfig: Setting CVar [[r.DOF.Scatter.MaxSpriteRatio:0.1         ; only a maximum of 10% of scattered bokeh]]
[2019.07.20-04.14.11:709][  0]LogConfig: Setting CVar [[r.DOF.Recombine.Quality:2                ; highest slight out of focus]]
[2019.07.20-04.14.11:709][  0]LogConfig: Setting CVar [[r.DOF.Recombine.EnableBokehSettings:1    ; bokeh simulation on slight out of focus]]
[2019.07.20-04.14.11:709][  0]LogConfig: Setting CVar [[r.DOF.TemporalAAQuality:1                ; more stable temporal accumulation]]
[2019.07.20-04.14.11:709][  0]LogConfig: Setting CVar [[r.DOF.Kernel.MaxForegroundRadius:0.025]]
[2019.07.20-04.14.11:709][  0]LogConfig: Setting CVar [[r.DOF.Kernel.MaxBackgroundRadius:0.025]]
[2019.07.20-04.14.11:709][  0]LogConfig: Applying CVar settings from Section [TextureQuality@Cine] File [C:/Users/Schreiber/Documents/Unreal Projects/TPS TEST ZONE - Copy/Saved/Config/Windows/Scalability.ini]
[2019.07.20-04.14.11:709][  0]LogConfig: Setting CVar [[r.Streaming.MipBias:0]]
[2019.07.20-04.14.11:709][  0]LogConfig: Setting CVar [[r.Streaming.AmortizeCPUToGPUCopy:0]]
[2019.07.20-04.14.11:709][  0]LogConfig: Setting CVar [[r.Streaming.MaxNumTexturesToStreamPerFrame:0]]
[2019.07.20-04.14.11:709][  0]LogConfig: Setting CVar [[r.Streaming.Boost:1]]
[2019.07.20-04.14.11:709][  0]LogConfig: Setting CVar [[r.MaxAnisotropy:8]]
[2019.07.20-04.14.11:709][  0]LogConfig: Setting CVar [[r.Streaming.LimitPoolSizeToVRAM:0]]
[2019.07.20-04.14.11:709][  0]LogConfig: Setting CVar [[r.Streaming.PoolSize:3000]]
[2019.07.20-04.14.11:709][  0]LogConfig: Setting CVar [[r.Streaming.MaxEffectiveScreenSize:0]]
[2019.07.20-04.14.11:709][  0]LogConfig: Applying CVar settings from Section [EffectsQuality@Cine] File [C:/Users/Schreiber/Documents/Unreal Projects/TPS TEST ZONE - Copy/Saved/Config/Windows/Scalability.ini]
[2019.07.20-04.14.11:709][  0]LogConfig: Setting CVar [[r.TranslucencyLightingVolumeDim:64]]
[2019.07.20-04.14.11:709][  0]LogConfig: Setting CVar [[r.RefractionQuality:2]]
[2019.07.20-04.14.11:709][  0]LogConfig: Setting CVar [[r.SSR.Quality:4]]
[2019.07.20-04.14.11:709][  0]LogConfig: Setting CVar [[r.SceneColorFormat:4]]
[2019.07.20-04.14.11:709][  0]LogConfig: Setting CVar [[r.DetailMode:2]]
[2019.07.20-04.14.11:709][  0]LogConfig: Setting CVar [[r.TranslucencyVolumeBlur:1]]
[2019.07.20-04.14.11:709][  0]LogConfig: Setting CVar [[r.MaterialQualityLevel:1 ; High quality]]
[2019.07.20-04.14.11:709][  0]LogConfig: Setting CVar [[r.SSS.Scale:1]]
[2019.07.20-04.14.11:709][  0]LogConfig: Setting CVar [[r.SSS.SampleSet:2]]
[2019.07.20-04.14.11:709][  0]LogConfig: Setting CVar [[r.SSS.Quality:1]]
[2019.07.20-04.14.11:709][  0]LogConfig: Setting CVar [[r.SSS.HalfRes:0]]
[2019.07.20-04.14.11:709][  0]LogConfig: Setting CVar [[r.EmitterSpawnRateScale:1.0]]
[2019.07.20-04.14.11:709][  0]LogConfig: Setting CVar [[r.ParticleLightQuality:2]]
[2019.07.20-04.14.11:709][  0]LogConfig: Applying CVar settings from Section [FoliageQuality@Cine] File [C:/Users/Schreiber/Documents/Unreal Projects/TPS TEST ZONE - Copy/Saved/Config/Windows/Scalability.ini]
[2019.07.20-04.14.11:709][  0]LogConfig: Setting CVar [[foliage.DensityScale:1.0]]
[2019.07.20-04.14.11:709][  0]LogConfig: Setting CVar [[grass.DensityScale:1.0]]
[2019.07.20-04.14.11:709][  0]LogConfig: Applying CVar settings from Section [Startup] File [../../../Engine/Config/ConsoleVariables.ini]
[2019.07.20-04.14.11:709][  0]LogConfig: Setting CVar [[net.UseAdaptiveNetUpdateFrequency:0]]
[2019.07.20-04.14.11:709][  0]LogConfig: Setting CVar [[p.chaos.AllowCreatePhysxBodies:1]]
[2019.07.20-04.14.11:709][  0]LogConfig: Applying CVar settings from Section [ConsoleVariables] File [C:/Users/Schreiber/Documents/Unreal Projects/TPS TEST ZONE - Copy/Saved/Config/Windows/Engine.ini]
[2019.07.20-04.14.11:710][  0]LogInit: Computer: ANTHONY
[2019.07.20-04.14.11:710][  0]LogInit: User: Schreiber
[2019.07.20-04.14.11:710][  0]LogInit: CPU Page size=4096, Cores=6
[2019.07.20-04.14.11:710][  0]LogInit: High frequency timer resolution =10.000000 MHz
[2019.07.20-04.14.11:710][  0]LogMemory: Memory total: Physical=31.9GB (32GB approx)
[2019.07.20-04.14.11:710][  0]LogMemory: Platform Memory Stats for Windows
[2019.07.20-04.14.11:710][  0]LogMemory: Process Physical Memory: 99.12 MB used, 99.12 MB peak
[2019.07.20-04.14.11:710][  0]LogMemory: Process Virtual Memory: 90.28 MB used, 90.28 MB peak
[2019.07.20-04.14.11:710][  0]LogMemory: Physical Memory: 12908.34 MB used,  19767.73 MB free, 32676.07 MB total
[2019.07.20-04.14.11:710][  0]LogMemory: Virtual Memory: 4660.38 MB used,  134213064.00 MB free, 134217728.00 MB total
[2019.07.20-04.14.11:743][  0]LogInit: Using OS detected language (en-US).
[2019.07.20-04.14.11:743][  0]LogInit: Using OS detected locale (en-US).
[2019.07.20-04.14.11:745][  0]LogTextLocalizationManager: No specific localization for 'en-US' exists, so the 'en' localization will be used.
[2019.07.20-04.14.11:916][  0]LogInit: Setting process to per monitor DPI aware
[2019.07.20-04.14.11:957][  0]LogSlate: New Slate User Created.  User Index 0, Is Virtual User: 0
[2019.07.20-04.14.11:957][  0]LogSlate: Slate User Registered.  User Index 0, Is Virtual User: 0
[2019.07.20-04.14.12:209][  0]LogHMD: Failed to initialize OpenVR with code 110
[2019.07.20-04.14.12:209][  0]LogD3D11RHI: D3D11 adapters:
[2019.07.20-04.14.12:309][  0]LogD3D11RHI:    0. 'NVIDIA GeForce GTX 1080' (Feature Level 11_0)
[2019.07.20-04.14.12:309][  0]LogD3D11RHI:       8079/0/16338 MB DedicatedVideo/DedicatedSystem/SharedSystem, Outputs:2, VendorId:0x10de
[2019.07.20-04.14.12:316][  0]LogD3D11RHI:    1. 'Microsoft Basic Render Driver' (Feature Level 11_0)
[2019.07.20-04.14.12:316][  0]LogD3D11RHI:       0/0/16338 MB DedicatedVideo/DedicatedSystem/SharedSystem, Outputs:0, VendorId:0x1414
[2019.07.20-04.14.12:316][  0]LogD3D11RHI: Chosen D3D11 Adapter: 0
[2019.07.20-04.14.12:323][  0]LogD3D11RHI: Creating new Direct3DDevice
[2019.07.20-04.14.12:323][  0]LogD3D11RHI:     GPU DeviceId: 0x1b80 (for the marketing name, search the web for "GPU Device Id")
[2019.07.20-04.14.12:323][  0]LogWindows: EnumDisplayDevices:
[2019.07.20-04.14.12:323][  0]LogWindows:    0. 'NVIDIA GeForce GTX 1080' (P:1 D:1)
[2019.07.20-04.14.12:324][  0]LogWindows:    1. 'NVIDIA GeForce GTX 1080' (P:0 D:1)
[2019.07.20-04.14.12:325][  0]LogWindows:    2. 'NVIDIA GeForce GTX 1080' (P:0 D:0)
[2019.07.20-04.14.12:325][  0]LogWindows:    3. 'NVIDIA GeForce GTX 1080' (P:0 D:0)
[2019.07.20-04.14.12:326][  0]LogWindows: DebugString: FoundDriverCount:4 
[2019.07.20-04.14.12:326][  0]LogD3D11RHI:     Adapter Name: NVIDIA GeForce GTX 1080
[2019.07.20-04.14.12:326][  0]LogD3D11RHI:   Driver Version: 431.36 (internal:26.21.14.3136, unified:431.36)
[2019.07.20-04.14.12:326][  0]LogD3D11RHI:      Driver Date: 7-3-2019
[2019.07.20-04.14.12:326][  0]LogRHI: Texture pool is 5655 MB (70% of 8079 MB)
[2019.07.20-04.14.12:418][  0]LogD3D11RHI: Async texture creation enabled
[2019.07.20-04.14.12:431][  0]LogRendererCore: FGlobalReadBuffer::InitRHI
[2019.07.20-04.14.12:431][  0]LogRendererCore: FGlobalReadBuffer::InitRHI
[2019.07.20-04.14.12:431][  0]LogRendererCore: FGlobalReadBuffer::InitRHI
[2019.07.20-04.14.12:445][  0]LogD3D11RHI: GPU Timing Frequency: 1000.000000 (Debug: 2 2)
[2019.07.20-04.14.12:982][  0]LogTemp: Display: Module 'AllDesktopTargetPlatform' loaded TargetPlatform 'AllDesktop'
[2019.07.20-04.14.13:002][  0]LogTemp: Display: Module 'MacClientTargetPlatform' loaded TargetPlatform 'MacClient'
[2019.07.20-04.14.13:019][  0]LogTemp: Display: Module 'MacNoEditorTargetPlatform' loaded TargetPlatform 'MacNoEditor'
[2019.07.20-04.14.13:036][  0]LogTemp: Display: Module 'MacServerTargetPlatform' loaded TargetPlatform 'MacServer'
[2019.07.20-04.14.13:053][  0]LogTemp: Display: Module 'MacTargetPlatform' loaded TargetPlatform 'Mac'
[2019.07.20-04.14.13:070][  0]LogTemp: Display: Module 'WindowsClientTargetPlatform' loaded TargetPlatform 'WindowsClient'
[2019.07.20-04.14.13:086][  0]LogTemp: Display: Module 'WindowsNoEditorTargetPlatform' loaded TargetPlatform 'WindowsNoEditor'
[2019.07.20-04.14.13:104][  0]LogTemp: Display: Module 'WindowsServerTargetPlatform' loaded TargetPlatform 'WindowsServer'
[2019.07.20-04.14.13:112][  0]LogTemp: Display: Module 'WindowsTargetPlatform' loaded TargetPlatform 'Windows'
[2019.07.20-04.14.13:201][  0]LogTemp: Display: Module 'AndroidTargetPlatform' loaded TargetPlatform 'Android'
[2019.07.20-04.14.13:201][  0]LogTemp: Display: Module 'AndroidTargetPlatform' loaded TargetPlatform 'Android_ASTC'
[2019.07.20-04.14.13:201][  0]LogTemp: Display: Module 'AndroidTargetPlatform' loaded TargetPlatform 'Android_ATC'
[2019.07.20-04.14.13:201][  0]LogTemp: Display: Module 'AndroidTargetPlatform' loaded TargetPlatform 'Android_DXT'
[2019.07.20-04.14.13:201][  0]LogTemp: Display: Module 'AndroidTargetPlatform' loaded TargetPlatform 'Android_ETC1'
[2019.07.20-04.14.13:201][  0]LogTemp: Display: Module 'AndroidTargetPlatform' loaded TargetPlatform 'Android_ETC1a'
[2019.07.20-04.14.13:201][  0]LogTemp: Display: Module 'AndroidTargetPlatform' loaded TargetPlatform 'Android_ETC2'
[2019.07.20-04.14.13:201][  0]LogTemp: Display: Module 'AndroidTargetPlatform' loaded TargetPlatform 'Android_PVRTC'
[2019.07.20-04.14.13:201][  0]LogTemp: Display: Module 'AndroidTargetPlatform' loaded TargetPlatform 'AndroidClient'
[2019.07.20-04.14.13:201][  0]LogTemp: Display: Module 'AndroidTargetPlatform' loaded TargetPlatform 'Android_ASTCClient'
[2019.07.20-04.14.13:201][  0]LogTemp: Display: Module 'AndroidTargetPlatform' loaded TargetPlatform 'Android_ATCClient'
[2019.07.20-04.14.13:201][  0]LogTemp: Display: Module 'AndroidTargetPlatform' loaded TargetPlatform 'Android_DXTClient'
[2019.07.20-04.14.13:201][  0]LogTemp: Display: Module 'AndroidTargetPlatform' loaded TargetPlatform 'Android_ETC1Client'
[2019.07.20-04.14.13:201][  0]LogTemp: Display: Module 'AndroidTargetPlatform' loaded TargetPlatform 'Android_ETC1aClient'
[2019.07.20-04.14.13:201][  0]LogTemp: Display: Module 'AndroidTargetPlatform' loaded TargetPlatform 'Android_ETC2Client'
[2019.07.20-04.14.13:201][  0]LogTemp: Display: Module 'AndroidTargetPlatform' loaded TargetPlatform 'Android_PVRTCClient'
[2019.07.20-04.14.13:201][  0]LogTemp: Display: Module 'AndroidTargetPlatform' loaded TargetPlatform 'Android_Multi'
[2019.07.20-04.14.13:201][  0]LogTemp: Display: Module 'AndroidTargetPlatform' loaded TargetPlatform 'Android_MultiClient'
[2019.07.20-04.14.13:204][  0]LogTemp: Display: Module 'HTML5TargetPlatform' loaded TargetPlatform 'HTML5'
[2019.07.20-04.14.13:261][  0]LogTemp: Display: Module 'IOSTargetPlatform' loaded TargetPlatform 'IOSClient'
[2019.07.20-04.14.13:261][  0]LogTemp: Display: Module 'IOSTargetPlatform' loaded TargetPlatform 'IOS'
[2019.07.20-04.14.13:289][  0]LogTemp: Display: Module 'TVOSTargetPlatform' loaded TargetPlatform 'TVOSClient'
[2019.07.20-04.14.13:289][  0]LogTemp: Display: Module 'TVOSTargetPlatform' loaded TargetPlatform 'TVOS'
[2019.07.20-04.14.13:303][  0]LogTemp: Display: Module 'LinuxClientTargetPlatform' loaded TargetPlatform 'LinuxClient'
[2019.07.20-04.14.13:318][  0]LogTemp: Display: Module 'LinuxNoEditorTargetPlatform' loaded TargetPlatform 'LinuxNoEditor'
[2019.07.20-04.14.13:332][  0]LogTemp: Display: Module 'LinuxServerTargetPlatform' loaded TargetPlatform 'LinuxServer'
[2019.07.20-04.14.13:347][  0]LogTemp: Display: Module 'LinuxTargetPlatform' loaded TargetPlatform 'Linux'
[2019.07.20-04.14.13:398][  0]LogTemp: Display: Module 'LuminTargetPlatform' loaded TargetPlatform 'Lumin'
[2019.07.20-04.14.13:398][  0]LogTemp: Display: Module 'LuminTargetPlatform' loaded TargetPlatform 'LuminClient'
[2019.07.20-04.14.13:398][  0]LogTargetPlatformManager: Display: Building Assets For Windows
[2019.07.20-04.14.13:411][  0]LogAudioDebug: Display: Lib vorbis DLL was dynamically loaded.
[2019.07.20-04.14.13:492][  0]LogShaderCompilers: Guid format shader working directory is -31 characters bigger than the processId version (../../../../../../Users/Schreiber/Documents/Unreal Projects/TPS TEST ZONE - Copy/Intermediate/Shaders/WorkingDirectory/16400/).
[2019.07.20-04.14.13:492][  0]LogShaderCompilers: Cleaned the shader compiler working directory 'C:/Users/Schreiber/AppData/Local/Temp/UnrealShaderWorkingDir/1D4BCA5C42FA45D5ECF4FE8A4DC9B139/'.
[2019.07.20-04.14.13:495][  0]LogXGEController: Cannot use XGE Controller as Incredibuild is not installed on this machine.
[2019.07.20-04.14.13:495][  0]LogShaderCompilers: Cannot use XGE Shader Compiler as Incredibuild is not installed on this machine.
[2019.07.20-04.14.13:495][  0]LogShaderCompilers: Display: Using Local Shader Compiler.
[2019.07.20-04.14.14:127][  0]LogDerivedDataCache: Display: Max Cache Size: 512 MB
[2019.07.20-04.14.14:179][  0]LogDerivedDataCache: Loaded boot cache 0.05s 71MB C:/Users/Schreiber/AppData/Local/UnrealEngine/4.22/DerivedDataCache/Boot.ddc.
[2019.07.20-04.14.14:179][  0]LogDerivedDataCache: Display: Loaded Boot cache: C:/Users/Schreiber/AppData/Local/UnrealEngine/4.22/DerivedDataCache/Boot.ddc
[2019.07.20-04.14.14:179][  0]LogDerivedDataCache: FDerivedDataBackendGraph:  Pak pak cache file ../../../../../../Users/Schreiber/Documents/Unreal Projects/TPS TEST ZONE - Copy/DerivedDataCache/DDC.ddp not found, will not use a pak cache.
[2019.07.20-04.14.14:179][  0]LogDerivedDataCache: Unable to find inner node Pak for hierarchical cache Hierarchy.
[2019.07.20-04.14.14:179][  0]LogDerivedDataCache: FDerivedDataBackendGraph:  CompressedPak pak cache file ../../../../../../Users/Schreiber/Documents/Unreal Projects/TPS TEST ZONE - Copy/DerivedDataCache/Compressed.ddp not found, will not use a pak cache.
[2019.07.20-04.14.14:179][  0]LogDerivedDataCache: Unable to find inner node CompressedPak for hierarchical cache Hierarchy.
[2019.07.20-04.14.14:193][  0]LogDerivedDataCache: Display: Pak cache opened for reading ../../../Engine/DerivedDataCache/Compressed.ddp.
[2019.07.20-04.14.14:193][  0]LogDerivedDataCache: FDerivedDataBackendGraph:  EnterprisePak pak cache file ../../../Enterprise/DerivedDataCache/Compressed.ddp not found, will not use a pak cache.
[2019.07.20-04.14.14:193][  0]LogDerivedDataCache: Unable to find inner node EnterprisePak for hierarchical cache Hierarchy.
[2019.07.20-04.14.14:206][  0]LogDerivedDataCache: Using Local data cache path C:/Users/Schreiber/AppData/Local/UnrealEngine/Common/DerivedDataCache: Writable
[2019.07.20-04.14.14:206][  0]LogDerivedDataCache: Shared data cache path not found in *engine.ini, will not use an Shared cache.
[2019.07.20-04.14.14:206][  0]LogDerivedDataCache: Unable to find inner node Shared for hierarchical cache Hierarchy.
[2019.07.20-04.14.14:229][  0]LogMaterial: Verifying Global Shaders for PCD3D_SM5
[2019.07.20-04.14.14:230][  0]LogSlate: Using FreeType 2.6.0
[2019.07.20-04.14.14:231][  0]LogSlate: SlateFontServices - WITH_FREETYPE: 1, WITH_HARFBUZZ: 1
[2019.07.20-04.14.14:340][  0]LogAssetRegistry: FAssetRegistry took 0.0366 seconds to start up
[2019.07.20-04.14.14:726][  0]LogInit: Selected Device Profile: [Windows]
[2019.07.20-04.14.14:901][  0]LogMeshReduction: Using QuadricMeshReduction for automatic static mesh reduction
[2019.07.20-04.14.14:901][  0]LogMeshReduction: Using SimplygonMeshReduction for automatic skeletal mesh reduction
[2019.07.20-04.14.14:901][  0]LogMeshReduction: Using ProxyLODMeshReduction for automatic mesh merging
[2019.07.20-04.14.14:901][  0]LogMeshReduction: No distributed automatic mesh merging module available
[2019.07.20-04.14.14:901][  0]LogMeshMerging: No distributed automatic mesh merging module available
[2019.07.20-04.14.14:911][  0]LogNetVersion: TPS 1.0.0, NetCL: 5660361, EngineNetVer: 10, GameNetVer: 0 (Checksum: 1145703864)
[2019.07.20-04.14.15:333][  0]LogPackageLocalizationCache: Processed 10 localized package path(s) for 1 prioritized culture(s) in 0.042077 seconds
[2019.07.20-04.14.15:340][  0]LogUObjectArray: 42205 objects as part of root set at end of initial load.
[2019.07.20-04.14.15:340][  0]LogUObjectAllocator: 7325032 out of 0 bytes used by permanent object pool.
[2019.07.20-04.14.15:340][  0]LogUObjectArray: CloseDisregardForGC: 0/0 objects in disregard for GC pool
[2019.07.20-04.14.16:495][  0]LogTcpMessaging: Initializing TcpMessaging bridge
[2019.07.20-04.14.16:512][  0]LogUdpMessaging: Initializing bridge on interface 0.0.0.0:0 to multicast group 230.0.0.1:6666.
[2019.07.20-04.14.16:643][  0]SourceControl: Source control is disabled
[2019.07.20-04.14.16:643][  0]SourceControl: Source control is disabled
[2019.07.20-04.14.16:647][  0]SourceControl: Source control is disabled
[2019.07.20-04.14.16:649][  0]SourceControl: Source control is disabled
[2019.07.20-04.14.16:768][  0]LogAndroidPermission: UAndroidPermissionCallbackProxy::GetInstance
[2019.07.20-04.14.16:937][  0]LogOcInput: OculusInput pre-init called
[2019.07.20-04.14.17:876][  0]LogEngine: Initializing Engine...
[2019.07.20-04.14.17:877][  0]LogHMD: Failed to initialize OpenVR with code 110
[2019.07.20-04.14.17:878][  0]LogStats: UGameplayTagsManager::InitializeManager -  0.000 s
[2019.07.20-04.14.18:089][  0]LogInit: Initializing FReadOnlyCVARCache
[2019.07.20-04.14.18:106][  0]LogAIModule: Creating AISystem for world Untitled
[2019.07.20-04.14.18:151][  0]LogInit: XAudio2 using 'Speakers (Realtek High Definition Audio)' : 2 channels at 48 kHz using 32 bits per sample (channel mask 0x3)
[2019.07.20-04.14.18:190][  0]LogInit: FAudioDevice initialized.
[2019.07.20-04.14.18:190][  0]LogNetVersion: Set ProjectVersion to 1.0.0.0. Version Checksum will be recalculated on next use.
[2019.07.20-04.14.18:480][  0]LogDerivedDataCache: Saved boot cache 0.29s 71MB C:/Users/Schreiber/AppData/Local/UnrealEngine/4.22/DerivedDataCache/Boot.ddc.
[2019.07.20-04.14.18:481][  0]LogInit: Texture streaming: Enabled
[2019.07.20-04.14.18:517][  0]LogEngineSessionManager: EngineSessionManager initialized
[2019.07.20-04.14.18:540][  0]LogInit: Transaction tracking system initialized
[2019.07.20-04.14.18:572][  0]BlueprintLog: New page: Editor Load
[2019.07.20-04.14.18:709][  0]LocalizationService: Localization service is disabled
[2019.07.20-04.14.19:037][  0]LogFileCache: Scanning file cache for directory 'C:/Users/Schreiber/Documents/Unreal Projects/TPS TEST ZONE - Copy/Content/' took 0.03s
[2019.07.20-04.14.19:037][  0]LogCook: Display: Max memory allowance for cook 16384mb min free memory 0mb
[2019.07.20-04.14.19:037][  0]LogCook: Display: Mobile HDR setting 1
[2019.07.20-04.14.19:260][  0]SourceControl: Source control is disabled
[2019.07.20-04.14.19:340][  0]LogSlate: Took 0.000218 seconds to synchronously load lazily loaded font '../../../Engine/Content/Slate/Fonts/Roboto-Regular.ttf' (155K)
[2019.07.20-04.14.55:159][  0]LogSlate: Window 'Restore Packages' being destroyed
[2019.07.20-04.14.55:159][  0]LogWindowsTextInputMethodSystem: Display: IME system now deactivated.
[2019.07.20-04.14.55:175][  0]LogWindowsTextInputMethodSystem: Display: IME system now deactivated.
[2019.07.20-04.14.56:333][  0]LogSlate: Window 'Unable to Check Out From Source Control!' being destroyed
[2019.07.20-04.14.56:333][  0]LogWindowsTextInputMethodSystem: Display: IME system now deactivated.
[2019.07.20-04.14.56:357][  0]LogWindowsTextInputMethodSystem: Display: IME system now deactivated.
[2019.07.20-04.14.56:361][  0]Cmd: MAP LOAD FILE="../../../../../../Users/Schreiber/Documents/Unreal Projects/TPS TEST ZONE - Copy/Content/ThirdPersonBP/Maps/ThirdPersonExampleMap.umap" TEMPLATE=0 SHOWPROGRESS=1 FEATURELEVEL=3
[2019.07.20-04.14.56:361][  0]LogEditorServer: Warning: Can't find file '../../../../../../Users/Schreiber/Documents/Unreal Projects/TPS TEST ZONE - Copy/Content/ThirdPersonBP/Maps/ThirdPersonExampleMap.umap'
[2019.07.20-04.14.56:361][  0]Cmd: MAP CHECKDEP NOCLEARLOG
[2019.07.20-04.14.56:361][  0]MapCheck: Map check complete: 0 Error(s), 0 Warning(s), took 0.173ms to complete.
[2019.07.20-04.14.56:361][  0]LogFileHelpers: Loading map 'ThirdPersonExampleMap' took 0.001
[2019.07.20-04.14.56:451][  0]LogSlate: Updating window title bar state: overlay mode, drag disabled, window buttons hidden, title bar hidden
[2019.07.20-04.14.56:462][  0]LogSlate: Updating window title bar state: overlay mode, drag disabled, window buttons hidden, title bar hidden
[2019.07.20-04.14.56:469][  0]LogSlate: Updating window title bar state: overlay mode, drag disabled, window buttons hidden, title bar hidden
[2019.07.20-04.14.56:476][  0]LogSlate: Updating window title bar state: overlay mode, drag disabled, window buttons hidden, title bar hidden
[2019.07.20-04.14.56:487][  0]LogCollectionManager: Loaded 0 collections in 0.003006 seconds
[2019.07.20-04.14.56:505][  0]LogFileCache: Scanning file cache for directory 'C:/Users/Schreiber/Documents/Unreal Projects/TPS TEST ZONE - Copy/Saved/Collections/' took 0.01s
[2019.07.20-04.14.56:505][  0]LogFileCache: Scanning file cache for directory 'C:/Users/Schreiber/Documents/Unreal Projects/TPS TEST ZONE - Copy/Content/Developers/Schreiber/Collections/' took 0.00s
[2019.07.20-04.14.56:505][  0]LogFileCache: Scanning file cache for directory 'C:/Users/Schreiber/Documents/Unreal Projects/TPS TEST ZONE - Copy/Content/Collections/' took 0.00s
[2019.07.20-04.14.56:505][  0]LogCollectionManager: Rebuilt the GUID cache for 0 collections in 0.000000 seconds
[2019.07.20-04.14.56:514][  0]LogContentBrowser: Native class hierarchy populated in 0.0083 seconds. Added 2732 classes and 659 folders.
[2019.07.20-04.14.56:522][  0]LogContentBrowser: Native class hierarchy updated for 'WidgetCarousel' in 0.0003 seconds. Added 0 classes and 0 folders.
[2019.07.20-04.14.56:524][  0]LogPakFile: Registered encryption key '00000000000000000000000000000000': 0 pak files mounted, 0 remain pending
[2019.07.20-04.14.56:525][  0]LogPakFile: Registered encryption key '00000000000000000000000000000000': 0 pak files mounted, 0 remain pending
[2019.07.20-04.14.56:526][  0]LogPakFile: Registered encryption key '00000000000000000000000000000000': 0 pak files mounted, 0 remain pending
[2019.07.20-04.14.56:527][  0]LogPakFile: Registered encryption key '00000000000000000000000000000000': 0 pak files mounted, 0 remain pending
[2019.07.20-04.14.56:528][  0]LogPakFile: Registered encryption key '00000000000000000000000000000000': 0 pak files mounted, 0 remain pending
[2019.07.20-04.14.56:529][  0]LogPakFile: Registered encryption key '00000000000000000000000000000000': 0 pak files mounted, 0 remain pending
[2019.07.20-04.14.56:530][  0]LogPakFile: Registered encryption key '00000000000000000000000000000000': 0 pak files mounted, 0 remain pending
[2019.07.20-04.14.56:530][  0]LogPakFile: Registered encryption key '00000000000000000000000000000000': 0 pak files mounted, 0 remain pending
[2019.07.20-04.14.56:531][  0]LogPakFile: Registered encryption key '00000000000000000000000000000000': 0 pak files mounted, 0 remain pending
[2019.07.20-04.14.56:532][  0]LogPakFile: Registered encryption key '00000000000000000000000000000000': 0 pak files mounted, 0 remain pending
[2019.07.20-04.14.56:532][  0]LogPakFile: Registered encryption key '00000000000000000000000000000000': 0 pak files mounted, 0 remain pending
[2019.07.20-04.14.56:533][  0]LogPakFile: Registered encryption key '00000000000000000000000000000000': 0 pak files mounted, 0 remain pending
[2019.07.20-04.14.56:534][  0]LogPakFile: Registered encryption key '00000000000000000000000000000000': 0 pak files mounted, 0 remain pending
[2019.07.20-04.14.56:534][  0]LogPakFile: Registered encryption key '00000000000000000000000000000000': 0 pak files mounted, 0 remain pending
[2019.07.20-04.14.56:535][  0]LogPakFile: Registered encryption key '00000000000000000000000000000000': 0 pak files mounted, 0 remain pending
[2019.07.20-04.14.56:536][  0]LogPakFile: Registered encryption key '00000000000000000000000000000000': 0 pak files mounted, 0 remain pending
[2019.07.20-04.14.56:537][  0]LogPakFile: Registered encryption key '00000000000000000000000000000000': 0 pak files mounted, 0 remain pending
[2019.07.20-04.14.56:537][  0]LogPakFile: Registered encryption key '00000000000000000000000000000000': 0 pak files mounted, 0 remain pending
[2019.07.20-04.14.56:538][  0]LogPakFile: Registered encryption key '00000000000000000000000000000000': 0 pak files mounted, 0 remain pending
[2019.07.20-04.14.56:539][  0]LogPakFile: Registered encryption key '00000000000000000000000000000000': 0 pak files mounted, 0 remain pending
[2019.07.20-04.14.56:539][  0]LogPakFile: Registered encryption key '00000000000000000000000000000000': 0 pak files mounted, 0 remain pending
[2019.07.20-04.14.56:540][  0]LogPakFile: Registered encryption key '00000000000000000000000000000000': 0 pak files mounted, 0 remain pending
[2019.07.20-04.14.56:541][  0]LogPakFile: Registered encryption key '00000000000000000000000000000000': 0 pak files mounted, 0 remain pending
[2019.07.20-04.14.56:542][  0]LogPakFile: Registered encryption key '00000000000000000000000000000000': 0 pak files mounted, 0 remain pending
[2019.07.20-04.14.56:542][  0]LogPakFile: Registered encryption key '00000000000000000000000000000000': 0 pak files mounted, 0 remain pending
[2019.07.20-04.14.56:543][  0]LogPakFile: Registered encryption key '00000000000000000000000000000000': 0 pak files mounted, 0 remain pending
[2019.07.20-04.14.56:622][  0]LogContentBrowser: Native class hierarchy updated for 'AddContentDialog' in 0.0003 seconds. Added 0 classes and 0 folders.
[2019.07.20-04.14.56:628][  0]LogContentBrowser: Native class hierarchy updated for 'SceneOutliner' in 0.0003 seconds. Added 1 classes and 2 folders.
[2019.07.20-04.14.56:641][  0]LogSlate: Took 0.000233 seconds to synchronously load lazily loaded font '../../../Engine/Content/Slate/Fonts/Roboto-Bold.ttf' (160K)
[2019.07.20-04.14.56:645][  0]LogSlate: Took 0.000284 seconds to synchronously load lazily loaded font '../../../Engine/Content/Editor/Slate/Fonts/FontAwesome.ttf' (139K)
[2019.07.20-04.14.56:683][  0]LogRenderer: Reallocating scene render targets to support 1208x552 Format 10 NumSamples 1 (Frame:1).
[2019.07.20-04.14.56:811][  0]LogContentBrowser: Native class hierarchy updated for 'HierarchicalLODOutliner' in 0.0003 seconds. Added 0 classes and 0 folders.
[2019.07.20-04.14.56:811][  0]LogLoad: (Engine Initialization) Total time: 48.65 seconds
[2019.07.20-04.14.56:811][  0]LogLoad: (Engine Initialization) Total Blueprint compile time: 0.00 seconds
[2019.07.20-04.14.56:850][  0]LogAssetRegistry: Asset discovery search completed in 42.5342 seconds
[2019.07.20-04.14.56:852][  0]LogCollectionManager: Rebuilt the object cache for 0 collections in 0.000000 seconds (found 0 objects)
[2019.07.20-04.14.56:852][  0]LogCollectionManager: Fixed up redirectors for 0 collections in 0.000034 seconds (updated 0 objects)
[2019.07.20-04.14.56:861][  0]LogContentStreaming: Texture pool size now 3000 MB
[2019.07.20-04.14.56:887][  0]LogSlate: Took 0.000263 seconds to synchronously load lazily loaded font '../../../Engine/Content/Slate/Fonts/Roboto-Light.ttf' (167K)
[2019.07.20-04.14.58:136][145]LogSlate: FSceneViewport::OnFocusLost() reason 0
[2019.07.20-04.15.07:016][205]LogSlate: Took 0.000239 seconds to synchronously load lazily loaded font '../../../Engine/Content/Slate/Fonts/Roboto-Light.ttf' (167K)
[2019.07.20-04.15.07:025][205]LogAssetEditorManager: Opening Asset editor for UserDefinedStruct /Game/Inventory/Content/PickUps/ItemData.ItemData
[2019.07.20-04.15.07:969][311]LogSlate: Window 'ItemData' being destroyed
[2019.07.20-04.15.07:974][311]LogSlate: Window 'ItemData' being destroyed
[2019.07.20-04.15.13:465][866]LogAIModule: Creating AISystem for world ThirdPersonExampleMap_Auto5
[2019.07.20-04.15.13:479][866]LogAssetEditorManager: Opening Asset editor for World /Game/ThirdPersonBP/Maps/ThirdPersonExampleMap_Auto5.ThirdPersonExampleMap_Auto5
[2019.07.20-04.15.13:513][866]LogUObjectHash: Compacting FUObjectHashTables data took   2.52ms
[2019.07.20-04.15.13:514][866]Cmd: MAP LOAD FILE="../../../../../../Users/Schreiber/Documents/Unreal Projects/TPS TEST ZONE - Copy/Content/ThirdPersonBP/Maps/ThirdPersonExampleMap_Auto5.umap" TEMPLATE=0 SHOWPROGRESS=1 FEATURELEVEL=3
[2019.07.20-04.15.13:514][866]LightingResults: New page: Lighting Build
[2019.07.20-04.15.13:517][866]LogContentBrowser: Native class hierarchy updated for 'StatsViewer' in 0.0003 seconds. Added 5 classes and 0 folders.
[2019.07.20-04.15.13:518][866]LoadErrors: New page: Loading map: ThirdPersonExampleMap_Auto5.umap
[2019.07.20-04.15.13:518][866]MapCheck: New page: Map Check
[2019.07.20-04.15.13:518][866]LightingResults: New page: Lighting Build
[2019.07.20-04.15.13:545][866]LogUObjectHash: Compacting FUObjectHashTables data took   1.72ms
[2019.07.20-04.15.13:555][866]LogEditorServer: Finished looking for orphan Actors (0.000 secs)
[2019.07.20-04.15.13:584][866]LogUObjectHash: Compacting FUObjectHashTables data took   1.56ms
[2019.07.20-04.15.13:605][866]Cmd: MAP CHECKDEP NOCLEARLOG
[2019.07.20-04.15.13:605][866]MapCheck: Map check complete: 0 Error(s), 0 Warning(s), took 0.127ms to complete.
[2019.07.20-04.15.13:605][866]LogFileHelpers: Loading map 'ThirdPersonExampleMap_Auto5' took 0.092
[2019.07.20-04.15.13:631][866]LoadErrors: Error: /Game/Inventory/Content/PickUps/MasterPickup : Failed import for FloatProperty /Game/Inventory/Content/PickUps/ItemType.ItemType:FireRate_31_D1DEBCCE4E518D11DB4766BD2A02F44B Referenced by export Function /Game/Inventory/Content/PickUps/MasterPickup.MasterPickup_C:UserConstructionScript
[2019.07.20-04.15.14:061][915]LogTemp: Repeating last play command: Selected Viewport
[2019.07.20-04.15.14:073][915]LogBlueprintUserMessages: Early PlayInEditor Detection: Level '/Game/ThirdPersonBP/Maps/ThirdPersonExampleMap_Auto5.ThirdPersonExampleMap_Auto5:PersistentLevel' has LevelScriptBlueprint '/Game/ThirdPersonBP/Maps/ThirdPersonExampleMap_Auto5.ThirdPersonExampleMap_Auto5:PersistentLevel.ThirdPersonExampleMap_Auto5' with GeneratedClass '/Game/ThirdPersonBP/Maps/ThirdPersonExampleMap_Auto5.ThirdPersonExampleMap_C' with ClassGeneratedBy '/Game/ThirdPersonBP/Maps/ThirdPersonExampleMap_Auto5.ThirdPersonExampleMap_Auto5:PersistentLevel.ThirdPersonExampleMap_Auto5'
[2019.07.20-04.15.14:073][915]LogPlayLevel: PlayLevel: No blueprints needed recompiling
[2019.07.20-04.15.14:073][915]PIE: New page: PIE session: ThirdPersonExampleMap_Auto5 (Jul 19, 2019, 8:15:14 PM)
[2019.07.20-04.15.14:087][915]LogPlayLevel: Creating play world package: /Game/ThirdPersonBP/Maps/UEDPIE_0_ThirdPersonExampleMap_Auto5
[2019.07.20-04.15.14:108][915]LogPlayLevel: PIE: StaticDuplicateObject took: (0.021255s)
[2019.07.20-04.15.14:109][915]LogAIModule: Creating AISystem for world ThirdPersonExampleMap_Auto5
[2019.07.20-04.15.14:109][915]LogPlayLevel: PIE: World Init took: (0.000554s)
[2019.07.20-04.15.14:109][915]LogPlayLevel: PIE: Created PIE world by copying editor world from /Game/ThirdPersonBP/Maps/ThirdPersonExampleMap_Auto5.ThirdPersonExampleMap_Auto5 to /Game/ThirdPersonBP/Maps/UEDPIE_0_ThirdPersonExampleMap_Auto5.ThirdPersonExampleMap_Auto5 (0.022129s)
[2019.07.20-04.15.14:136][915]LogUObjectHash: Compacting FUObjectHashTables data took   1.16ms
[2019.07.20-04.15.14:170][915]LogInit: XAudio2 using 'Speakers (Realtek High Definition Audio)' : 2 channels at 48 kHz using 32 bits per sample (channel mask 0x3)
[2019.07.20-04.15.14:184][915]LogInit: FAudioDevice initialized.
[2019.07.20-04.15.14:231][915]LogLoad: Game class is 'ThirdPersonGameMode_C'
[2019.07.20-04.15.14:234][915]LogWorld: Bringing World /Game/ThirdPersonBP/Maps/UEDPIE_0_ThirdPersonExampleMap_Auto5.ThirdPersonExampleMap_Auto5 up for play (max tick rate 0) at 2019.07.20-00.15.14
[2019.07.20-04.15.14:234][915]LogWorld: Bringing up level for play took: 0.002047
[2019.07.20-04.15.14:254][915]LogContentBrowser: Native class hierarchy updated for 'MovieSceneCapture' in 0.0003 seconds. Added 20 classes and 0 folders.
[2019.07.20-04.15.14:256][915]PIE: Play in editor start time for /Game/ThirdPersonBP/Maps/UEDPIE_0_ThirdPersonExampleMap_Auto5 -0.032
[2019.07.20-04.15.14:256][915]LogBlueprintUserMessages: Late PlayInEditor Detection: Level '/Game/ThirdPersonBP/Maps/ThirdPersonExampleMap_Auto5.ThirdPersonExampleMap_Auto5:PersistentLevel' has LevelScriptBlueprint '/Game/ThirdPersonBP/Maps/ThirdPersonExampleMap_Auto5.ThirdPersonExampleMap_Auto5:PersistentLevel.ThirdPersonExampleMap_Auto5' with GeneratedClass '/Game/ThirdPersonBP/Maps/ThirdPersonExampleMap_Auto5.ThirdPersonExampleMap_C' with ClassGeneratedBy '/Game/ThirdPersonBP/Maps/ThirdPersonExampleMap_Auto5.ThirdPersonExampleMap_Auto5:PersistentLevel.ThirdPersonExampleMap_Auto5'
[2019.07.20-04.15.24:700][165]LogBlueprintUserMessages: Early EndPlayMap Detection: Level '/Game/ThirdPersonBP/Maps/ThirdPersonExampleMap_Auto5.ThirdPersonExampleMap_Auto5:PersistentLevel' has LevelScriptBlueprint '/Game/ThirdPersonBP/Maps/ThirdPersonExampleMap_Auto5.ThirdPersonExampleMap_Auto5:PersistentLevel.ThirdPersonExampleMap_Auto5' with GeneratedClass '/Game/ThirdPersonBP/Maps/ThirdPersonExampleMap_Auto5.ThirdPersonExampleMap_C' with ClassGeneratedBy '/Game/ThirdPersonBP/Maps/ThirdPersonExampleMap_Auto5.ThirdPersonExampleMap_Auto5:PersistentLevel.ThirdPersonExampleMap_Auto5'
[2019.07.20-04.15.24:701][165]LogSlate: Updating window title bar state: overlay mode, drag disabled, window buttons hidden, title bar hidden
[2019.07.20-04.15.24:733][165]LogPlayLevel: Display: Shutting down PIE online subsystems
[2019.07.20-04.15.24:734][165]LogBlueprintUserMessages: Late EndPlayMap Detection: Level '/Game/ThirdPersonBP/Maps/ThirdPersonExampleMap_Auto5.ThirdPersonExampleMap_Auto5:PersistentLevel' has LevelScriptBlueprint '/Game/ThirdPersonBP/Maps/ThirdPersonExampleMap_Auto5.ThirdPersonExampleMap_Auto5:PersistentLevel.ThirdPersonExampleMap_Auto5' with GeneratedClass '/Game/ThirdPersonBP/Maps/ThirdPersonExampleMap_Auto5.ThirdPersonExampleMap_C' with ClassGeneratedBy '/Game/ThirdPersonBP/Maps/ThirdPersonExampleMap_Auto5.ThirdPersonExampleMap_Auto5:PersistentLevel.ThirdPersonExampleMap_Auto5'
[2019.07.20-04.15.24:765][165]LogSlate: Updating window title bar state: overlay mode, drag disabled, window buttons hidden, title bar hidden
[2019.07.20-04.15.24:768][165]LogUObjectHash: Compacting FUObjectHashTables data took   1.83ms
[2019.07.20-04.15.24:813][167]LogPlayLevel: Display: Destroying online subsystem :Context_1
[2019.07.20-04.15.24:938][182]Cmd: SELECT NONE
[2019.07.20-04.15.42:267][545]LogSlate: FSceneViewport::OnFocusLost() reason 0
[2019.07.20-04.15.52:545][ 21]LogAssetEditorManager: Opening Asset editor for WidgetBlueprint /Game/ThirdPersonBP/UI/InventoryMain.InventoryMain
[2019.07.20-04.15.52:779][ 21]LogContentBrowser: Native class hierarchy updated for 'BlueprintGraph' in 0.0006 seconds. Added 121 classes and 0 folders.
[2019.07.20-04.15.53:515][ 21]LogBlueprintActionDatabase: Requesting refresh due to module change: SequencerWidgets (loaded)
[2019.07.20-04.15.53:859][ 21]LogSlate: Took 0.000336 seconds to synchronously load lazily loaded font '../../../Engine/Content/Slate/Fonts/Roboto-BoldCondensed.ttf' (158K)
[2019.07.20-04.15.55:270][181]LogSlate: Took 0.000294 seconds to synchronously load lazily loaded font '../../../Engine/Content/Slate/Fonts/Roboto-Italic.ttf' (157K)
[2019.07.20-04.16.11:725][ 26]LogAssetEditorManager: Opening Asset editor for Blueprint /Game/ThirdPersonBP/Blueprints/ThirdPersonCharacter.ThirdPersonCharacter
[2019.07.20-04.16.35:197][429]LogSlate: Took 0.000266 seconds to synchronously load lazily loaded font '../../../Engine/Content/Slate/Fonts/Roboto-BoldCondensedItalic.ttf' (160K)
[2019.07.20-04.17.08:500][450]BlueprintLog: New page: Compile ThirdPersonCharacter
[2019.07.20-04.17.08:821][450]LogUObjectHash: Compacting FUObjectHashTables data took   6.91ms
[2019.07.20-04.17.12:780][831]LogTemp: Repeating last play command: Selected Viewport
[2019.07.20-04.17.12:806][831]LogBlueprintUserMessages: Early PlayInEditor Detection: Level '/Game/ThirdPersonBP/Maps/ThirdPersonExampleMap_Auto5.ThirdPersonExampleMap_Auto5:PersistentLevel' has LevelScriptBlueprint '/Game/ThirdPersonBP/Maps/ThirdPersonExampleMap_Auto5.ThirdPersonExampleMap_Auto5:PersistentLevel.ThirdPersonExampleMap_Auto5' with GeneratedClass '/Game/ThirdPersonBP/Maps/ThirdPersonExampleMap_Auto5.ThirdPersonExampleMap_C' with ClassGeneratedBy '/Game/ThirdPersonBP/Maps/ThirdPersonExampleMap_Auto5.ThirdPersonExampleMap_Auto5:PersistentLevel.ThirdPersonExampleMap_Auto5'
[2019.07.20-04.17.12:806][831]LogPlayLevel: PlayLevel: No blueprints needed recompiling
[2019.07.20-04.17.12:806][831]PIE: New page: PIE session: ThirdPersonExampleMap_Auto5 (Jul 19, 2019, 8:17:12 PM)
[2019.07.20-04.17.12:806][831]LogPlayLevel: Creating play world package: /Game/ThirdPersonBP/Maps/UEDPIE_0_ThirdPersonExampleMap_Auto5
[2019.07.20-04.17.12:825][831]LogPlayLevel: PIE: StaticDuplicateObject took: (0.018461s)
[2019.07.20-04.17.12:825][831]LogAIModule: Creating AISystem for world ThirdPersonExampleMap_Auto5
[2019.07.20-04.17.12:825][831]LogPlayLevel: PIE: World Init took: (0.000579s)
[2019.07.20-04.17.12:825][831]LogPlayLevel: PIE: Created PIE world by copying editor world from /Game/ThirdPersonBP/Maps/ThirdPersonExampleMap_Auto5.ThirdPersonExampleMap_Auto5 to /Game/ThirdPersonBP/Maps/UEDPIE_0_ThirdPersonExampleMap_Auto5.ThirdPersonExampleMap_Auto5 (0.019167s)
[2019.07.20-04.17.12:880][831]LogUObjectHash: Compacting FUObjectHashTables data took   4.99ms
[2019.07.20-04.17.12:914][831]LogInit: XAudio2 using 'Speakers (Realtek High Definition Audio)' : 2 channels at 48 kHz using 32 bits per sample (channel mask 0x3)
[2019.07.20-04.17.12:929][831]LogInit: FAudioDevice initialized.
[2019.07.20-04.17.12:960][831]LogLoad: Game class is 'ThirdPersonGameMode_C'
[2019.07.20-04.17.12:962][831]LogWorld: Bringing World /Game/ThirdPersonBP/Maps/UEDPIE_0_ThirdPersonExampleMap_Auto5.ThirdPersonExampleMap_Auto5 up for play (max tick rate 0) at 2019.07.20-00.17.12
[2019.07.20-04.17.12:963][831]LogWorld: Bringing up level for play took: 0.001904
[2019.07.20-04.17.12:977][831]PIE: Play in editor start time for /Game/ThirdPersonBP/Maps/UEDPIE_0_ThirdPersonExampleMap_Auto5 0.69
[2019.07.20-04.17.12:977][831]LogBlueprintUserMessages: Late PlayInEditor Detection: Level '/Game/ThirdPersonBP/Maps/ThirdPersonExampleMap_Auto5.ThirdPersonExampleMap_Auto5:PersistentLevel' has LevelScriptBlueprint '/Game/ThirdPersonBP/Maps/ThirdPersonExampleMap_Auto5.ThirdPersonExampleMap_Auto5:PersistentLevel.ThirdPersonExampleMap_Auto5' with GeneratedClass '/Game/ThirdPersonBP/Maps/ThirdPersonExampleMap_Auto5.ThirdPersonExampleMap_C' with ClassGeneratedBy '/Game/ThirdPersonBP/Maps/ThirdPersonExampleMap_Auto5.ThirdPersonExampleMap_Auto5:PersistentLevel.ThirdPersonExampleMap_Auto5'
[2019.07.20-04.17.15:571][139]LogBlueprintUserMessages: Early EndPlayMap Detection: Level '/Game/ThirdPersonBP/Maps/ThirdPersonExampleMap_Auto5.ThirdPersonExampleMap_Auto5:PersistentLevel' has LevelScriptBlueprint '/Game/ThirdPersonBP/Maps/ThirdPersonExampleMap_Auto5.ThirdPersonExampleMap_Auto5:PersistentLevel.ThirdPersonExampleMap_Auto5' with GeneratedClass '/Game/ThirdPersonBP/Maps/ThirdPersonExampleMap_Auto5.ThirdPersonExampleMap_C' with ClassGeneratedBy '/Game/ThirdPersonBP/Maps/ThirdPersonExampleMap_Auto5.ThirdPersonExampleMap_Auto5:PersistentLevel.ThirdPersonExampleMap_Auto5'
[2019.07.20-04.17.15:571][139]LogSlate: Updating window title bar state: overlay mode, drag disabled, window buttons hidden, title bar hidden
[2019.07.20-04.17.15:604][139]LogPlayLevel: Display: Shutting down PIE online subsystems
[2019.07.20-04.17.15:604][139]LogBlueprintUserMessages: Late EndPlayMap Detection: Level '/Game/ThirdPersonBP/Maps/ThirdPersonExampleMap_Auto5.ThirdPersonExampleMap_Auto5:PersistentLevel' has LevelScriptBlueprint '/Game/ThirdPersonBP/Maps/ThirdPersonExampleMap_Auto5.ThirdPersonExampleMap_Auto5:PersistentLevel.ThirdPersonExampleMap_Auto5' with GeneratedClass '/Game/ThirdPersonBP/Maps/ThirdPersonExampleMap_Auto5.ThirdPersonExampleMap_C' with ClassGeneratedBy '/Game/ThirdPersonBP/Maps/ThirdPersonExampleMap_Auto5.ThirdPersonExampleMap_Auto5:PersistentLevel.ThirdPersonExampleMap_Auto5'
[2019.07.20-04.17.15:647][139]LogSlate: Updating window title bar state: overlay mode, drag disabled, window buttons hidden, title bar hidden
[2019.07.20-04.17.15:653][139]LogUObjectHash: Compacting FUObjectHashTables data took   3.04ms
[2019.07.20-04.17.15:677][140]LogPlayLevel: Display: Destroying online subsystem :Context_9
[2019.07.20-04.17.17:736][288]LogSlate: FSceneViewport::OnFocusLost() reason 0
[2019.07.20-04.17.20:142][549]BlueprintLog: New page: Compile ThirdPersonCharacter
[2019.07.20-04.17.20:404][549]LogUObjectHash: Compacting FUObjectHashTables data took   3.80ms
[2019.07.20-04.17.22:363][767]LogSlate: FSceneViewport::OnFocusLost() reason 0
[2019.07.20-04.17.22:428][775]LogTemp: Repeating last play command: Selected Viewport
[2019.07.20-04.17.22:454][775]LogBlueprintUserMessages: Early PlayInEditor Detection: Level '/Game/ThirdPersonBP/Maps/ThirdPersonExampleMap_Auto5.ThirdPersonExampleMap_Auto5:PersistentLevel' has LevelScriptBlueprint '/Game/ThirdPersonBP/Maps/ThirdPersonExampleMap_Auto5.ThirdPersonExampleMap_Auto5:PersistentLevel.ThirdPersonExampleMap_Auto5' with GeneratedClass '/Game/ThirdPersonBP/Maps/ThirdPersonExampleMap_Auto5.ThirdPersonExampleMap_C' with ClassGeneratedBy '/Game/ThirdPersonBP/Maps/ThirdPersonExampleMap_Auto5.ThirdPersonExampleMap_Auto5:PersistentLevel.ThirdPersonExampleMap_Auto5'
[2019.07.20-04.17.22:454][775]LogPlayLevel: PlayLevel: No blueprints needed recompiling
[2019.07.20-04.17.22:454][775]PIE: New page: PIE session: ThirdPersonExampleMap_Auto5 (Jul 19, 2019, 8:17:22 PM)
[2019.07.20-04.17.22:454][775]LogPlayLevel: Creating play world package: /Game/ThirdPersonBP/Maps/UEDPIE_0_ThirdPersonExampleMap_Auto5
[2019.07.20-04.17.22:472][775]LogPlayLevel: PIE: StaticDuplicateObject took: (0.017890s)
[2019.07.20-04.17.22:472][775]LogAIModule: Creating AISystem for world ThirdPersonExampleMap_Auto5
[2019.07.20-04.17.22:472][775]LogPlayLevel: PIE: World Init took: (0.000592s)
[2019.07.20-04.17.22:473][775]LogPlayLevel: PIE: Created PIE world by copying editor world from /Game/ThirdPersonBP/Maps/ThirdPersonExampleMap_Auto5.ThirdPersonExampleMap_Auto5 to /Game/ThirdPersonBP/Maps/UEDPIE_0_ThirdPersonExampleMap_Auto5.ThirdPersonExampleMap_Auto5 (0.018605s)
[2019.07.20-04.17.22:520][775]LogUObjectHash: Compacting FUObjectHashTables data took   4.43ms
[2019.07.20-04.17.22:555][775]LogInit: XAudio2 using 'Speakers (Realtek High Definition Audio)' : 2 channels at 48 kHz using 32 bits per sample (channel mask 0x3)
[2019.07.20-04.17.22:568][775]LogInit: FAudioDevice initialized.
[2019.07.20-04.17.22:598][775]LogLoad: Game class is 'ThirdPersonGameMode_C'
[2019.07.20-04.17.22:600][775]LogWorld: Bringing World /Game/ThirdPersonBP/Maps/UEDPIE_0_ThirdPersonExampleMap_Auto5.ThirdPersonExampleMap_Auto5 up for play (max tick rate 0) at 2019.07.20-00.17.22
[2019.07.20-04.17.22:600][775]LogWorld: Bringing up level for play took: 0.001990
[2019.07.20-04.17.22:614][775]PIE: Play in editor start time for /Game/ThirdPersonBP/Maps/UEDPIE_0_ThirdPersonExampleMap_Auto5 0.327
[2019.07.20-04.17.22:614][775]LogBlueprintUserMessages: Late PlayInEditor Detection: Level '/Game/ThirdPersonBP/Maps/ThirdPersonExampleMap_Auto5.ThirdPersonExampleMap_Auto5:PersistentLevel' has LevelScriptBlueprint '/Game/ThirdPersonBP/Maps/ThirdPersonExampleMap_Auto5.ThirdPersonExampleMap_Auto5:PersistentLevel.ThirdPersonExampleMap_Auto5' with GeneratedClass '/Game/ThirdPersonBP/Maps/ThirdPersonExampleMap_Auto5.ThirdPersonExampleMap_C' with ClassGeneratedBy '/Game/ThirdPersonBP/Maps/ThirdPersonExampleMap_Auto5.ThirdPersonExampleMap_Auto5:PersistentLevel.ThirdPersonExampleMap_Auto5'
[2019.07.20-04.17.28:314][447]LogBlueprintUserMessages: Early EndPlayMap Detection: Level '/Game/ThirdPersonBP/Maps/ThirdPersonExampleMap_Auto5.ThirdPersonExampleMap_Auto5:PersistentLevel' has LevelScriptBlueprint '/Game/ThirdPersonBP/Maps/ThirdPersonExampleMap_Auto5.ThirdPersonExampleMap_Auto5:PersistentLevel.ThirdPersonExampleMap_Auto5' with GeneratedClass '/Game/ThirdPersonBP/Maps/ThirdPersonExampleMap_Auto5.ThirdPersonExampleMap_C' with ClassGeneratedBy '/Game/ThirdPersonBP/Maps/ThirdPersonExampleMap_Auto5.ThirdPersonExampleMap_Auto5:PersistentLevel.ThirdPersonExampleMap_Auto5'
[2019.07.20-04.17.28:314][447]LogSlate: Updating window title bar state: overlay mode, drag disabled, window buttons hidden, title bar hidden
[2019.07.20-04.17.28:349][447]LogPlayLevel: Display: Shutting down PIE online subsystems
[2019.07.20-04.17.28:350][447]LogBlueprintUserMessages: Late EndPlayMap Detection: Level '/Game/ThirdPersonBP/Maps/ThirdPersonExampleMap_Auto5.ThirdPersonExampleMap_Auto5:PersistentLevel' has LevelScriptBlueprint '/Game/ThirdPersonBP/Maps/ThirdPersonExampleMap_Auto5.ThirdPersonExampleMap_Auto5:PersistentLevel.ThirdPersonExampleMap_Auto5' with GeneratedClass '/Game/ThirdPersonBP/Maps/ThirdPersonExampleMap_Auto5.ThirdPersonExampleMap_C' with ClassGeneratedBy '/Game/ThirdPersonBP/Maps/ThirdPersonExampleMap_Auto5.ThirdPersonExampleMap_Auto5:PersistentLevel.ThirdPersonExampleMap_Auto5'
[2019.07.20-04.17.28:395][447]LogSlate: Updating window title bar state: overlay mode, drag disabled, window buttons hidden, title bar hidden
[2019.07.20-04.17.28:401][447]LogUObjectHash: Compacting FUObjectHashTables data took   2.91ms
[2019.07.20-04.17.28:413][448]LogPlayLevel: Display: Destroying online subsystem :Context_10
[2019.07.20-04.17.28:482][454]Cmd: SELECT NONE
[2019.07.20-04.17.31:095][647]LogSlate: FSceneViewport::OnFocusLost() reason 0
[2019.07.20-04.17.46:916][ 25]LogSlate: Window 'Change Variable Type' being destroyed
[2019.07.20-04.17.46:945][ 25]LogSlate: FSceneViewport::OnFocusLost() reason 2
[2019.07.20-04.17.52:260][507]LogSlate: Window 'Find in Blueprints' being destroyed
[2019.07.20-04.17.52:264][507]LogSlate: Window 'Find in Blueprints' being destroyed
[2019.07.20-04.17.52:651][548]LogSlate: FSceneViewport::OnFocusLost() reason 0
[2019.07.20-04.18.01:024][427]LogEditorTransaction: Undo Create Pin Link
[2019.07.20-04.18.01:262][445]LogEditorTransaction: Undo Create Pin Link
[2019.07.20-04.18.01:611][473]LogEditorTransaction: Undo Change Parameter Type
[2019.07.20-04.18.13:181][504]LogSlate: Window 'Change Variable Type' being destroyed
[2019.07.20-04.18.13:205][504]LogSlate: FSceneViewport::OnFocusLost() reason 2
[2019.07.20-04.18.39:734][302]BlueprintLog: New page: Compile ThirdPersonCharacter
[2019.07.20-04.18.39:770][302]LogBlueprint: Error: [Compiler ThirdPersonCharacter] In use pin  Item Ref  no longer exists on node  Set . Please refresh node or break links to remove pin.
[2019.07.20-04.18.39:771][302]LogBlueprint: Error: [Compiler ThirdPersonCharacter] In use pin  Item Ref  no longer exists on node  Get . Please refresh node or break links to remove pin.
[2019.07.20-04.18.40:001][302]LogUObjectHash: Compacting FUObjectHashTables data took   4.59ms
[2019.07.20-04.18.40:036][302]LogBlueprint: Warning: [Compiler ThirdPersonCharacter] [0271.87] Compile of ThirdPersonCharacter failed. 2 Fatal Issue(s) 0 Warning(s) [in 301 ms] (/Game/ThirdPersonBP/Blueprints/ThirdPersonCharacter.ThirdPersonCharacter)
[2019.07.20-04.18.49:600][202]BlueprintLog: New page: Compile ThirdPersonCharacter
[2019.07.20-04.18.49:636][202]LogBlueprint: Error: [Compiler ThirdPersonCharacter] In use pin  Item Ref  no longer exists on node  Set . Please refresh node or break links to remove pin.
[2019.07.20-04.18.49:863][202]LogUObjectHash: Compacting FUObjectHashTables data took   4.76ms
[2019.07.20-04.18.49:899][202]LogBlueprint: Warning: [Compiler ThirdPersonCharacter] [0281.74] Compile of ThirdPersonCharacter failed. 1 Fatal Issue(s) 0 Warning(s) [in 299 ms] (/Game/ThirdPersonBP/Blueprints/ThirdPersonCharacter.ThirdPersonCharacter)
[2019.07.20-04.19.08:023][812]BlueprintLog: New page: Compile ThirdPersonCharacter
[2019.07.20-04.19.08:288][812]LogUObjectHash: Compacting FUObjectHashTables data took   4.58ms
[2019.07.20-04.19.10:904][ 66]LogSlate: Window 'Find in Blueprints' being destroyed
[2019.07.20-04.19.10:908][ 66]LogSlate: Window 'Find in Blueprints' being destroyed
[2019.07.20-04.19.11:448][131]LogSlate: FSceneViewport::OnFocusLost() reason 0
[2019.07.20-04.19.11:523][140]LogTemp: Repeating last play command: Selected Viewport
[2019.07.20-04.19.11:547][140]LogBlueprintUserMessages: Early PlayInEditor Detection: Level '/Game/ThirdPersonBP/Maps/ThirdPersonExampleMap_Auto5.ThirdPersonExampleMap_Auto5:PersistentLevel' has LevelScriptBlueprint '/Game/ThirdPersonBP/Maps/ThirdPersonExampleMap_Auto5.ThirdPersonExampleMap_Auto5:PersistentLevel.ThirdPersonExampleMap_Auto5' with GeneratedClass '/Game/ThirdPersonBP/Maps/ThirdPersonExampleMap_Auto5.ThirdPersonExampleMap_C' with ClassGeneratedBy '/Game/ThirdPersonBP/Maps/ThirdPersonExampleMap_Auto5.ThirdPersonExampleMap_Auto5:PersistentLevel.ThirdPersonExampleMap_Auto5'
[2019.07.20-04.19.11:547][140]LogPlayLevel: PlayLevel: No blueprints needed recompiling
[2019.07.20-04.19.11:547][140]PIE: New page: PIE session: ThirdPersonExampleMap_Auto5 (Jul 19, 2019, 8:19:11 PM)
[2019.07.20-04.19.11:547][140]LogPlayLevel: Creating play world package: /Game/ThirdPersonBP/Maps/UEDPIE_0_ThirdPersonExampleMap_Auto5
[2019.07.20-04.19.11:566][140]LogPlayLevel: PIE: StaticDuplicateObject took: (0.018508s)
[2019.07.20-04.19.11:566][140]LogAIModule: Creating AISystem for world ThirdPersonExampleMap_Auto5
[2019.07.20-04.19.11:567][140]LogPlayLevel: PIE: World Init took: (0.000669s)
[2019.07.20-04.19.11:567][140]LogPlayLevel: PIE: Created PIE world by copying editor world from /Game/ThirdPersonBP/Maps/ThirdPersonExampleMap_Auto5.ThirdPersonExampleMap_Auto5 to /Game/ThirdPersonBP/Maps/UEDPIE_0_ThirdPersonExampleMap_Auto5.ThirdPersonExampleMap_Auto5 (0.019314s)
[2019.07.20-04.19.11:614][140]LogUObjectHash: Compacting FUObjectHashTables data took   4.27ms
[2019.07.20-04.19.11:646][140]LogInit: XAudio2 using 'Speakers (Realtek High Definition Audio)' : 2 channels at 48 kHz using 32 bits per sample (channel mask 0x3)
[2019.07.20-04.19.11:660][140]LogInit: FAudioDevice initialized.
[2019.07.20-04.19.11:693][140]LogLoad: Game class is 'ThirdPersonGameMode_C'
[2019.07.20-04.19.11:695][140]LogWorld: Bringing World /Game/ThirdPersonBP/Maps/UEDPIE_0_ThirdPersonExampleMap_Auto5.ThirdPersonExampleMap_Auto5 up for play (max tick rate 0) at 2019.07.20-00.19.11
[2019.07.20-04.19.11:696][140]LogWorld: Bringing up level for play took: 0.002053
[2019.07.20-04.19.11:710][140]PIE: Play in editor start time for /Game/ThirdPersonBP/Maps/UEDPIE_0_ThirdPersonExampleMap_Auto5 -0.577
[2019.07.20-04.19.11:710][140]LogBlueprintUserMessages: Late PlayInEditor Detection: Level '/Game/ThirdPersonBP/Maps/ThirdPersonExampleMap_Auto5.ThirdPersonExampleMap_Auto5:PersistentLevel' has LevelScriptBlueprint '/Game/ThirdPersonBP/Maps/ThirdPersonExampleMap_Auto5.ThirdPersonExampleMap_Auto5:PersistentLevel.ThirdPersonExampleMap_Auto5' with GeneratedClass '/Game/ThirdPersonBP/Maps/ThirdPersonExampleMap_Auto5.ThirdPersonExampleMap_C' with ClassGeneratedBy '/Game/ThirdPersonBP/Maps/ThirdPersonExampleMap_Auto5.ThirdPersonExampleMap_Auto5:PersistentLevel.ThirdPersonExampleMap_Auto5'
[2019.07.20-04.19.19:170][ 32]LogBlueprintUserMessages: Early EndPlayMap Detection: Level '/Game/ThirdPersonBP/Maps/ThirdPersonExampleMap_Auto5.ThirdPersonExampleMap_Auto5:PersistentLevel' has LevelScriptBlueprint '/Game/ThirdPersonBP/Maps/ThirdPersonExampleMap_Auto5.ThirdPersonExampleMap_Auto5:PersistentLevel.ThirdPersonExampleMap_Auto5' with GeneratedClass '/Game/ThirdPersonBP/Maps/ThirdPersonExampleMap_Auto5.ThirdPersonExampleMap_C' with ClassGeneratedBy '/Game/ThirdPersonBP/Maps/ThirdPersonExampleMap_Auto5.ThirdPersonExampleMap_Auto5:PersistentLevel.ThirdPersonExampleMap_Auto5'
[2019.07.20-04.19.19:170][ 32]LogSlate: Updating window title bar state: overlay mode, drag disabled, window buttons hidden, title bar hidden
[2019.07.20-04.19.19:208][ 32]LogPlayLevel: Display: Shutting down PIE online subsystems
[2019.07.20-04.19.19:209][ 32]LogBlueprintUserMessages: Late EndPlayMap Detection: Level '/Game/ThirdPersonBP/Maps/ThirdPersonExampleMap_Auto5.ThirdPersonExampleMap_Auto5:PersistentLevel' has LevelScriptBlueprint '/Game/ThirdPersonBP/Maps/ThirdPersonExampleMap_Auto5.ThirdPersonExampleMap_Auto5:PersistentLevel.ThirdPersonExampleMap_Auto5' with GeneratedClass '/Game/ThirdPersonBP/Maps/ThirdPersonExampleMap_Auto5.ThirdPersonExampleMap_C' with ClassGeneratedBy '/Game/ThirdPersonBP/Maps/ThirdPersonExampleMap_Auto5.ThirdPersonExampleMap_Auto5:PersistentLevel.ThirdPersonExampleMap_Auto5'
[2019.07.20-04.19.19:254][ 32]LogSlate: Updating window title bar state: overlay mode, drag disabled, window buttons hidden, title bar hidden
[2019.07.20-04.19.19:258][ 32]LogUObjectHash: Compacting FUObjectHashTables data took   2.82ms
[2019.07.20-04.19.19:283][ 33]LogPlayLevel: Display: Destroying online subsystem :Context_11
[2019.07.20-04.19.20:976][143]LogSlate: FSceneViewport::OnFocusLost() reason 0
[2019.07.20-04.20.49:445][223]LogSlate: FSceneViewport::OnFocusLost() reason 0
[2019.07.20-04.20.55:017][881]LogAssetEditorManager: Opening Asset editor for UserDefinedStruct /Game/Inventory/Content/PickUps/ItemType.ItemType
[2019.07.20-04.20.59:508][399]LogUObjectHash: Compacting FUObjectHashTables data took   2.76ms
[2019.07.20-04.21.04:253][399]LogSlate: Window 'Replace References?' being destroyed
[2019.07.20-04.21.04:256][399]LogSlate: Window 'Delete Assets' being destroyed
[2019.07.20-04.21.04:313][399]LogSlate: Window 'ThirdPersonCharacter' being destroyed
[2019.07.20-04.21.06:567][399]LogWindows: Error: === Critical error: ===
[2019.07.20-04.21.06:567][399]LogWindows: Error: 
[2019.07.20-04.21.06:568][399]LogWindows: Error: Fatal error!
[2019.07.20-04.21.06:568][399]LogWindows: Error: 
[2019.07.20-04.21.06:568][399]LogWindows: Error: Unhandled Exception: EXCEPTION_ACCESS_VIOLATION reading address 0x00000010
[2019.07.20-04.21.06:568][399]LogWindows: Error: 
[2019.07.20-04.21.06:568][399]LogWindows: Error: [Callstack] 0x00007ffb18f834cb UE4Editor-CoreUObject.dll!UnknownFunction []
[2019.07.20-04.21.06:568][399]LogWindows: Error: [Callstack] 0x00007ffb18f69ea9 UE4Editor-CoreUObject.dll!UnknownFunction []
[2019.07.20-04.21.06:568][399]LogWindows: Error: [Callstack] 0x00007ffb194ebbaa UE4Editor-Core.dll!UnknownFunction []
[2019.07.20-04.21.06:568][399]LogWindows: Error: [Callstack] 0x00007ffb18e3c3c7 UE4Editor-CoreUObject.dll!UnknownFunction []
[2019.07.20-04.21.06:568][399]LogWindows: Error: [Callstack] 0x00007ffb18e453dd UE4Editor-CoreUObject.dll!UnknownFunction []
[2019.07.20-04.21.06:568][399]LogWindows: Error: [Callstack] 0x00007ffb18f57d99 UE4Editor-CoreUObject.dll!UnknownFunction []
[2019.07.20-04.21.06:568][399]LogWindows: Error: [Callstack] 0x00007ffb18e3c3c7 UE4Editor-CoreUObject.dll!UnknownFunction []
[2019.07.20-04.21.06:568][399]LogWindows: Error: [Callstack] 0x00007ffb18efe2dd UE4Editor-CoreUObject.dll!UnknownFunction []
[2019.07.20-04.21.06:568][399]LogWindows: Error: [Callstack] 0x00007ffb18efe1b6 UE4Editor-CoreUObject.dll!UnknownFunction []
[2019.07.20-04.21.06:568][399]LogWindows: Error: [Callstack] 0x00007ffb18f8af08 UE4Editor-CoreUObject.dll!UnknownFunction []
[2019.07.20-04.21.06:568][399]LogWindows: Error: [Callstack] 0x00007ffb18f86012 UE4Editor-CoreUObject.dll!UnknownFunction []
[2019.07.20-04.21.06:568][399]LogWindows: Error: [Callstack] 0x00007ffb17e33c47 UE4Editor-UnrealEd.dll!UnknownFunction []
[2019.07.20-04.21.06:568][399]LogWindows: Error: [Callstack] 0x00007ffb17e2c073 UE4Editor-UnrealEd.dll!UnknownFunction []
[2019.07.20-04.21.06:568][399]LogWindows: Error: [Callstack] 0x00007ffb17e2d7cf UE4Editor-UnrealEd.dll!UnknownFunction []
[2019.07.20-04.21.06:568][399]LogWindows: Error: [Callstack] 0x00007ffb1769e5a6 UE4Editor-UnrealEd.dll!UnknownFunction []
[2019.07.20-04.21.06:568][399]LogWindows: Error: [Callstack] 0x00007ffb1793649a UE4Editor-UnrealEd.dll!UnknownFunction []
[2019.07.20-04.21.06:568][399]LogWindows: Error: [Callstack] 0x00007ffb178f97c4 UE4Editor-UnrealEd.dll!UnknownFunction []
[2019.07.20-04.21.06:568][399]LogWindows: Error: [Callstack] 0x00007ffb27e82a12 UE4Editor-Slate.dll!UnknownFunction []
[2019.07.20-04.21.06:568][399]LogWindows: Error: [Callstack] 0x00007ffb27cd4021 UE4Editor-Slate.dll!UnknownFunction []
[2019.07.20-04.21.06:568][399]LogWindows: Error: [Callstack] 0x00007ffb27d50301 UE4Editor-Slate.dll!UnknownFunction []
[2019.07.20-04.21.06:568][399]LogWindows: Error: [Callstack] 0x00007ffb27d3aaca UE4Editor-Slate.dll!UnknownFunction []
[2019.07.20-04.21.06:568][399]LogWindows: Error: [Callstack] 0x00007ffb27d30414 UE4Editor-Slate.dll!UnknownFunction []
[2019.07.20-04.21.06:568][399]LogWindows: Error: [Callstack] 0x00007ffb5fbcb8e0 UE4Editor-ApplicationCore.dll!UnknownFunction []
[2019.07.20-04.21.06:568][399]LogWindows: Error: [Callstack] 0x00007ffb5fbbef9f UE4Editor-ApplicationCore.dll!UnknownFunction []
[2019.07.20-04.21.06:568][399]LogWindows: Error: [Callstack] 0x00007ffb5fbcd77f UE4Editor-ApplicationCore.dll!UnknownFunction []
[2019.07.20-04.21.06:568][399]LogWindows: Error: [Callstack] 0x00007ffb5fbbc090 UE4Editor-ApplicationCore.dll!UnknownFunction []
[2019.07.20-04.21.06:568][399]LogWindows: Error: [Callstack] 0x00007ffb7947ca66 USER32.dll!UnknownFunction []
[2019.07.20-04.21.06:568][399]LogWindows: Error: [Callstack] 0x00007ffb7947c582 USER32.dll!UnknownFunction []
[2019.07.20-04.21.06:568][399]LogWindows: Error: [Callstack] 0x00007ffb5fbce899 UE4Editor-ApplicationCore.dll!UnknownFunction []
[2019.07.20-04.21.06:568][399]LogWindows: Error: [Callstack] 0x00007ffb27d5aa95 UE4Editor-Slate.dll!UnknownFunction []
[2019.07.20-04.21.06:568][399]LogWindows: Error: [Callstack] 0x00007ffb27d0012f UE4Editor-Slate.dll!UnknownFunction []
[2019.07.20-04.21.06:568][399]LogWindows: Error: [Callstack] 0x00007ffb17982ce6 UE4Editor-UnrealEd.dll!UnknownFunction []
[2019.07.20-04.21.06:568][399]LogWindows: Error: [Callstack] 0x00007ffb17e32fd5 UE4Editor-UnrealEd.dll!UnknownFunction []
[2019.07.20-04.21.06:568][399]LogWindows: Error: [Callstack] 0x00007ffb17e323d5 UE4Editor-UnrealEd.dll!UnknownFunction []
[2019.07.20-04.21.06:568][399]LogWindows: Error: [Callstack] 0x00007ffaf03cdd15 UE4Editor-ContentBrowser.dll!UnknownFunction []
[2019.07.20-04.21.06:568][399]LogWindows: Error: [Callstack] 0x00007ffaf04e3e37 UE4Editor-ContentBrowser.dll!UnknownFunction []
[2019.07.20-04.21.06:568][399]LogWindows: Error: [Callstack] 0x00007ffaf04c1668 UE4Editor-ContentBrowser.dll!UnknownFunction []
[2019.07.20-04.21.06:568][399]LogWindows: Error: [Callstack] 0x00007ffb27d071ea UE4Editor-Slate.dll!UnknownFunction []
[2019.07.20-04.21.06:568][399]LogWindows: Error: [Callstack] 0x00007ffb27d3743e UE4Editor-Slate.dll!UnknownFunction []
[2019.07.20-04.21.06:568][399]LogWindows: Error: [Callstack] 0x00007ffaf050b07b UE4Editor-ContentBrowser.dll!UnknownFunction []
[2019.07.20-04.21.06:568][399]LogWindows: Error: [Callstack] 0x00007ffb27cd1e66 UE4Editor-Slate.dll!UnknownFunction []
[2019.07.20-04.21.06:568][399]LogWindows: Error: [Callstack] 0x00007ffb27d38dcd UE4Editor-Slate.dll!UnknownFunction []
[2019.07.20-04.21.06:568][399]LogWindows: Error: [Callstack] 0x00007ffb27d2f1ce UE4Editor-Slate.dll!UnknownFunction []
[2019.07.20-04.21.06:568][399]LogWindows: Error: [Callstack] 0x00007ffb5fbcb55a UE4Editor-ApplicationCore.dll!UnknownFunction []
[2019.07.20-04.21.06:568][399]LogWindows: Error: [Callstack] 0x00007ffb5fbbef9f UE4Editor-ApplicationCore.dll!UnknownFunction []
[2019.07.20-04.21.06:568][399]LogWindows: Error: [Callstack] 0x00007ffb5fbcd77f UE4Editor-ApplicationCore.dll!UnknownFunction []
[2019.07.20-04.21.06:568][399]LogWindows: Error: [Callstack] 0x00007ffb5fbbc090 UE4Editor-ApplicationCore.dll!UnknownFunction []
[2019.07.20-04.21.06:568][399]LogWindows: Error: [Callstack] 0x00007ffb7947ca66 USER32.dll!UnknownFunction []
[2019.07.20-04.21.06:568][399]LogWindows: Error: [Callstack] 0x00007ffb7947c582 USER32.dll!UnknownFunction []
[2019.07.20-04.21.06:568][399]LogWindows: Error: [Callstack] 0x00007ffb5fbce946 UE4Editor-ApplicationCore.dll!UnknownFunction []
[2019.07.20-04.21.06:568][399]LogWindows: Error: [Callstack] 0x00007ff70fb85d3e UE4Editor.exe!UnknownFunction []
[2019.07.20-04.21.06:568][399]LogWindows: Error: [Callstack] 0x00007ff70fb9554c UE4Editor.exe!UnknownFunction []
[2019.07.20-04.21.06:568][399]LogWindows: Error: [Callstack] 0x00007ff70fb955ca UE4Editor.exe!UnknownFunction []
[2019.07.20-04.21.06:568][399]LogWindows: Error: [Callstack] 0x00007ff70fba316c UE4Editor.exe!UnknownFunction []
[2019.07.20-04.21.06:568][399]LogWindows: Error: [Callstack] 0x00007ff70fba5b8e UE4Editor.exe!UnknownFunction []
[2019.07.20-04.21.06:568][399]LogWindows: Error: [Callstack] 0x00007ffb7a417974 KERNEL32.DLL!UnknownFunction []
[2019.07.20-04.21.06:568][399]LogWindows: Error: [Callstack] 0x00007ffb7a5ca271 ntdll.dll!UnknownFunction []
[2019.07.20-04.21.06:568][399]LogWindows: Error: 
[2019.07.20-04.21.06:578][399]LogExit: Executing StaticShutdownAfterError
[2019.07.20-04.21.06:583][399]LogWindows: FPlatformMisc::RequestExit(1)
[2019.07.20-04.21.06:690][399]Log file closed, 07/20/19 00:21:06
