Log file open, 07/25/19 22:31:51
LogWindows: Failed to load 'aqProf.dll' (GetLastError=126)
LogWindows: File 'aqProf.dll' does not exist
LogWindows: Failed to load 'VtuneApi.dll' (GetLastError=126)
LogWindows: File 'VtuneApi.dll' does not exist
LogWindows: Failed to load 'VtuneApi32e.dll' (GetLastError=126)
LogWindows: File 'VtuneApi32e.dll' does not exist
LogConsoleResponse: Display: Failed to find resolution value strings in scalability ini. Falling back to default.
LogInit: Display: Running engine for game: TPS
LogPakFile: Registered encryption key '00000000000000000000000000000000': 0 pak files mounted, 0 remain pending
LogPlatformFile: Not using cached read wrapper
LogTaskGraph: Started task graph with 5 named threads and 35 total threads with 3 sets of task threads.
LogStats: Stats thread started at 0.441944
LogD3D11RHI: Loaded GFSDK_Aftermath_Lib.x64.dll
LogICUInternationalization: ICU TimeZone Detection - Raw Offset: -5:00, Platform Override: ''
LogPluginManager: Mounting plugin Paper2D
LogPluginManager: Mounting plugin AISupport
LogPluginManager: Mounting plugin LightPropagationVolume
LogPluginManager: Mounting plugin ActorLayerUtilities
LogPluginManager: Mounting plugin AnimationSharing
LogPluginManager: Mounting plugin CLionSourceCodeAccess
LogPluginManager: Mounting plugin CodeLiteSourceCodeAccess
LogPluginManager: Mounting plugin GitSourceControl
LogPluginManager: Mounting plugin KDevelopSourceCodeAccess
LogPluginManager: Mounting plugin NullSourceCodeAccess
LogPluginManager: Mounting plugin PerforceSourceControl
LogPluginManager: Mounting plugin SubversionSourceControl
LogPluginManager: Mounting plugin UObjectPlugin
LogPluginManager: Mounting plugin VisualStudioCodeSourceCodeAccess
LogPluginManager: Mounting plugin VisualStudioSourceCodeAccess
LogPluginManager: Mounting plugin XCodeSourceCodeAccess
LogPluginManager: Mounting plugin AssetManagerEditor
LogPluginManager: Mounting plugin CryptoKeys
LogPluginManager: Mounting plugin DataValidation
LogPluginManager: Mounting plugin FacialAnimation
LogPluginManager: Mounting plugin GameplayTagsEditor
LogPluginManager: Mounting plugin MacGraphicsSwitching
LogPluginManager: Mounting plugin MaterialAnalyzer
LogPluginManager: Mounting plugin MobileLauncherProfileWizard
LogPluginManager: Mounting plugin PluginBrowser
LogPluginManager: Mounting plugin SpeedTreeImporter
LogPluginManager: Mounting plugin DatasmithContent
LogPluginManager: Mounting plugin VariantManagerContent
LogPluginManager: Mounting plugin AlembicImporter
LogPluginManager: Mounting plugin AppleImageUtils
LogPluginManager: Mounting plugin AppleVision
LogPluginManager: Mounting plugin BackChannel
LogPluginManager: Mounting plugin CharacterAI
LogPluginManager: Mounting plugin GeometryCache
LogPluginManager: Mounting plugin HTML5Networking
LogPluginManager: Mounting plugin ProxyLODPlugin
LogPluginManager: Mounting plugin SkeletalReduction
LogPluginManager: Mounting plugin MagicLeap
LogPluginManager: Mounting plugin MagicLeapMedia
LogPluginManager: Mounting plugin AndroidMedia
LogPluginManager: Mounting plugin AvfMedia
LogPluginManager: Mounting plugin ImgMedia
LogPluginManager: Mounting plugin LinearTimecode
LogPluginManager: Mounting plugin MediaCompositing
LogPluginManager: Mounting plugin MediaPlayerEditor
LogPluginManager: Mounting plugin WebMMedia
LogPluginManager: Mounting plugin WmfMedia
LogPluginManager: Mounting plugin TcpMessaging
LogPluginManager: Mounting plugin UdpMessaging
LogPluginManager: Mounting plugin ActorSequence
LogPluginManager: Mounting plugin LevelSequenceEditor
LogPluginManager: Mounting plugin MatineeToLevelSequence
LogPluginManager: Mounting plugin NetcodeUnitTest
LogPluginManager: Mounting plugin NUTUnrealEngine4
LogPluginManager: Mounting plugin OnlineSubsystemGooglePlay
LogPluginManager: Mounting plugin OnlineSubsystemIOS
LogPluginManager: Mounting plugin OnlineSubsystem
LogPluginManager: Mounting plugin OnlineSubsystemNull
LogPluginManager: Mounting plugin OnlineSubsystemUtils
LogPluginManager: Mounting plugin LauncherChunkInstaller
LogPluginManager: Mounting plugin AndroidDeviceProfileSelector
LogPluginManager: Mounting plugin AndroidMoviePlayer
LogPluginManager: Mounting plugin AndroidPermission
LogPluginManager: Mounting plugin AppleMoviePlayer
LogPluginManager: Mounting plugin ArchVisCharacter
LogPluginManager: Mounting plugin AudioCapture
LogPluginManager: Mounting plugin CableComponent
LogPluginManager: Mounting plugin CustomMeshComponent
LogPluginManager: Mounting plugin EditableMesh
LogPluginManager: Mounting plugin ExampleDeviceProfileSelector
LogPluginManager: Mounting plugin Firebase
LogPluginManager: Mounting plugin GoogleCloudMessaging
LogPluginManager: Mounting plugin IOSDeviceProfileSelector
LogPluginManager: Mounting plugin LinuxDeviceProfileSelector
LogPluginManager: Mounting plugin LocationServicesBPLibrary
LogPluginManager: Mounting plugin MobilePatchingUtils
LogPluginManager: Mounting plugin OculusVR
LogPluginManager: Mounting plugin PhysXVehicles
LogPluginManager: Mounting plugin ProceduralMeshComponent
LogPluginManager: Mounting plugin RuntimePhysXCooking
LogPluginManager: Mounting plugin SignificanceManager
LogPluginManager: Mounting plugin SteamVR
LogPluginManager: Mounting plugin WebMMoviePlayer
LogPluginManager: Mounting plugin WindowsMoviePlayer
LogInit: Using libcurl 7.55.1-DEV
LogInit:  - built for x86_64-pc-win32
LogInit:  - supports SSL with OpenSSL/1.1.1
LogInit:  - supports HTTP deflate (compression) using libz 1.2.8
LogInit:  - other features:
LogInit:      CURL_VERSION_SSL
LogInit:      CURL_VERSION_LIBZ
LogInit:      CURL_VERSION_IPV6
LogInit:      CURL_VERSION_ASYNCHDNS
LogInit:      CURL_VERSION_LARGEFILE
LogInit:      CURL_VERSION_IDN
LogInit:  CurlRequestOptions (configurable via config and command line):
LogInit:  - bVerifyPeer = true  - Libcurl will verify peer certificate
LogInit:  - bUseHttpProxy = false  - Libcurl will NOT use HTTP proxy
LogInit:  - bDontReuseConnections = false  - Libcurl will reuse connections
LogInit:  - MaxHostConnections = 16  - Libcurl will limit the number of connections to a host
LogInit:  - LocalHostAddr = Default
LogInit:  - BufferSize = 65536
LogInit: WinSock: version 1.1 (2.2), MaxSocks=32767, MaxUdp=65467
LogInit: Build: ++UE4+Release-4.22-CL-7053642
LogInit: Engine Version: 4.22.3-7053642+++UE4+Release-4.22
LogInit: Compatible Engine Version: 4.22.0-5660361+++UE4+Release-4.22
LogInit: Net CL: 5660361
LogInit: OS: Windows 10 (Release 1809) (), CPU: Intel(R) Core(TM) i7-6800K CPU @ 3.40GHz, GPU: NVIDIA GeForce GTX 1080
LogInit: Compiled (64-bit): Jun 18 2019 03:09:11
LogInit: Compiled with Visual C++: 19.16.27025.01
LogInit: Build Configuration: Development
LogInit: Branch Name: ++UE4+Release-4.22
LogInit: Command Line: 
LogInit: Base Directory: C:/Program Files/Epic Games/UE_4.22/Engine/Binaries/Win64/
LogInit: Installed Engine Build: 1
LogDevObjectVersion: Number of dev versions registered: 23
LogDevObjectVersion:   Dev-Blueprints (B0D832E4-1F89-4F0D-ACCF-7EB736FD4AA2): 10
LogDevObjectVersion:   Dev-Build (E1C64328-A22C-4D53-A36C-8E866417BD8C): 0
LogDevObjectVersion:   Dev-Core (375EC13C-06E4-48FB-B500-84F0262A717E): 3
LogDevObjectVersion:   Dev-Editor (E4B068ED-F494-42E9-A231-DA0B2E46BB41): 30
LogDevObjectVersion:   Dev-Framework (CFFC743F-43B0-4480-9391-14DF171D2073): 35
LogDevObjectVersion:   Dev-Mobile (B02B49B5-BB20-44E9-A304-32B752E40360): 2
LogDevObjectVersion:   Dev-Networking (A4E4105C-59A1-49B5-A7C5-40C4547EDFEE): 0
LogDevObjectVersion:   Dev-Online (39C831C9-5AE6-47DC-9A44-9C173E1C8E7C): 0
LogDevObjectVersion:   Dev-Physics (78F01B33-EBEA-4F98-B9B4-84EACCB95AA2): 0
LogDevObjectVersion:   Dev-Platform (6631380F-2D4D-43E0-8009-CF276956A95A): 0
LogDevObjectVersion:   Dev-Rendering (12F88B9F-8875-4AFC-A67C-D90C383ABD29): 28
LogDevObjectVersion:   Dev-Sequencer (7B5AE74C-D270-4C10-A958-57980B212A5A): 11
LogDevObjectVersion:   Dev-VR (D7296918-1DD6-4BDD-9DE2-64A83CC13884): 2
LogDevObjectVersion:   Dev-LoadTimes (C2A15278-BFE7-4AFE-6C17-90FF531DF755): 1
LogDevObjectVersion:   Private-Geometry (6EACA3D4-40EC-4CC1-B786-8BED09428FC5): 3
LogDevObjectVersion:   Dev-AnimPhys (29E575DD-E0A3-4627-9D10-D276232CDCEA): 17
LogDevObjectVersion:   Dev-Anim (AF43A65D-7FD3-4947-9873-3E8ED9C1BB05): 2
LogDevObjectVersion:   Dev-ReflectionCapture (6B266CEC-1EC7-4B8F-A30B-E4D90942FC07): 1
LogDevObjectVersion:   Dev-Automation (0DF73D61-A23F-47EA-B727-89E90C41499A): 1
LogDevObjectVersion:   FortniteMain (601D1886-AC64-4F84-AA16-D3DE0DEAC7D6): 25
LogDevObjectVersion:   Dev-Enterprise (9DFFBCD6-494F-0158-E221-12823C92A888): 6
LogDevObjectVersion:   Dev-Niagara (F2AED0AC-9AFE-416F-8664-AA7FFA26D6FC): 1
LogDevObjectVersion:   Dev-Destruction (174F1F0B-B4C6-45A5-B13F-2EE8D0FB917D): 2
LogInit: Presizing for max 16777216 objects, including 0 objects not considered by GC, pre-allocating 0 bytes for permanent pool.
LogInit: Object subsystem initialized
LogConfig: Setting CVar [[con.DebugEarlyDefault:1]]
LogConfig: Setting CVar [[r.setres:1280x720]]
[2019.07.26-02.31.51:442][  0]LogConfig: Setting CVar [[r.VSync:0]]
[2019.07.26-02.31.51:442][  0]LogConfig: Setting CVar [[r.RHICmdBypass:0]]
[2019.07.26-02.31.51:442][  0]LogConfig: Applying CVar settings from Section [/Script/Engine.RendererSettings] File [C:/Users/Schreiber/Documents/Unreal Projects/TPS TEST ZONE/Saved/Config/Windows/Engine.ini]
[2019.07.26-02.31.51:442][  0]LogConfig: Setting CVar [[r.GPUCrashDebugging:0]]
[2019.07.26-02.31.51:442][  0]LogConfig: Applying CVar settings from Section [/Script/Engine.RendererOverrideSettings] File [C:/Users/Schreiber/Documents/Unreal Projects/TPS TEST ZONE/Saved/Config/Windows/Engine.ini]
[2019.07.26-02.31.51:442][  0]LogConfig: Applying CVar settings from Section [/Script/Engine.StreamingSettings] File [C:/Users/Schreiber/Documents/Unreal Projects/TPS TEST ZONE/Saved/Config/Windows/Engine.ini]
[2019.07.26-02.31.51:442][  0]LogConfig: Setting CVar [[s.MinBulkDataSizeForAsyncLoading:131072]]
[2019.07.26-02.31.51:442][  0]LogConfig: Setting CVar [[s.AsyncLoadingThreadEnabled:0]]
[2019.07.26-02.31.51:442][  0]LogConfig: Setting CVar [[s.EventDrivenLoaderEnabled:1]]
[2019.07.26-02.31.51:442][  0]LogConfig: Setting CVar [[s.WarnIfTimeLimitExceeded:0]]
[2019.07.26-02.31.51:442][  0]LogConfig: Setting CVar [[s.TimeLimitExceededMultiplier:1.5]]
[2019.07.26-02.31.51:442][  0]LogConfig: Setting CVar [[s.TimeLimitExceededMinTime:0.005]]
[2019.07.26-02.31.51:442][  0]LogConfig: Setting CVar [[s.UseBackgroundLevelStreaming:1]]
[2019.07.26-02.31.51:442][  0]LogConfig: Setting CVar [[s.PriorityAsyncLoadingExtraTime:15.0]]
[2019.07.26-02.31.51:442][  0]LogConfig: Setting CVar [[s.LevelStreamingActorsUpdateTimeLimit:5.0]]
[2019.07.26-02.31.51:442][  0]LogConfig: Setting CVar [[s.PriorityLevelStreamingActorsUpdateExtraTime:5.0]]
[2019.07.26-02.31.51:442][  0]LogConfig: Setting CVar [[s.LevelStreamingComponentsRegistrationGranularity:10]]
[2019.07.26-02.31.51:442][  0]LogConfig: Setting CVar [[s.UnregisterComponentsTimeLimit:1.0]]
[2019.07.26-02.31.51:442][  0]LogConfig: Setting CVar [[s.LevelStreamingComponentsUnregistrationGranularity:5]]
[2019.07.26-02.31.51:442][  0]LogConfig: Applying CVar settings from Section [/Script/Engine.GarbageCollectionSettings] File [C:/Users/Schreiber/Documents/Unreal Projects/TPS TEST ZONE/Saved/Config/Windows/Engine.ini]
[2019.07.26-02.31.51:442][  0]LogConfig: Setting CVar [[gc.MaxObjectsNotConsideredByGC:1]]
[2019.07.26-02.31.51:442][  0]LogConfig: Setting CVar [[gc.SizeOfPermanentObjectPool:0]]
[2019.07.26-02.31.51:442][  0]LogConfig: Setting CVar [[gc.FlushStreamingOnGC:0]]
[2019.07.26-02.31.51:442][  0]LogConfig: Setting CVar [[gc.NumRetriesBeforeForcingGC:10]]
[2019.07.26-02.31.51:442][  0]LogConfig: Setting CVar [[gc.AllowParallelGC:1]]
[2019.07.26-02.31.51:442][  0]LogConfig: Setting CVar [[gc.TimeBetweenPurgingPendingKillObjects:61.1]]
[2019.07.26-02.31.51:442][  0]LogConfig: Setting CVar [[gc.MaxObjectsInEditor:16777216]]
[2019.07.26-02.31.51:442][  0]LogConfig: Setting CVar [[gc.IncrementalBeginDestroyEnabled:1]]
[2019.07.26-02.31.51:442][  0]LogConfig: Setting CVar [[gc.CreateGCClusters:1]]
[2019.07.26-02.31.51:442][  0]LogConfig: Setting CVar [[gc.MinGCClusterSize:5]]
[2019.07.26-02.31.51:442][  0]LogConfig: Setting CVar [[gc.ActorClusteringEnabled:0]]
[2019.07.26-02.31.51:442][  0]LogConfig: Setting CVar [[gc.BlueprintClusteringEnabled:0]]
[2019.07.26-02.31.51:442][  0]LogConfig: Setting CVar [[gc.UseDisregardForGCOnDedicatedServers:0]]
[2019.07.26-02.31.51:442][  0]LogConfig: Applying CVar settings from Section [/Script/Engine.NetworkSettings] File [C:/Users/Schreiber/Documents/Unreal Projects/TPS TEST ZONE/Saved/Config/Windows/Engine.ini]
[2019.07.26-02.31.51:442][  0]LogConfig: Applying CVar settings from Section [/Script/UnrealEd.CookerSettings] File [C:/Users/Schreiber/Documents/Unreal Projects/TPS TEST ZONE/Saved/Config/Windows/Engine.ini]
[2019.07.26-02.31.51:452][  0]LogConfig: Applying CVar settings from Section [ViewDistanceQuality@3] File [C:/Users/Schreiber/Documents/Unreal Projects/TPS TEST ZONE/Saved/Config/Windows/Scalability.ini]
[2019.07.26-02.31.51:452][  0]LogConfig: Setting CVar [[r.SkeletalMeshLODBias:0]]
[2019.07.26-02.31.51:452][  0]LogConfig: Setting CVar [[r.ViewDistanceScale:1.0]]
[2019.07.26-02.31.51:452][  0]LogConfig: Applying CVar settings from Section [AntiAliasingQuality@3] File [C:/Users/Schreiber/Documents/Unreal Projects/TPS TEST ZONE/Saved/Config/Windows/Scalability.ini]
[2019.07.26-02.31.51:452][  0]LogConfig: Setting CVar [[r.PostProcessAAQuality:4]]
[2019.07.26-02.31.51:452][  0]LogConfig: Applying CVar settings from Section [ShadowQuality@3] File [C:/Users/Schreiber/Documents/Unreal Projects/TPS TEST ZONE/Saved/Config/Windows/Scalability.ini]
[2019.07.26-02.31.51:452][  0]LogConfig: Setting CVar [[r.LightFunctionQuality:1]]
[2019.07.26-02.31.51:452][  0]LogConfig: Setting CVar [[r.ShadowQuality:5]]
[2019.07.26-02.31.51:452][  0]LogConfig: Setting CVar [[r.Shadow.CSM.MaxCascades:10]]
[2019.07.26-02.31.51:452][  0]LogConfig: Setting CVar [[r.Shadow.MaxResolution:2048]]
[2019.07.26-02.31.51:452][  0]LogConfig: Setting CVar [[r.Shadow.MaxCSMResolution:2048]]
[2019.07.26-02.31.51:452][  0]LogConfig: Setting CVar [[r.Shadow.RadiusThreshold:0.01]]
[2019.07.26-02.31.51:452][  0]LogConfig: Setting CVar [[r.Shadow.DistanceScale:1.0]]
[2019.07.26-02.31.51:452][  0]LogConfig: Setting CVar [[r.Shadow.CSM.TransitionScale:1.0]]
[2019.07.26-02.31.51:452][  0]LogConfig: Setting CVar [[r.Shadow.PreShadowResolutionFactor:1.0]]
[2019.07.26-02.31.51:452][  0]LogConfig: Setting CVar [[r.DistanceFieldShadowing:1]]
[2019.07.26-02.31.51:452][  0]LogConfig: Setting CVar [[r.DistanceFieldAO:1]]
[2019.07.26-02.31.51:452][  0]LogConfig: Setting CVar [[r.AOQuality:2]]
[2019.07.26-02.31.51:452][  0]LogConfig: Setting CVar [[r.VolumetricFog:1]]
[2019.07.26-02.31.51:452][  0]LogConfig: Setting CVar [[r.VolumetricFog.GridPixelSize:8]]
[2019.07.26-02.31.51:452][  0]LogConfig: Setting CVar [[r.VolumetricFog.GridSizeZ:128]]
[2019.07.26-02.31.51:452][  0]LogConfig: Setting CVar [[r.VolumetricFog.HistoryMissSupersampleCount:4]]
[2019.07.26-02.31.51:452][  0]LogConfig: Setting CVar [[r.LightMaxDrawDistanceScale:1]]
[2019.07.26-02.31.51:452][  0]LogConfig: Setting CVar [[r.CapsuleShadows:1]]
[2019.07.26-02.31.51:452][  0]LogConfig: Applying CVar settings from Section [PostProcessQuality@3] File [C:/Users/Schreiber/Documents/Unreal Projects/TPS TEST ZONE/Saved/Config/Windows/Scalability.ini]
[2019.07.26-02.31.51:452][  0]LogConfig: Setting CVar [[r.MotionBlurQuality:4]]
[2019.07.26-02.31.51:452][  0]LogConfig: Setting CVar [[r.AmbientOcclusionMipLevelFactor:0.4]]
[2019.07.26-02.31.51:452][  0]LogConfig: Setting CVar [[r.AmbientOcclusionMaxQuality:100]]
[2019.07.26-02.31.51:452][  0]LogConfig: Setting CVar [[r.AmbientOcclusionLevels:-1]]
[2019.07.26-02.31.51:452][  0]LogConfig: Setting CVar [[r.AmbientOcclusionRadiusScale:1.0]]
[2019.07.26-02.31.51:452][  0]LogConfig: Setting CVar [[r.DepthOfFieldQuality:2]]
[2019.07.26-02.31.51:452][  0]LogConfig: Setting CVar [[r.RenderTargetPoolMin:400]]
[2019.07.26-02.31.51:452][  0]LogConfig: Setting CVar [[r.LensFlareQuality:2]]
[2019.07.26-02.31.51:452][  0]LogConfig: Setting CVar [[r.SceneColorFringeQuality:1]]
[2019.07.26-02.31.51:452][  0]LogConfig: Setting CVar [[r.EyeAdaptationQuality:2]]
[2019.07.26-02.31.51:452][  0]LogConfig: Setting CVar [[r.BloomQuality:5]]
[2019.07.26-02.31.51:452][  0]LogConfig: Setting CVar [[r.FastBlurThreshold:100]]
[2019.07.26-02.31.51:452][  0]LogConfig: Setting CVar [[r.Upscale.Quality:3]]
[2019.07.26-02.31.51:452][  0]LogConfig: Setting CVar [[r.Tonemapper.GrainQuantization:1]]
[2019.07.26-02.31.51:452][  0]LogConfig: Setting CVar [[r.LightShaftQuality:1]]
[2019.07.26-02.31.51:452][  0]LogConfig: Setting CVar [[r.Filter.SizeScale:1]]
[2019.07.26-02.31.51:452][  0]LogConfig: Setting CVar [[r.Tonemapper.Quality:5]]
[2019.07.26-02.31.51:452][  0]LogConfig: Setting CVar [[r.DOF.Gather.AccumulatorQuality:1        ; higher gathering accumulator quality]]
[2019.07.26-02.31.51:452][  0]LogConfig: Setting CVar [[r.DOF.Gather.PostfilterMethod:1          ; Median3x3 postfilering method]]
[2019.07.26-02.31.51:452][  0]LogConfig: Setting CVar [[r.DOF.Gather.EnableBokehSettings:0       ; no bokeh simulation when gathering]]
[2019.07.26-02.31.51:452][  0]LogConfig: Setting CVar [[r.DOF.Gather.RingCount:4                 ; medium number of samples when gathering]]
[2019.07.26-02.31.51:452][  0]LogConfig: Setting CVar [[r.DOF.Scatter.ForegroundCompositing:1    ; additive foreground scattering]]
[2019.07.26-02.31.51:452][  0]LogConfig: Setting CVar [[r.DOF.Scatter.BackgroundCompositing:2    ; additive background scattering]]
[2019.07.26-02.31.51:452][  0]LogConfig: Setting CVar [[r.DOF.Scatter.EnableBokehSettings:1      ; bokeh simulation when scattering]]
[2019.07.26-02.31.51:452][  0]LogConfig: Setting CVar [[r.DOF.Scatter.MaxSpriteRatio:0.1         ; only a maximum of 10% of scattered bokeh]]
[2019.07.26-02.31.51:452][  0]LogConfig: Setting CVar [[r.DOF.Recombine.Quality:1                ; cheap slight out of focus]]
[2019.07.26-02.31.51:452][  0]LogConfig: Setting CVar [[r.DOF.Recombine.EnableBokehSettings:0    ; no bokeh simulation on slight out of focus]]
[2019.07.26-02.31.51:452][  0]LogConfig: Setting CVar [[r.DOF.TemporalAAQuality:1                ; more stable temporal accumulation]]
[2019.07.26-02.31.51:452][  0]LogConfig: Setting CVar [[r.DOF.Kernel.MaxForegroundRadius:0.025]]
[2019.07.26-02.31.51:452][  0]LogConfig: Setting CVar [[r.DOF.Kernel.MaxBackgroundRadius:0.025]]
[2019.07.26-02.31.51:452][  0]LogConfig: Applying CVar settings from Section [TextureQuality@3] File [C:/Users/Schreiber/Documents/Unreal Projects/TPS TEST ZONE/Saved/Config/Windows/Scalability.ini]
[2019.07.26-02.31.51:452][  0]LogConfig: Setting CVar [[r.Streaming.MipBias:0]]
[2019.07.26-02.31.51:452][  0]LogConfig: Setting CVar [[r.Streaming.AmortizeCPUToGPUCopy:0]]
[2019.07.26-02.31.51:452][  0]LogConfig: Setting CVar [[r.Streaming.MaxNumTexturesToStreamPerFrame:0]]
[2019.07.26-02.31.51:452][  0]LogConfig: Setting CVar [[r.Streaming.Boost:1]]
[2019.07.26-02.31.51:452][  0]LogConfig: Setting CVar [[r.MaxAnisotropy:8]]
[2019.07.26-02.31.51:452][  0]LogConfig: Setting CVar [[r.Streaming.LimitPoolSizeToVRAM:0]]
[2019.07.26-02.31.51:452][  0]LogConfig: Setting CVar [[r.Streaming.PoolSize:1000]]
[2019.07.26-02.31.51:452][  0]LogConfig: Setting CVar [[r.Streaming.MaxEffectiveScreenSize:0]]
[2019.07.26-02.31.51:452][  0]LogConfig: Applying CVar settings from Section [EffectsQuality@3] File [C:/Users/Schreiber/Documents/Unreal Projects/TPS TEST ZONE/Saved/Config/Windows/Scalability.ini]
[2019.07.26-02.31.51:452][  0]LogConfig: Setting CVar [[r.TranslucencyLightingVolumeDim:64]]
[2019.07.26-02.31.51:452][  0]LogConfig: Setting CVar [[r.RefractionQuality:2]]
[2019.07.26-02.31.51:452][  0]LogConfig: Setting CVar [[r.SSR.Quality:3]]
[2019.07.26-02.31.51:452][  0]LogConfig: Setting CVar [[r.SceneColorFormat:4]]
[2019.07.26-02.31.51:452][  0]LogConfig: Setting CVar [[r.DetailMode:2]]
[2019.07.26-02.31.51:452][  0]LogConfig: Setting CVar [[r.TranslucencyVolumeBlur:1]]
[2019.07.26-02.31.51:452][  0]LogConfig: Setting CVar [[r.MaterialQualityLevel:1 ; High quality]]
[2019.07.26-02.31.51:453][  0]LogConfig: Setting CVar [[r.SSS.Scale:1]]
[2019.07.26-02.31.51:453][  0]LogConfig: Setting CVar [[r.SSS.SampleSet:2]]
[2019.07.26-02.31.51:453][  0]LogConfig: Setting CVar [[r.SSS.Quality:1]]
[2019.07.26-02.31.51:453][  0]LogConfig: Setting CVar [[r.SSS.HalfRes:1]]
[2019.07.26-02.31.51:453][  0]LogConfig: Setting CVar [[r.EmitterSpawnRateScale:1.0]]
[2019.07.26-02.31.51:453][  0]LogConfig: Setting CVar [[r.ParticleLightQuality:2]]
[2019.07.26-02.31.51:453][  0]LogConfig: Applying CVar settings from Section [FoliageQuality@3] File [C:/Users/Schreiber/Documents/Unreal Projects/TPS TEST ZONE/Saved/Config/Windows/Scalability.ini]
[2019.07.26-02.31.51:453][  0]LogConfig: Setting CVar [[foliage.DensityScale:1.0]]
[2019.07.26-02.31.51:453][  0]LogConfig: Setting CVar [[grass.DensityScale:1.0]]
[2019.07.26-02.31.51:453][  0]LogInit: Selected Device Profile: [Windows]
[2019.07.26-02.31.51:453][  0]LogInit: Applying CVar settings loaded from the selected device profile: [Windows]
[2019.07.26-02.31.51:461][  0]LogHAL: Display: Platform has ~ 32 GB [34263347200 / 34359738368 / 32], which maps to Largest [LargestMinGB=32, LargerMinGB=12, DefaultMinGB=8, SmallerMinGB=6, SmallestMinGB=0)
[2019.07.26-02.31.51:461][  0]LogConfig: Setting CVar [[r.Vulkan.UseRealUBs:0		; Required until we fix HLR fall-out]]
[2019.07.26-02.31.51:461][  0]LogInit: Going up to parent DeviceProfile []
[2019.07.26-02.31.51:461][  0]LogConfig: Applying CVar settings from Section [ViewDistanceQuality@Cine] File [C:/Users/Schreiber/Documents/Unreal Projects/TPS TEST ZONE/Saved/Config/Windows/Scalability.ini]
[2019.07.26-02.31.51:461][  0]LogConfig: Setting CVar [[r.SkeletalMeshLODBias:0]]
[2019.07.26-02.31.51:461][  0]LogConfig: Setting CVar [[r.ViewDistanceScale:10.0]]
[2019.07.26-02.31.51:461][  0]LogConfig: Applying CVar settings from Section [AntiAliasingQuality@Cine] File [C:/Users/Schreiber/Documents/Unreal Projects/TPS TEST ZONE/Saved/Config/Windows/Scalability.ini]
[2019.07.26-02.31.51:461][  0]LogConfig: Setting CVar [[r.PostProcessAAQuality:6]]
[2019.07.26-02.31.51:461][  0]LogConfig: Applying CVar settings from Section [ShadowQuality@Cine] File [C:/Users/Schreiber/Documents/Unreal Projects/TPS TEST ZONE/Saved/Config/Windows/Scalability.ini]
[2019.07.26-02.31.51:461][  0]LogConfig: Setting CVar [[r.LightFunctionQuality:1]]
[2019.07.26-02.31.51:461][  0]LogConfig: Setting CVar [[r.ShadowQuality:5]]
[2019.07.26-02.31.51:462][  0]LogConfig: Setting CVar [[r.Shadow.CSM.MaxCascades:10]]
[2019.07.26-02.31.51:462][  0]LogConfig: Setting CVar [[r.Shadow.MaxResolution:4096]]
[2019.07.26-02.31.51:462][  0]LogConfig: Setting CVar [[r.Shadow.MaxCSMResolution:4096]]
[2019.07.26-02.31.51:462][  0]LogConfig: Setting CVar [[r.Shadow.RadiusThreshold:0]]
[2019.07.26-02.31.51:462][  0]LogConfig: Setting CVar [[r.Shadow.DistanceScale:1.0]]
[2019.07.26-02.31.51:462][  0]LogConfig: Setting CVar [[r.Shadow.CSM.TransitionScale:1.0]]
[2019.07.26-02.31.51:462][  0]LogConfig: Setting CVar [[r.Shadow.PreShadowResolutionFactor:1.0]]
[2019.07.26-02.31.51:462][  0]LogConfig: Setting CVar [[r.DistanceFieldShadowing:1]]
[2019.07.26-02.31.51:462][  0]LogConfig: Setting CVar [[r.DistanceFieldAO:1]]
[2019.07.26-02.31.51:462][  0]LogConfig: Setting CVar [[r.AOQuality:2]]
[2019.07.26-02.31.51:462][  0]LogConfig: Setting CVar [[r.VolumetricFog:1]]
[2019.07.26-02.31.51:462][  0]LogConfig: Setting CVar [[r.VolumetricFog.GridPixelSize:4]]
[2019.07.26-02.31.51:462][  0]LogConfig: Setting CVar [[r.VolumetricFog.GridSizeZ:128]]
[2019.07.26-02.31.51:462][  0]LogConfig: Setting CVar [[r.VolumetricFog.HistoryMissSupersampleCount:16]]
[2019.07.26-02.31.51:462][  0]LogConfig: Setting CVar [[r.LightMaxDrawDistanceScale:1]]
[2019.07.26-02.31.51:462][  0]LogConfig: Setting CVar [[r.CapsuleShadows:1]]
[2019.07.26-02.31.51:462][  0]LogConfig: Applying CVar settings from Section [PostProcessQuality@Cine] File [C:/Users/Schreiber/Documents/Unreal Projects/TPS TEST ZONE/Saved/Config/Windows/Scalability.ini]
[2019.07.26-02.31.51:462][  0]LogConfig: Setting CVar [[r.MotionBlurQuality:4]]
[2019.07.26-02.31.51:462][  0]LogConfig: Setting CVar [[r.AmbientOcclusionMipLevelFactor:0.4]]
[2019.07.26-02.31.51:462][  0]LogConfig: Setting CVar [[r.AmbientOcclusionMaxQuality:100]]
[2019.07.26-02.31.51:462][  0]LogConfig: Setting CVar [[r.AmbientOcclusionLevels:-1]]
[2019.07.26-02.31.51:462][  0]LogConfig: Setting CVar [[r.AmbientOcclusionRadiusScale:1.0]]
[2019.07.26-02.31.51:462][  0]LogConfig: Setting CVar [[r.DepthOfFieldQuality:4]]
[2019.07.26-02.31.51:462][  0]LogConfig: Setting CVar [[r.RenderTargetPoolMin:1000]]
[2019.07.26-02.31.51:462][  0]LogConfig: Setting CVar [[r.LensFlareQuality:3]]
[2019.07.26-02.31.51:462][  0]LogConfig: Setting CVar [[r.SceneColorFringeQuality:1]]
[2019.07.26-02.31.51:462][  0]LogConfig: Setting CVar [[r.EyeAdaptationQuality:2]]
[2019.07.26-02.31.51:462][  0]LogConfig: Setting CVar [[r.BloomQuality:5]]
[2019.07.26-02.31.51:462][  0]LogConfig: Setting CVar [[r.FastBlurThreshold:100]]
[2019.07.26-02.31.51:462][  0]LogConfig: Setting CVar [[r.Upscale.Quality:3]]
[2019.07.26-02.31.51:462][  0]LogConfig: Setting CVar [[r.Tonemapper.GrainQuantization:1]]
[2019.07.26-02.31.51:462][  0]LogConfig: Setting CVar [[r.LightShaftQuality:1]]
[2019.07.26-02.31.51:462][  0]LogConfig: Setting CVar [[r.Filter.SizeScale:1]]
[2019.07.26-02.31.51:462][  0]LogConfig: Setting CVar [[r.Tonemapper.Quality:5]]
[2019.07.26-02.31.51:462][  0]LogConfig: Setting CVar [[r.DOF.Gather.AccumulatorQuality:1        ; higher gathering accumulator quality]]
[2019.07.26-02.31.51:462][  0]LogConfig: Setting CVar [[r.DOF.Gather.PostfilterMethod:1          ; Median3x3 postfilering method]]
[2019.07.26-02.31.51:462][  0]LogConfig: Setting CVar [[r.DOF.Gather.EnableBokehSettings:1       ; bokeh simulation when gathering]]
[2019.07.26-02.31.51:462][  0]LogConfig: Setting CVar [[r.DOF.Gather.RingCount:5                 ; high number of samples when gathering]]
[2019.07.26-02.31.51:462][  0]LogConfig: Setting CVar [[r.DOF.Scatter.ForegroundCompositing:1    ; additive foreground scattering]]
[2019.07.26-02.31.51:462][  0]LogConfig: Setting CVar [[r.DOF.Scatter.BackgroundCompositing:2    ; background scattering occlusion]]
[2019.07.26-02.31.51:462][  0]LogConfig: Setting CVar [[r.DOF.Scatter.EnableBokehSettings:1      ; no bokeh simulation when scattering]]
[2019.07.26-02.31.51:462][  0]LogConfig: Setting CVar [[r.DOF.Scatter.MaxSpriteRatio:0.1         ; only a maximum of 10% of scattered bokeh]]
[2019.07.26-02.31.51:462][  0]LogConfig: Setting CVar [[r.DOF.Recombine.Quality:2                ; highest slight out of focus]]
[2019.07.26-02.31.51:462][  0]LogConfig: Setting CVar [[r.DOF.Recombine.EnableBokehSettings:1    ; bokeh simulation on slight out of focus]]
[2019.07.26-02.31.51:462][  0]LogConfig: Setting CVar [[r.DOF.TemporalAAQuality:1                ; more stable temporal accumulation]]
[2019.07.26-02.31.51:462][  0]LogConfig: Setting CVar [[r.DOF.Kernel.MaxForegroundRadius:0.025]]
[2019.07.26-02.31.51:462][  0]LogConfig: Setting CVar [[r.DOF.Kernel.MaxBackgroundRadius:0.025]]
[2019.07.26-02.31.51:462][  0]LogConfig: Applying CVar settings from Section [TextureQuality@Cine] File [C:/Users/Schreiber/Documents/Unreal Projects/TPS TEST ZONE/Saved/Config/Windows/Scalability.ini]
[2019.07.26-02.31.51:462][  0]LogConfig: Setting CVar [[r.Streaming.MipBias:0]]
[2019.07.26-02.31.51:462][  0]LogConfig: Setting CVar [[r.Streaming.AmortizeCPUToGPUCopy:0]]
[2019.07.26-02.31.51:462][  0]LogConfig: Setting CVar [[r.Streaming.MaxNumTexturesToStreamPerFrame:0]]
[2019.07.26-02.31.51:462][  0]LogConfig: Setting CVar [[r.Streaming.Boost:1]]
[2019.07.26-02.31.51:462][  0]LogConfig: Setting CVar [[r.MaxAnisotropy:8]]
[2019.07.26-02.31.51:462][  0]LogConfig: Setting CVar [[r.Streaming.LimitPoolSizeToVRAM:0]]
[2019.07.26-02.31.51:462][  0]LogConfig: Setting CVar [[r.Streaming.PoolSize:3000]]
[2019.07.26-02.31.51:462][  0]LogConfig: Setting CVar [[r.Streaming.MaxEffectiveScreenSize:0]]
[2019.07.26-02.31.51:462][  0]LogConfig: Applying CVar settings from Section [EffectsQuality@Cine] File [C:/Users/Schreiber/Documents/Unreal Projects/TPS TEST ZONE/Saved/Config/Windows/Scalability.ini]
[2019.07.26-02.31.51:462][  0]LogConfig: Setting CVar [[r.TranslucencyLightingVolumeDim:64]]
[2019.07.26-02.31.51:462][  0]LogConfig: Setting CVar [[r.RefractionQuality:2]]
[2019.07.26-02.31.51:462][  0]LogConfig: Setting CVar [[r.SSR.Quality:4]]
[2019.07.26-02.31.51:462][  0]LogConfig: Setting CVar [[r.SceneColorFormat:4]]
[2019.07.26-02.31.51:462][  0]LogConfig: Setting CVar [[r.DetailMode:2]]
[2019.07.26-02.31.51:462][  0]LogConfig: Setting CVar [[r.TranslucencyVolumeBlur:1]]
[2019.07.26-02.31.51:462][  0]LogConfig: Setting CVar [[r.MaterialQualityLevel:1 ; High quality]]
[2019.07.26-02.31.51:462][  0]LogConfig: Setting CVar [[r.SSS.Scale:1]]
[2019.07.26-02.31.51:462][  0]LogConfig: Setting CVar [[r.SSS.SampleSet:2]]
[2019.07.26-02.31.51:462][  0]LogConfig: Setting CVar [[r.SSS.Quality:1]]
[2019.07.26-02.31.51:462][  0]LogConfig: Setting CVar [[r.SSS.HalfRes:0]]
[2019.07.26-02.31.51:462][  0]LogConfig: Setting CVar [[r.EmitterSpawnRateScale:1.0]]
[2019.07.26-02.31.51:462][  0]LogConfig: Setting CVar [[r.ParticleLightQuality:2]]
[2019.07.26-02.31.51:462][  0]LogConfig: Applying CVar settings from Section [FoliageQuality@Cine] File [C:/Users/Schreiber/Documents/Unreal Projects/TPS TEST ZONE/Saved/Config/Windows/Scalability.ini]
[2019.07.26-02.31.51:462][  0]LogConfig: Setting CVar [[foliage.DensityScale:1.0]]
[2019.07.26-02.31.51:462][  0]LogConfig: Setting CVar [[grass.DensityScale:1.0]]
[2019.07.26-02.31.51:462][  0]LogConfig: Applying CVar settings from Section [Startup] File [../../../Engine/Config/ConsoleVariables.ini]
[2019.07.26-02.31.51:463][  0]LogConfig: Setting CVar [[net.UseAdaptiveNetUpdateFrequency:0]]
[2019.07.26-02.31.51:463][  0]LogConfig: Setting CVar [[p.chaos.AllowCreatePhysxBodies:1]]
[2019.07.26-02.31.51:463][  0]LogConfig: Applying CVar settings from Section [ConsoleVariables] File [C:/Users/Schreiber/Documents/Unreal Projects/TPS TEST ZONE/Saved/Config/Windows/Engine.ini]
[2019.07.26-02.31.51:463][  0]LogInit: Computer: ANTHONY
[2019.07.26-02.31.51:463][  0]LogInit: User: Schreiber
[2019.07.26-02.31.51:463][  0]LogInit: CPU Page size=4096, Cores=6
[2019.07.26-02.31.51:463][  0]LogInit: High frequency timer resolution =10.000000 MHz
[2019.07.26-02.31.51:463][  0]LogMemory: Memory total: Physical=31.9GB (32GB approx)
[2019.07.26-02.31.51:463][  0]LogMemory: Platform Memory Stats for Windows
[2019.07.26-02.31.51:463][  0]LogMemory: Process Physical Memory: 99.28 MB used, 99.28 MB peak
[2019.07.26-02.31.51:463][  0]LogMemory: Process Virtual Memory: 102.92 MB used, 102.92 MB peak
[2019.07.26-02.31.51:463][  0]LogMemory: Physical Memory: 14872.55 MB used,  17803.52 MB free, 32676.07 MB total
[2019.07.26-02.31.51:463][  0]LogMemory: Virtual Memory: 4673.01 MB used,  134213056.00 MB free, 134217728.00 MB total
[2019.07.26-02.31.51:493][  0]LogInit: Using OS detected language (en-US).
[2019.07.26-02.31.51:493][  0]LogInit: Using OS detected locale (en-US).
[2019.07.26-02.31.51:495][  0]LogTextLocalizationManager: No specific localization for 'en-US' exists, so the 'en' localization will be used.
[2019.07.26-02.31.51:641][  0]LogInit: Setting process to per monitor DPI aware
[2019.07.26-02.31.51:708][  0]LogSlate: New Slate User Created.  User Index 0, Is Virtual User: 0
[2019.07.26-02.31.51:708][  0]LogSlate: Slate User Registered.  User Index 0, Is Virtual User: 0
[2019.07.26-02.31.51:958][  0]LogHMD: Failed to initialize OpenVR with code 110
[2019.07.26-02.31.51:958][  0]LogD3D11RHI: D3D11 adapters:
[2019.07.26-02.31.52:063][  0]LogD3D11RHI:    0. 'NVIDIA GeForce GTX 1080' (Feature Level 11_0)
[2019.07.26-02.31.52:063][  0]LogD3D11RHI:       8079/0/16338 MB DedicatedVideo/DedicatedSystem/SharedSystem, Outputs:2, VendorId:0x10de
[2019.07.26-02.31.52:070][  0]LogD3D11RHI:    1. 'Microsoft Basic Render Driver' (Feature Level 11_0)
[2019.07.26-02.31.52:070][  0]LogD3D11RHI:       0/0/16338 MB DedicatedVideo/DedicatedSystem/SharedSystem, Outputs:0, VendorId:0x1414
[2019.07.26-02.31.52:070][  0]LogD3D11RHI: Chosen D3D11 Adapter: 0
[2019.07.26-02.31.52:078][  0]LogD3D11RHI: Creating new Direct3DDevice
[2019.07.26-02.31.52:078][  0]LogD3D11RHI:     GPU DeviceId: 0x1b80 (for the marketing name, search the web for "GPU Device Id")
[2019.07.26-02.31.52:078][  0]LogWindows: EnumDisplayDevices:
[2019.07.26-02.31.52:079][  0]LogWindows:    0. 'NVIDIA GeForce GTX 1080' (P:1 D:1)
[2019.07.26-02.31.52:079][  0]LogWindows:    1. 'NVIDIA GeForce GTX 1080' (P:0 D:1)
[2019.07.26-02.31.52:080][  0]LogWindows:    2. 'NVIDIA GeForce GTX 1080' (P:0 D:0)
[2019.07.26-02.31.52:080][  0]LogWindows:    3. 'NVIDIA GeForce GTX 1080' (P:0 D:0)
[2019.07.26-02.31.52:081][  0]LogWindows: DebugString: FoundDriverCount:4 
[2019.07.26-02.31.52:081][  0]LogD3D11RHI:     Adapter Name: NVIDIA GeForce GTX 1080
[2019.07.26-02.31.52:081][  0]LogD3D11RHI:   Driver Version: 431.36 (internal:26.21.14.3136, unified:431.36)
[2019.07.26-02.31.52:081][  0]LogD3D11RHI:      Driver Date: 7-3-2019
[2019.07.26-02.31.52:081][  0]LogRHI: Texture pool is 5655 MB (70% of 8079 MB)
[2019.07.26-02.31.52:170][  0]LogD3D11RHI: Async texture creation enabled
[2019.07.26-02.31.52:182][  0]LogRendererCore: FGlobalReadBuffer::InitRHI
[2019.07.26-02.31.52:182][  0]LogRendererCore: FGlobalReadBuffer::InitRHI
[2019.07.26-02.31.52:182][  0]LogRendererCore: FGlobalReadBuffer::InitRHI
[2019.07.26-02.31.52:196][  0]LogD3D11RHI: GPU Timing Frequency: 1000.000000 (Debug: 2 2)
[2019.07.26-02.31.52:698][  0]LogTemp: Display: Module 'AllDesktopTargetPlatform' loaded TargetPlatform 'AllDesktop'
[2019.07.26-02.31.52:714][  0]LogTemp: Display: Module 'MacClientTargetPlatform' loaded TargetPlatform 'MacClient'
[2019.07.26-02.31.52:730][  0]LogTemp: Display: Module 'MacNoEditorTargetPlatform' loaded TargetPlatform 'MacNoEditor'
[2019.07.26-02.31.52:745][  0]LogTemp: Display: Module 'MacServerTargetPlatform' loaded TargetPlatform 'MacServer'
[2019.07.26-02.31.52:762][  0]LogTemp: Display: Module 'MacTargetPlatform' loaded TargetPlatform 'Mac'
[2019.07.26-02.31.52:777][  0]LogTemp: Display: Module 'WindowsClientTargetPlatform' loaded TargetPlatform 'WindowsClient'
[2019.07.26-02.31.52:794][  0]LogTemp: Display: Module 'WindowsNoEditorTargetPlatform' loaded TargetPlatform 'WindowsNoEditor'
[2019.07.26-02.31.52:810][  0]LogTemp: Display: Module 'WindowsServerTargetPlatform' loaded TargetPlatform 'WindowsServer'
[2019.07.26-02.31.52:818][  0]LogTemp: Display: Module 'WindowsTargetPlatform' loaded TargetPlatform 'Windows'
[2019.07.26-02.31.52:905][  0]LogTemp: Display: Module 'AndroidTargetPlatform' loaded TargetPlatform 'Android'
[2019.07.26-02.31.52:905][  0]LogTemp: Display: Module 'AndroidTargetPlatform' loaded TargetPlatform 'Android_ASTC'
[2019.07.26-02.31.52:905][  0]LogTemp: Display: Module 'AndroidTargetPlatform' loaded TargetPlatform 'Android_ATC'
[2019.07.26-02.31.52:905][  0]LogTemp: Display: Module 'AndroidTargetPlatform' loaded TargetPlatform 'Android_DXT'
[2019.07.26-02.31.52:905][  0]LogTemp: Display: Module 'AndroidTargetPlatform' loaded TargetPlatform 'Android_ETC1'
[2019.07.26-02.31.52:905][  0]LogTemp: Display: Module 'AndroidTargetPlatform' loaded TargetPlatform 'Android_ETC1a'
[2019.07.26-02.31.52:906][  0]LogTemp: Display: Module 'AndroidTargetPlatform' loaded TargetPlatform 'Android_ETC2'
[2019.07.26-02.31.52:906][  0]LogTemp: Display: Module 'AndroidTargetPlatform' loaded TargetPlatform 'Android_PVRTC'
[2019.07.26-02.31.52:906][  0]LogTemp: Display: Module 'AndroidTargetPlatform' loaded TargetPlatform 'AndroidClient'
[2019.07.26-02.31.52:906][  0]LogTemp: Display: Module 'AndroidTargetPlatform' loaded TargetPlatform 'Android_ASTCClient'
[2019.07.26-02.31.52:906][  0]LogTemp: Display: Module 'AndroidTargetPlatform' loaded TargetPlatform 'Android_ATCClient'
[2019.07.26-02.31.52:906][  0]LogTemp: Display: Module 'AndroidTargetPlatform' loaded TargetPlatform 'Android_DXTClient'
[2019.07.26-02.31.52:906][  0]LogTemp: Display: Module 'AndroidTargetPlatform' loaded TargetPlatform 'Android_ETC1Client'
[2019.07.26-02.31.52:906][  0]LogTemp: Display: Module 'AndroidTargetPlatform' loaded TargetPlatform 'Android_ETC1aClient'
[2019.07.26-02.31.52:906][  0]LogTemp: Display: Module 'AndroidTargetPlatform' loaded TargetPlatform 'Android_ETC2Client'
[2019.07.26-02.31.52:906][  0]LogTemp: Display: Module 'AndroidTargetPlatform' loaded TargetPlatform 'Android_PVRTCClient'
[2019.07.26-02.31.52:906][  0]LogTemp: Display: Module 'AndroidTargetPlatform' loaded TargetPlatform 'Android_Multi'
[2019.07.26-02.31.52:906][  0]LogTemp: Display: Module 'AndroidTargetPlatform' loaded TargetPlatform 'Android_MultiClient'
[2019.07.26-02.31.52:908][  0]LogTemp: Display: Module 'HTML5TargetPlatform' loaded TargetPlatform 'HTML5'
[2019.07.26-02.31.52:963][  0]LogTemp: Display: Module 'IOSTargetPlatform' loaded TargetPlatform 'IOSClient'
[2019.07.26-02.31.52:963][  0]LogTemp: Display: Module 'IOSTargetPlatform' loaded TargetPlatform 'IOS'
[2019.07.26-02.31.52:993][  0]LogTemp: Display: Module 'TVOSTargetPlatform' loaded TargetPlatform 'TVOSClient'
[2019.07.26-02.31.52:993][  0]LogTemp: Display: Module 'TVOSTargetPlatform' loaded TargetPlatform 'TVOS'
[2019.07.26-02.31.53:007][  0]LogTemp: Display: Module 'LinuxClientTargetPlatform' loaded TargetPlatform 'LinuxClient'
[2019.07.26-02.31.53:021][  0]LogTemp: Display: Module 'LinuxNoEditorTargetPlatform' loaded TargetPlatform 'LinuxNoEditor'
[2019.07.26-02.31.53:034][  0]LogTemp: Display: Module 'LinuxServerTargetPlatform' loaded TargetPlatform 'LinuxServer'
[2019.07.26-02.31.53:049][  0]LogTemp: Display: Module 'LinuxTargetPlatform' loaded TargetPlatform 'Linux'
[2019.07.26-02.31.53:100][  0]LogTemp: Display: Module 'LuminTargetPlatform' loaded TargetPlatform 'Lumin'
[2019.07.26-02.31.53:100][  0]LogTemp: Display: Module 'LuminTargetPlatform' loaded TargetPlatform 'LuminClient'
[2019.07.26-02.31.53:100][  0]LogTargetPlatformManager: Display: Building Assets For Windows
[2019.07.26-02.31.53:113][  0]LogAudioDebug: Display: Lib vorbis DLL was dynamically loaded.
[2019.07.26-02.31.53:185][  0]LogShaderCompilers: Guid format shader working directory is -24 characters bigger than the processId version (../../../../../../Users/Schreiber/Documents/Unreal Projects/TPS TEST ZONE/Intermediate/Shaders/WorkingDirectory/16992/).
[2019.07.26-02.31.53:185][  0]LogShaderCompilers: Cleaned the shader compiler working directory 'C:/Users/Schreiber/AppData/Local/Temp/UnrealShaderWorkingDir/57B32E734FD9F5789FA7E586E8F3895B/'.
[2019.07.26-02.31.53:188][  0]LogXGEController: Cannot use XGE Controller as Incredibuild is not installed on this machine.
[2019.07.26-02.31.53:188][  0]LogShaderCompilers: Cannot use XGE Shader Compiler as Incredibuild is not installed on this machine.
[2019.07.26-02.31.53:188][  0]LogShaderCompilers: Display: Using Local Shader Compiler.
[2019.07.26-02.31.53:788][  0]LogDerivedDataCache: Display: Max Cache Size: 512 MB
[2019.07.26-02.31.53:841][  0]LogDerivedDataCache: Loaded boot cache 0.05s 71MB C:/Users/Schreiber/AppData/Local/UnrealEngine/4.22/DerivedDataCache/Boot.ddc.
[2019.07.26-02.31.53:841][  0]LogDerivedDataCache: Display: Loaded Boot cache: C:/Users/Schreiber/AppData/Local/UnrealEngine/4.22/DerivedDataCache/Boot.ddc
[2019.07.26-02.31.53:841][  0]LogDerivedDataCache: FDerivedDataBackendGraph:  Pak pak cache file ../../../../../../Users/Schreiber/Documents/Unreal Projects/TPS TEST ZONE/DerivedDataCache/DDC.ddp not found, will not use a pak cache.
[2019.07.26-02.31.53:841][  0]LogDerivedDataCache: Unable to find inner node Pak for hierarchical cache Hierarchy.
[2019.07.26-02.31.53:841][  0]LogDerivedDataCache: FDerivedDataBackendGraph:  CompressedPak pak cache file ../../../../../../Users/Schreiber/Documents/Unreal Projects/TPS TEST ZONE/DerivedDataCache/Compressed.ddp not found, will not use a pak cache.
[2019.07.26-02.31.53:841][  0]LogDerivedDataCache: Unable to find inner node CompressedPak for hierarchical cache Hierarchy.
[2019.07.26-02.31.53:853][  0]LogDerivedDataCache: Display: Pak cache opened for reading ../../../Engine/DerivedDataCache/Compressed.ddp.
[2019.07.26-02.31.53:854][  0]LogDerivedDataCache: FDerivedDataBackendGraph:  EnterprisePak pak cache file ../../../Enterprise/DerivedDataCache/Compressed.ddp not found, will not use a pak cache.
[2019.07.26-02.31.53:854][  0]LogDerivedDataCache: Unable to find inner node EnterprisePak for hierarchical cache Hierarchy.
[2019.07.26-02.31.53:867][  0]LogDerivedDataCache: Using Local data cache path C:/Users/Schreiber/AppData/Local/UnrealEngine/Common/DerivedDataCache: Writable
[2019.07.26-02.31.53:867][  0]LogDerivedDataCache: Shared data cache path not found in *engine.ini, will not use an Shared cache.
[2019.07.26-02.31.53:867][  0]LogDerivedDataCache: Unable to find inner node Shared for hierarchical cache Hierarchy.
[2019.07.26-02.31.53:889][  0]LogMaterial: Verifying Global Shaders for PCD3D_SM5
[2019.07.26-02.31.53:890][  0]LogSlate: Using FreeType 2.6.0
[2019.07.26-02.31.53:891][  0]LogSlate: SlateFontServices - WITH_FREETYPE: 1, WITH_HARFBUZZ: 1
[2019.07.26-02.31.53:997][  0]LogAssetRegistry: FAssetRegistry took 0.0371 seconds to start up
[2019.07.26-02.31.54:363][  0]LogInit: Selected Device Profile: [Windows]
[2019.07.26-02.31.54:529][  0]LogMeshReduction: Using QuadricMeshReduction for automatic static mesh reduction
[2019.07.26-02.31.54:529][  0]LogMeshReduction: Using SimplygonMeshReduction for automatic skeletal mesh reduction
[2019.07.26-02.31.54:529][  0]LogMeshReduction: Using ProxyLODMeshReduction for automatic mesh merging
[2019.07.26-02.31.54:529][  0]LogMeshReduction: No distributed automatic mesh merging module available
[2019.07.26-02.31.54:529][  0]LogMeshMerging: No distributed automatic mesh merging module available
[2019.07.26-02.31.54:539][  0]LogNetVersion: TPS 1.0.0, NetCL: 5660361, EngineNetVer: 10, GameNetVer: 0 (Checksum: 1145703864)
[2019.07.26-02.31.54:935][  0]LogPackageLocalizationCache: Processed 10 localized package path(s) for 1 prioritized culture(s) in 0.031919 seconds
[2019.07.26-02.31.54:941][  0]LogUObjectArray: 42205 objects as part of root set at end of initial load.
[2019.07.26-02.31.54:941][  0]LogUObjectAllocator: 7325032 out of 0 bytes used by permanent object pool.
[2019.07.26-02.31.54:941][  0]LogUObjectArray: CloseDisregardForGC: 0/0 objects in disregard for GC pool
[2019.07.26-02.31.56:010][  0]LogTcpMessaging: Initializing TcpMessaging bridge
[2019.07.26-02.31.56:025][  0]LogUdpMessaging: Initializing bridge on interface 0.0.0.0:0 to multicast group 230.0.0.1:6666.
[2019.07.26-02.31.56:147][  0]SourceControl: Source control is disabled
[2019.07.26-02.31.56:147][  0]SourceControl: Source control is disabled
[2019.07.26-02.31.56:152][  0]SourceControl: Source control is disabled
[2019.07.26-02.31.56:153][  0]SourceControl: Source control is disabled
[2019.07.26-02.31.56:260][  0]LogAndroidPermission: UAndroidPermissionCallbackProxy::GetInstance
[2019.07.26-02.31.56:421][  0]LogOcInput: OculusInput pre-init called
[2019.07.26-02.31.57:311][  0]LogEngine: Initializing Engine...
[2019.07.26-02.31.57:312][  0]LogHMD: Failed to initialize OpenVR with code 110
[2019.07.26-02.31.57:313][  0]LogStats: UGameplayTagsManager::InitializeManager -  0.000 s
[2019.07.26-02.31.57:529][  0]LogInit: Initializing FReadOnlyCVARCache
[2019.07.26-02.31.57:546][  0]LogAIModule: Creating AISystem for world Untitled
[2019.07.26-02.31.57:591][  0]LogInit: XAudio2 using 'Speakers (Realtek High Definition Audio)' : 2 channels at 48 kHz using 32 bits per sample (channel mask 0x3)
[2019.07.26-02.31.57:628][  0]LogInit: FAudioDevice initialized.
[2019.07.26-02.31.57:628][  0]LogNetVersion: Set ProjectVersion to 1.0.0.0. Version Checksum will be recalculated on next use.
[2019.07.26-02.31.58:067][  0]LogDerivedDataCache: Saved boot cache 0.44s 71MB C:/Users/Schreiber/AppData/Local/UnrealEngine/4.22/DerivedDataCache/Boot.ddc.
[2019.07.26-02.31.58:073][  0]LogInit: Texture streaming: Enabled
[2019.07.26-02.31.58:104][  0]LogEngineSessionManager: EngineSessionManager initialized
[2019.07.26-02.31.58:129][  0]LogInit: Transaction tracking system initialized
[2019.07.26-02.31.58:161][  0]BlueprintLog: New page: Editor Load
[2019.07.26-02.31.58:281][  0]LocalizationService: Localization service is disabled
[2019.07.26-02.31.58:641][  0]LogCook: Display: Max memory allowance for cook 16384mb min free memory 0mb
[2019.07.26-02.31.58:641][  0]LogCook: Display: Mobile HDR setting 1
[2019.07.26-02.31.58:866][  0]LogFileCache: Scanning file cache for directory 'C:/Users/Schreiber/Documents/Unreal Projects/TPS TEST ZONE/Content/' took 0.08s
[2019.07.26-02.31.58:866][  0]SourceControl: Source control is disabled
[2019.07.26-02.31.59:034][  0]LogSlate: Took 0.000296 seconds to synchronously load lazily loaded font '../../../Engine/Content/Slate/Fonts/Roboto-Regular.ttf' (155K)
[2019.07.26-02.32.03:072][  0]LogSlate: Window 'Restore Packages' being destroyed
[2019.07.26-02.32.03:072][  0]LogWindowsTextInputMethodSystem: Display: IME system now deactivated.
[2019.07.26-02.32.03:078][  0]LogWindowsTextInputMethodSystem: Display: IME system now deactivated.
[2019.07.26-02.32.17:686][  0]LogSlate: Window 'Unable to Check Out From Source Control!' being destroyed
[2019.07.26-02.32.17:686][  0]LogWindowsTextInputMethodSystem: Display: IME system now deactivated.
[2019.07.26-02.32.17:690][  0]LogWindowsTextInputMethodSystem: Display: IME system now deactivated.
[2019.07.26-02.32.17:700][  0]Cmd: MAP LOAD FILE="../../../../../../Users/Schreiber/Documents/Unreal Projects/TPS TEST ZONE/Content/ThirdPersonBP/Maps/ThirdPersonExampleMap.umap" TEMPLATE=0 SHOWPROGRESS=1 FEATURELEVEL=3
[2019.07.26-02.32.17:700][  0]LogEditorServer: Warning: Can't find file '../../../../../../Users/Schreiber/Documents/Unreal Projects/TPS TEST ZONE/Content/ThirdPersonBP/Maps/ThirdPersonExampleMap.umap'
[2019.07.26-02.32.17:700][  0]Cmd: MAP CHECKDEP NOCLEARLOG
[2019.07.26-02.32.17:701][  0]MapCheck: Map check complete: 0 Error(s), 0 Warning(s), took 0.17ms to complete.
[2019.07.26-02.32.17:701][  0]LogFileHelpers: Loading map 'ThirdPersonExampleMap' took 0.001
[2019.07.26-02.32.17:781][  0]LogSlate: Updating window title bar state: overlay mode, drag disabled, window buttons hidden, title bar hidden
[2019.07.26-02.32.17:788][  0]LogSlate: Updating window title bar state: overlay mode, drag disabled, window buttons hidden, title bar hidden
[2019.07.26-02.32.17:795][  0]LogSlate: Updating window title bar state: overlay mode, drag disabled, window buttons hidden, title bar hidden
[2019.07.26-02.32.17:802][  0]LogSlate: Updating window title bar state: overlay mode, drag disabled, window buttons hidden, title bar hidden
[2019.07.26-02.32.17:812][  0]LogCollectionManager: Loaded 0 collections in 0.003022 seconds
[2019.07.26-02.32.17:830][  0]LogFileCache: Scanning file cache for directory 'C:/Users/Schreiber/Documents/Unreal Projects/TPS TEST ZONE/Saved/Collections/' took 0.01s
[2019.07.26-02.32.17:830][  0]LogFileCache: Scanning file cache for directory 'C:/Users/Schreiber/Documents/Unreal Projects/TPS TEST ZONE/Content/Developers/Schreiber/Collections/' took 0.00s
[2019.07.26-02.32.17:830][  0]LogFileCache: Scanning file cache for directory 'C:/Users/Schreiber/Documents/Unreal Projects/TPS TEST ZONE/Content/Collections/' took 0.00s
[2019.07.26-02.32.17:830][  0]LogCollectionManager: Rebuilt the GUID cache for 0 collections in 0.000000 seconds
[2019.07.26-02.32.17:839][  0]LogContentBrowser: Native class hierarchy populated in 0.0087 seconds. Added 2732 classes and 659 folders.
[2019.07.26-02.32.17:847][  0]LogContentBrowser: Native class hierarchy updated for 'WidgetCarousel' in 0.0003 seconds. Added 0 classes and 0 folders.
[2019.07.26-02.32.17:849][  0]LogPakFile: Registered encryption key '00000000000000000000000000000000': 0 pak files mounted, 0 remain pending
[2019.07.26-02.32.17:850][  0]LogPakFile: Registered encryption key '00000000000000000000000000000000': 0 pak files mounted, 0 remain pending
[2019.07.26-02.32.17:851][  0]LogPakFile: Registered encryption key '00000000000000000000000000000000': 0 pak files mounted, 0 remain pending
[2019.07.26-02.32.17:852][  0]LogPakFile: Registered encryption key '00000000000000000000000000000000': 0 pak files mounted, 0 remain pending
[2019.07.26-02.32.17:852][  0]LogPakFile: Registered encryption key '00000000000000000000000000000000': 0 pak files mounted, 0 remain pending
[2019.07.26-02.32.17:853][  0]LogPakFile: Registered encryption key '00000000000000000000000000000000': 0 pak files mounted, 0 remain pending
[2019.07.26-02.32.17:854][  0]LogPakFile: Registered encryption key '00000000000000000000000000000000': 0 pak files mounted, 0 remain pending
[2019.07.26-02.32.17:854][  0]LogPakFile: Registered encryption key '00000000000000000000000000000000': 0 pak files mounted, 0 remain pending
[2019.07.26-02.32.17:855][  0]LogPakFile: Registered encryption key '00000000000000000000000000000000': 0 pak files mounted, 0 remain pending
[2019.07.26-02.32.17:856][  0]LogPakFile: Registered encryption key '00000000000000000000000000000000': 0 pak files mounted, 0 remain pending
[2019.07.26-02.32.17:856][  0]LogPakFile: Registered encryption key '00000000000000000000000000000000': 0 pak files mounted, 0 remain pending
[2019.07.26-02.32.17:857][  0]LogPakFile: Registered encryption key '00000000000000000000000000000000': 0 pak files mounted, 0 remain pending
[2019.07.26-02.32.17:858][  0]LogPakFile: Registered encryption key '00000000000000000000000000000000': 0 pak files mounted, 0 remain pending
[2019.07.26-02.32.17:858][  0]LogPakFile: Registered encryption key '00000000000000000000000000000000': 0 pak files mounted, 0 remain pending
[2019.07.26-02.32.17:859][  0]LogPakFile: Registered encryption key '00000000000000000000000000000000': 0 pak files mounted, 0 remain pending
[2019.07.26-02.32.17:860][  0]LogPakFile: Registered encryption key '00000000000000000000000000000000': 0 pak files mounted, 0 remain pending
[2019.07.26-02.32.17:860][  0]LogPakFile: Registered encryption key '00000000000000000000000000000000': 0 pak files mounted, 0 remain pending
[2019.07.26-02.32.17:861][  0]LogPakFile: Registered encryption key '00000000000000000000000000000000': 0 pak files mounted, 0 remain pending
[2019.07.26-02.32.17:862][  0]LogPakFile: Registered encryption key '00000000000000000000000000000000': 0 pak files mounted, 0 remain pending
[2019.07.26-02.32.17:862][  0]LogPakFile: Registered encryption key '00000000000000000000000000000000': 0 pak files mounted, 0 remain pending
[2019.07.26-02.32.17:863][  0]LogPakFile: Registered encryption key '00000000000000000000000000000000': 0 pak files mounted, 0 remain pending
[2019.07.26-02.32.17:864][  0]LogPakFile: Registered encryption key '00000000000000000000000000000000': 0 pak files mounted, 0 remain pending
[2019.07.26-02.32.17:864][  0]LogPakFile: Registered encryption key '00000000000000000000000000000000': 0 pak files mounted, 0 remain pending
[2019.07.26-02.32.17:865][  0]LogPakFile: Registered encryption key '00000000000000000000000000000000': 0 pak files mounted, 0 remain pending
[2019.07.26-02.32.17:866][  0]LogPakFile: Registered encryption key '00000000000000000000000000000000': 0 pak files mounted, 0 remain pending
[2019.07.26-02.32.17:867][  0]LogPakFile: Registered encryption key '00000000000000000000000000000000': 0 pak files mounted, 0 remain pending
[2019.07.26-02.32.17:939][  0]LogContentBrowser: Native class hierarchy updated for 'AddContentDialog' in 0.0003 seconds. Added 0 classes and 0 folders.
[2019.07.26-02.32.17:946][  0]LogContentBrowser: Native class hierarchy updated for 'SceneOutliner' in 0.0003 seconds. Added 1 classes and 2 folders.
[2019.07.26-02.32.17:960][  0]LogSlate: Took 0.000276 seconds to synchronously load lazily loaded font '../../../Engine/Content/Slate/Fonts/Roboto-Bold.ttf' (160K)
[2019.07.26-02.32.17:965][  0]LogSlate: Took 0.000232 seconds to synchronously load lazily loaded font '../../../Engine/Content/Editor/Slate/Fonts/FontAwesome.ttf' (139K)
[2019.07.26-02.32.18:003][  0]LogRenderer: Reallocating scene render targets to support 1208x552 Format 10 NumSamples 1 (Frame:1).
[2019.07.26-02.32.18:128][  0]LogContentBrowser: Native class hierarchy updated for 'HierarchicalLODOutliner' in 0.0003 seconds. Added 0 classes and 0 folders.
[2019.07.26-02.32.18:128][  0]LogLoad: (Engine Initialization) Total time: 30.29 seconds
[2019.07.26-02.32.18:128][  0]LogLoad: (Engine Initialization) Total Blueprint compile time: 0.00 seconds
[2019.07.26-02.32.18:183][  0]LogAssetRegistry: Asset discovery search completed in 24.2103 seconds
[2019.07.26-02.32.18:186][  0]LogCollectionManager: Rebuilt the object cache for 0 collections in 0.000000 seconds (found 0 objects)
[2019.07.26-02.32.18:186][  0]LogCollectionManager: Fixed up redirectors for 0 collections in 0.000052 seconds (updated 0 objects)
[2019.07.26-02.32.18:187][  0]LogContentStreaming: Texture pool size now 3000 MB
[2019.07.26-02.32.18:214][  0]LogSlate: Took 0.000217 seconds to synchronously load lazily loaded font '../../../Engine/Content/Slate/Fonts/Roboto-Light.ttf' (167K)
[2019.07.26-02.32.19:165][110]LogSlate: Took 0.000252 seconds to synchronously load lazily loaded font '../../../Engine/Content/Slate/Fonts/Roboto-Light.ttf' (167K)
[2019.07.26-02.32.22:125][455]LogSlate: FSceneViewport::OnFocusLost() reason 0
[2019.07.26-02.32.25:116][746]LogBlueprint: Warning: Timeline Timeline_0 Track NewTrack_0 in /Engine/Transient.REINST_BP_BaseWeapon_C_16 has an invalid curve.  Please fix!
[2019.07.26-02.32.25:768][746]LogAIModule: Creating AISystem for world ThirdPersonExampleMap_Auto5
[2019.07.26-02.32.25:791][746]LogAssetEditorManager: Opening Asset editor for World /Game/ThirdPersonBP/Maps/ThirdPersonExampleMap_Auto5.ThirdPersonExampleMap_Auto5
[2019.07.26-02.32.25:828][746]LogUObjectHash: Compacting FUObjectHashTables data took   2.63ms
[2019.07.26-02.32.25:830][746]Cmd: MAP LOAD FILE="../../../../../../Users/Schreiber/Documents/Unreal Projects/TPS TEST ZONE/Content/ThirdPersonBP/Maps/ThirdPersonExampleMap_Auto5.umap" TEMPLATE=0 SHOWPROGRESS=1 FEATURELEVEL=3
[2019.07.26-02.32.25:830][746]LightingResults: New page: Lighting Build
[2019.07.26-02.32.25:834][746]LogContentBrowser: Native class hierarchy updated for 'StatsViewer' in 0.0003 seconds. Added 5 classes and 0 folders.
[2019.07.26-02.32.25:834][746]LoadErrors: New page: Loading map: ThirdPersonExampleMap_Auto5.umap
[2019.07.26-02.32.25:834][746]MapCheck: New page: Map Check
[2019.07.26-02.32.25:834][746]LightingResults: New page: Lighting Build
[2019.07.26-02.32.25:861][746]LogUObjectHash: Compacting FUObjectHashTables data took   1.60ms
[2019.07.26-02.32.25:870][746]LogEditorServer: Finished looking for orphan Actors (0.000 secs)
[2019.07.26-02.32.25:898][746]LogUObjectHash: Compacting FUObjectHashTables data took   1.65ms
[2019.07.26-02.32.25:927][746]Cmd: MAP CHECKDEP NOCLEARLOG
[2019.07.26-02.32.25:927][746]MapCheck: Map check complete: 0 Error(s), 0 Warning(s), took 0.14ms to complete.
[2019.07.26-02.32.25:927][746]LogFileHelpers: Loading map 'ThirdPersonExampleMap_Auto5' took 0.098
[2019.07.26-02.32.26:816][844]LogTemp: Repeating last play command: Selected Viewport
[2019.07.26-02.32.26:831][844]LogBlueprintUserMessages: Early PlayInEditor Detection: Level '/Game/ThirdPersonBP/Maps/ThirdPersonExampleMap_Auto5.ThirdPersonExampleMap_Auto5:PersistentLevel' has LevelScriptBlueprint '/Game/ThirdPersonBP/Maps/ThirdPersonExampleMap_Auto5.ThirdPersonExampleMap_Auto5:PersistentLevel.ThirdPersonExampleMap_Auto5' with GeneratedClass '/Game/ThirdPersonBP/Maps/ThirdPersonExampleMap_Auto5.ThirdPersonExampleMap_C' with ClassGeneratedBy '/Game/ThirdPersonBP/Maps/ThirdPersonExampleMap_Auto5.ThirdPersonExampleMap_Auto5:PersistentLevel.ThirdPersonExampleMap_Auto5'
[2019.07.26-02.32.26:831][844]LogPlayLevel: PlayLevel: No blueprints needed recompiling
[2019.07.26-02.32.26:832][844]PIE: New page: PIE session: ThirdPersonExampleMap_Auto5 (Jul 25, 2019, 6:32:26 PM)
[2019.07.26-02.32.26:845][844]LogPlayLevel: Creating play world package: /Game/ThirdPersonBP/Maps/UEDPIE_0_ThirdPersonExampleMap_Auto5
[2019.07.26-02.32.26:868][844]LogPlayLevel: PIE: StaticDuplicateObject took: (0.023162s)
[2019.07.26-02.32.26:869][844]LogAIModule: Creating AISystem for world ThirdPersonExampleMap_Auto5
[2019.07.26-02.32.26:869][844]LogPlayLevel: PIE: World Init took: (0.000596s)
[2019.07.26-02.32.26:869][844]LogPlayLevel: PIE: Created PIE world by copying editor world from /Game/ThirdPersonBP/Maps/ThirdPersonExampleMap_Auto5.ThirdPersonExampleMap_Auto5 to /Game/ThirdPersonBP/Maps/UEDPIE_0_ThirdPersonExampleMap_Auto5.ThirdPersonExampleMap_Auto5 (0.024078s)
[2019.07.26-02.32.26:899][844]LogUObjectHash: Compacting FUObjectHashTables data took   1.20ms
[2019.07.26-02.32.26:932][844]LogInit: XAudio2 using 'Speakers (Realtek High Definition Audio)' : 2 channels at 48 kHz using 32 bits per sample (channel mask 0x3)
[2019.07.26-02.32.26:946][844]LogInit: FAudioDevice initialized.
[2019.07.26-02.32.26:990][844]LogLoad: Game class is 'ThirdPersonGameMode_C'
[2019.07.26-02.32.26:993][844]LogWorld: Bringing World /Game/ThirdPersonBP/Maps/UEDPIE_0_ThirdPersonExampleMap_Auto5.ThirdPersonExampleMap_Auto5 up for play (max tick rate 0) at 2019.07.25-22.32.26
[2019.07.26-02.32.26:993][844]LogWorld: Bringing up level for play took: 0.002313
[2019.07.26-02.32.27:014][844]LogContentBrowser: Native class hierarchy updated for 'MovieSceneCapture' in 0.0003 seconds. Added 20 classes and 0 folders.
[2019.07.26-02.32.27:016][844]PIE: Play in editor start time for /Game/ThirdPersonBP/Maps/UEDPIE_0_ThirdPersonExampleMap_Auto5 0.168
[2019.07.26-02.32.27:016][844]LogBlueprintUserMessages: Late PlayInEditor Detection: Level '/Game/ThirdPersonBP/Maps/ThirdPersonExampleMap_Auto5.ThirdPersonExampleMap_Auto5:PersistentLevel' has LevelScriptBlueprint '/Game/ThirdPersonBP/Maps/ThirdPersonExampleMap_Auto5.ThirdPersonExampleMap_Auto5:PersistentLevel.ThirdPersonExampleMap_Auto5' with GeneratedClass '/Game/ThirdPersonBP/Maps/ThirdPersonExampleMap_Auto5.ThirdPersonExampleMap_C' with ClassGeneratedBy '/Game/ThirdPersonBP/Maps/ThirdPersonExampleMap_Auto5.ThirdPersonExampleMap_Auto5:PersistentLevel.ThirdPersonExampleMap_Auto5'
[2019.07.26-02.32.28:543][ 17]LogScript: Warning: Script Msg: Attempted to access index 1 from array 'Array' of length 1 in '/Game/Inventory/Content/InvUI/UI_INVENTORY.UI_INVENTORY_C:SetWidgetStyle'!
[2019.07.26-02.32.28:543][ 17]LogScript: Warning: Script Msg: Attempted to access index 1 from array 'Inventory' of length 1 in '/Game/ThirdPersonBP/Blueprints/ThirdPersonCharacter.ThirdPersonCharacter_C'!
[2019.07.26-02.32.28:543][ 17]LogScript: Warning: Script Msg: Attempted to access index 2 from array 'Array' of length 1 in '/Game/Inventory/Content/InvUI/UI_INVENTORY.UI_INVENTORY_C:SetWidgetStyle'!
[2019.07.26-02.32.28:544][ 17]LogScript: Warning: Script Msg: Attempted to access index 2 from array 'Inventory' of length 1 in '/Game/ThirdPersonBP/Blueprints/ThirdPersonCharacter.ThirdPersonCharacter_C'!
[2019.07.26-02.32.28:544][ 17]LogScript: Warning: Script Msg: Attempted to access index 3 from array 'Array' of length 1 in '/Game/Inventory/Content/InvUI/UI_INVENTORY.UI_INVENTORY_C:SetWidgetStyle'!
[2019.07.26-02.32.28:544][ 17]LogScript: Warning: Script Msg: Attempted to access index 3 from array 'Inventory' of length 1 in '/Game/ThirdPersonBP/Blueprints/ThirdPersonCharacter.ThirdPersonCharacter_C'!
[2019.07.26-02.32.28:544][ 17]LogScript: Warning: Script Msg: Attempted to access index 4 from array 'Array' of length 1 in '/Game/Inventory/Content/InvUI/UI_INVENTORY.UI_INVENTORY_C:SetWidgetStyle'!
[2019.07.26-02.32.28:544][ 17]LogScript: Warning: Script Msg: Attempted to access index 4 from array 'Inventory' of length 1 in '/Game/ThirdPersonBP/Blueprints/ThirdPersonCharacter.ThirdPersonCharacter_C'!
[2019.07.26-02.32.28:544][ 17]LogScript: Warning: Script Msg: Attempted to access index 5 from array 'Array' of length 1 in '/Game/Inventory/Content/InvUI/UI_INVENTORY.UI_INVENTORY_C:SetWidgetStyle'!
[2019.07.26-02.32.28:544][ 17]LogScript: Warning: Script Msg: Attempted to access index 5 from array 'Inventory' of length 1 in '/Game/ThirdPersonBP/Blueprints/ThirdPersonCharacter.ThirdPersonCharacter_C'!
[2019.07.26-02.32.28:544][ 17]LogScript: Warning: Script Msg: Attempted to access index 6 from array 'Array' of length 1 in '/Game/Inventory/Content/InvUI/UI_INVENTORY.UI_INVENTORY_C:SetWidgetStyle'!
[2019.07.26-02.32.28:544][ 17]LogScript: Warning: Script Msg: Attempted to access index 6 from array 'Inventory' of length 1 in '/Game/ThirdPersonBP/Blueprints/ThirdPersonCharacter.ThirdPersonCharacter_C'!
[2019.07.26-02.32.28:545][ 17]LogScript: Warning: Script Msg: Attempted to access index 7 from array 'Array' of length 1 in '/Game/Inventory/Content/InvUI/UI_INVENTORY.UI_INVENTORY_C:SetWidgetStyle'!
[2019.07.26-02.32.28:545][ 17]LogScript: Warning: Script Msg: Attempted to access index 7 from array 'Inventory' of length 1 in '/Game/ThirdPersonBP/Blueprints/ThirdPersonCharacter.ThirdPersonCharacter_C'!
[2019.07.26-02.32.28:545][ 17]LogScript: Warning: Script Msg: Attempted to access index 8 from array 'Array' of length 1 in '/Game/Inventory/Content/InvUI/UI_INVENTORY.UI_INVENTORY_C:SetWidgetStyle'!
[2019.07.26-02.32.28:545][ 17]LogScript: Warning: Script Msg: Attempted to access index 8 from array 'Inventory' of length 1 in '/Game/ThirdPersonBP/Blueprints/ThirdPersonCharacter.ThirdPersonCharacter_C'!
[2019.07.26-02.32.28:545][ 17]LogScript: Warning: Script Msg: Attempted to access index 9 from array 'Array' of length 1 in '/Game/Inventory/Content/InvUI/UI_INVENTORY.UI_INVENTORY_C:SetWidgetStyle'!
[2019.07.26-02.32.28:545][ 17]LogScript: Warning: Script Msg: Attempted to access index 9 from array 'Inventory' of length 1 in '/Game/ThirdPersonBP/Blueprints/ThirdPersonCharacter.ThirdPersonCharacter_C'!
[2019.07.26-02.32.28:545][ 17]LogScript: Warning: Script Msg: Attempted to access index 10 from array 'Array' of length 1 in '/Game/Inventory/Content/InvUI/UI_INVENTORY.UI_INVENTORY_C:SetWidgetStyle'!
[2019.07.26-02.32.28:545][ 17]LogScript: Warning: Script Msg: Attempted to access index 10 from array 'Inventory' of length 1 in '/Game/ThirdPersonBP/Blueprints/ThirdPersonCharacter.ThirdPersonCharacter_C'!
[2019.07.26-02.32.28:546][ 17]LogScript: Warning: Script Msg: Attempted to access index 11 from array 'Array' of length 1 in '/Game/Inventory/Content/InvUI/UI_INVENTORY.UI_INVENTORY_C:SetWidgetStyle'!
[2019.07.26-02.32.28:546][ 17]LogScript: Warning: Script Msg: Attempted to access index 11 from array 'Inventory' of length 1 in '/Game/ThirdPersonBP/Blueprints/ThirdPersonCharacter.ThirdPersonCharacter_C'!
[2019.07.26-02.32.28:546][ 17]LogScript: Warning: Script Msg: Attempted to access index 12 from array 'Array' of length 1 in '/Game/Inventory/Content/InvUI/UI_INVENTORY.UI_INVENTORY_C:SetWidgetStyle'!
[2019.07.26-02.32.28:546][ 17]LogScript: Warning: Script Msg: Attempted to access index 12 from array 'Inventory' of length 1 in '/Game/ThirdPersonBP/Blueprints/ThirdPersonCharacter.ThirdPersonCharacter_C'!
[2019.07.26-02.32.28:546][ 17]LogScript: Warning: Script Msg: Attempted to access index 13 from array 'Array' of length 1 in '/Game/Inventory/Content/InvUI/UI_INVENTORY.UI_INVENTORY_C:SetWidgetStyle'!
[2019.07.26-02.32.28:546][ 17]LogScript: Warning: Script Msg: Attempted to access index 13 from array 'Inventory' of length 1 in '/Game/ThirdPersonBP/Blueprints/ThirdPersonCharacter.ThirdPersonCharacter_C'!
[2019.07.26-02.32.28:546][ 17]LogScript: Warning: Script Msg: Attempted to access index 14 from array 'Array' of length 1 in '/Game/Inventory/Content/InvUI/UI_INVENTORY.UI_INVENTORY_C:SetWidgetStyle'!
[2019.07.26-02.32.28:546][ 17]LogScript: Warning: Script Msg: Attempted to access index 14 from array 'Inventory' of length 1 in '/Game/ThirdPersonBP/Blueprints/ThirdPersonCharacter.ThirdPersonCharacter_C'!
[2019.07.26-02.32.28:547][ 17]LogScript: Warning: Script Msg: Attempted to access index 15 from array 'Array' of length 1 in '/Game/Inventory/Content/InvUI/UI_INVENTORY.UI_INVENTORY_C:SetWidgetStyle'!
[2019.07.26-02.32.28:547][ 17]LogScript: Warning: Script Msg: Attempted to access index 15 from array 'Inventory' of length 1 in '/Game/ThirdPersonBP/Blueprints/ThirdPersonCharacter.ThirdPersonCharacter_C'!
[2019.07.26-02.32.28:547][ 17]LogScript: Warning: Script Msg: Attempted to access index 16 from array 'Array' of length 1 in '/Game/Inventory/Content/InvUI/UI_INVENTORY.UI_INVENTORY_C:SetWidgetStyle'!
[2019.07.26-02.32.28:547][ 17]LogScript: Warning: Script Msg: Attempted to access index 16 from array 'Inventory' of length 1 in '/Game/ThirdPersonBP/Blueprints/ThirdPersonCharacter.ThirdPersonCharacter_C'!
[2019.07.26-02.32.28:547][ 17]LogScript: Warning: Script Msg: Attempted to access index 17 from array 'Array' of length 1 in '/Game/Inventory/Content/InvUI/UI_INVENTORY.UI_INVENTORY_C:SetWidgetStyle'!
[2019.07.26-02.32.28:547][ 17]LogScript: Warning: Script Msg: Attempted to access index 17 from array 'Inventory' of length 1 in '/Game/ThirdPersonBP/Blueprints/ThirdPersonCharacter.ThirdPersonCharacter_C'!
[2019.07.26-02.32.28:547][ 17]LogScript: Warning: Script Msg: Attempted to access index 18 from array 'Array' of length 1 in '/Game/Inventory/Content/InvUI/UI_INVENTORY.UI_INVENTORY_C:SetWidgetStyle'!
[2019.07.26-02.32.28:547][ 17]LogScript: Warning: Script Msg: Attempted to access index 18 from array 'Inventory' of length 1 in '/Game/ThirdPersonBP/Blueprints/ThirdPersonCharacter.ThirdPersonCharacter_C'!
[2019.07.26-02.32.28:548][ 17]LogScript: Warning: Script Msg: Attempted to access index 19 from array 'Array' of length 1 in '/Game/Inventory/Content/InvUI/UI_INVENTORY.UI_INVENTORY_C:SetWidgetStyle'!
[2019.07.26-02.32.28:548][ 17]LogScript: Warning: Script Msg: Attempted to access index 19 from array 'Inventory' of length 1 in '/Game/ThirdPersonBP/Blueprints/ThirdPersonCharacter.ThirdPersonCharacter_C'!
[2019.07.26-02.32.28:548][ 17]LogScript: Warning: Script Msg: Attempted to access index 20 from array 'Array' of length 1 in '/Game/Inventory/Content/InvUI/UI_INVENTORY.UI_INVENTORY_C:SetWidgetStyle'!
[2019.07.26-02.32.28:548][ 17]LogScript: Warning: Script Msg: Attempted to access index 20 from array 'Inventory' of length 1 in '/Game/ThirdPersonBP/Blueprints/ThirdPersonCharacter.ThirdPersonCharacter_C'!
[2019.07.26-02.32.28:548][ 17]LogScript: Warning: Script Msg: Attempted to access index 21 from array 'Array' of length 1 in '/Game/Inventory/Content/InvUI/UI_INVENTORY.UI_INVENTORY_C:SetWidgetStyle'!
[2019.07.26-02.32.28:548][ 17]LogScript: Warning: Script Msg: Attempted to access index 21 from array 'Inventory' of length 1 in '/Game/ThirdPersonBP/Blueprints/ThirdPersonCharacter.ThirdPersonCharacter_C'!
[2019.07.26-02.32.28:548][ 17]LogScript: Warning: Script Msg: Attempted to access index 22 from array 'Array' of length 1 in '/Game/Inventory/Content/InvUI/UI_INVENTORY.UI_INVENTORY_C:SetWidgetStyle'!
[2019.07.26-02.32.28:548][ 17]LogScript: Warning: Script Msg: Attempted to access index 22 from array 'Inventory' of length 1 in '/Game/ThirdPersonBP/Blueprints/ThirdPersonCharacter.ThirdPersonCharacter_C'!
[2019.07.26-02.32.28:548][ 17]LogScript: Warning: Script Msg: Attempted to access index 23 from array 'Array' of length 1 in '/Game/Inventory/Content/InvUI/UI_INVENTORY.UI_INVENTORY_C:SetWidgetStyle'!
[2019.07.26-02.32.28:548][ 17]LogScript: Warning: Script Msg: Attempted to access index 23 from array 'Inventory' of length 1 in '/Game/ThirdPersonBP/Blueprints/ThirdPersonCharacter.ThirdPersonCharacter_C'!
[2019.07.26-02.32.28:549][ 17]LogScript: Warning: Script Msg: Attempted to access index 24 from array 'Array' of length 1 in '/Game/Inventory/Content/InvUI/UI_INVENTORY.UI_INVENTORY_C:SetWidgetStyle'!
[2019.07.26-02.32.28:549][ 17]LogScript: Warning: Script Msg: Attempted to access index 24 from array 'Inventory' of length 1 in '/Game/ThirdPersonBP/Blueprints/ThirdPersonCharacter.ThirdPersonCharacter_C'!
[2019.07.26-02.32.29:222][ 98]LogSlate: FSceneViewport::OnFocusLost() reason 0
[2019.07.26-02.32.29:315][109]LogScript: Warning: Script Msg: Attempted to access index 0 from array 'Array' of length 0 in '/Game/Inventory/Content/InvUI/UI_INVENTORY.UI_INVENTORY_C:SetWidgetStyle'!
[2019.07.26-02.32.29:315][109]LogScript: Warning: Script Msg: Attempted to access index 0 from array 'Inventory' of length 0 in '/Game/ThirdPersonBP/Blueprints/ThirdPersonCharacter.ThirdPersonCharacter_C'!
[2019.07.26-02.32.29:315][109]LogScript: Warning: Script Msg: Attempted to access index 1 from array 'Array' of length 0 in '/Game/Inventory/Content/InvUI/UI_INVENTORY.UI_INVENTORY_C:SetWidgetStyle'!
[2019.07.26-02.32.29:315][109]LogScript: Warning: Script Msg: Attempted to access index 1 from array 'Inventory' of length 0 in '/Game/ThirdPersonBP/Blueprints/ThirdPersonCharacter.ThirdPersonCharacter_C'!
[2019.07.26-02.32.29:315][109]LogScript: Warning: Script Msg: Attempted to access index 2 from array 'Array' of length 0 in '/Game/Inventory/Content/InvUI/UI_INVENTORY.UI_INVENTORY_C:SetWidgetStyle'!
[2019.07.26-02.32.29:315][109]LogScript: Warning: Script Msg: Attempted to access index 2 from array 'Inventory' of length 0 in '/Game/ThirdPersonBP/Blueprints/ThirdPersonCharacter.ThirdPersonCharacter_C'!
[2019.07.26-02.32.29:315][109]LogScript: Warning: Script Msg: Attempted to access index 3 from array 'Array' of length 0 in '/Game/Inventory/Content/InvUI/UI_INVENTORY.UI_INVENTORY_C:SetWidgetStyle'!
[2019.07.26-02.32.29:315][109]LogScript: Warning: Script Msg: Attempted to access index 3 from array 'Inventory' of length 0 in '/Game/ThirdPersonBP/Blueprints/ThirdPersonCharacter.ThirdPersonCharacter_C'!
[2019.07.26-02.32.29:316][109]LogScript: Warning: Script Msg: Attempted to access index 4 from array 'Array' of length 0 in '/Game/Inventory/Content/InvUI/UI_INVENTORY.UI_INVENTORY_C:SetWidgetStyle'!
[2019.07.26-02.32.29:316][109]LogScript: Warning: Script Msg: Attempted to access index 4 from array 'Inventory' of length 0 in '/Game/ThirdPersonBP/Blueprints/ThirdPersonCharacter.ThirdPersonCharacter_C'!
[2019.07.26-02.32.29:316][109]LogScript: Warning: Script Msg: Attempted to access index 5 from array 'Array' of length 0 in '/Game/Inventory/Content/InvUI/UI_INVENTORY.UI_INVENTORY_C:SetWidgetStyle'!
[2019.07.26-02.32.29:316][109]LogScript: Warning: Script Msg: Attempted to access index 5 from array 'Inventory' of length 0 in '/Game/ThirdPersonBP/Blueprints/ThirdPersonCharacter.ThirdPersonCharacter_C'!
[2019.07.26-02.32.29:316][109]LogScript: Warning: Script Msg: Attempted to access index 6 from array 'Array' of length 0 in '/Game/Inventory/Content/InvUI/UI_INVENTORY.UI_INVENTORY_C:SetWidgetStyle'!
[2019.07.26-02.32.29:316][109]LogScript: Warning: Script Msg: Attempted to access index 6 from array 'Inventory' of length 0 in '/Game/ThirdPersonBP/Blueprints/ThirdPersonCharacter.ThirdPersonCharacter_C'!
[2019.07.26-02.32.29:316][109]LogScript: Warning: Script Msg: Attempted to access index 7 from array 'Array' of length 0 in '/Game/Inventory/Content/InvUI/UI_INVENTORY.UI_INVENTORY_C:SetWidgetStyle'!
[2019.07.26-02.32.29:316][109]LogScript: Warning: Script Msg: Attempted to access index 7 from array 'Inventory' of length 0 in '/Game/ThirdPersonBP/Blueprints/ThirdPersonCharacter.ThirdPersonCharacter_C'!
[2019.07.26-02.32.29:317][109]LogScript: Warning: Script Msg: Attempted to access index 8 from array 'Array' of length 0 in '/Game/Inventory/Content/InvUI/UI_INVENTORY.UI_INVENTORY_C:SetWidgetStyle'!
[2019.07.26-02.32.29:317][109]LogScript: Warning: Script Msg: Attempted to access index 8 from array 'Inventory' of length 0 in '/Game/ThirdPersonBP/Blueprints/ThirdPersonCharacter.ThirdPersonCharacter_C'!
[2019.07.26-02.32.29:317][109]LogScript: Warning: Script Msg: Attempted to access index 9 from array 'Array' of length 0 in '/Game/Inventory/Content/InvUI/UI_INVENTORY.UI_INVENTORY_C:SetWidgetStyle'!
[2019.07.26-02.32.29:317][109]LogScript: Warning: Script Msg: Attempted to access index 9 from array 'Inventory' of length 0 in '/Game/ThirdPersonBP/Blueprints/ThirdPersonCharacter.ThirdPersonCharacter_C'!
[2019.07.26-02.32.29:317][109]LogScript: Warning: Script Msg: Attempted to access index 10 from array 'Array' of length 0 in '/Game/Inventory/Content/InvUI/UI_INVENTORY.UI_INVENTORY_C:SetWidgetStyle'!
[2019.07.26-02.32.29:317][109]LogScript: Warning: Script Msg: Attempted to access index 10 from array 'Inventory' of length 0 in '/Game/ThirdPersonBP/Blueprints/ThirdPersonCharacter.ThirdPersonCharacter_C'!
[2019.07.26-02.32.29:317][109]LogScript: Warning: Script Msg: Attempted to access index 11 from array 'Array' of length 0 in '/Game/Inventory/Content/InvUI/UI_INVENTORY.UI_INVENTORY_C:SetWidgetStyle'!
[2019.07.26-02.32.29:317][109]LogScript: Warning: Script Msg: Attempted to access index 11 from array 'Inventory' of length 0 in '/Game/ThirdPersonBP/Blueprints/ThirdPersonCharacter.ThirdPersonCharacter_C'!
[2019.07.26-02.32.29:318][109]LogScript: Warning: Script Msg: Attempted to access index 12 from array 'Array' of length 0 in '/Game/Inventory/Content/InvUI/UI_INVENTORY.UI_INVENTORY_C:SetWidgetStyle'!
[2019.07.26-02.32.29:318][109]LogScript: Warning: Script Msg: Attempted to access index 12 from array 'Inventory' of length 0 in '/Game/ThirdPersonBP/Blueprints/ThirdPersonCharacter.ThirdPersonCharacter_C'!
[2019.07.26-02.32.29:318][109]LogScript: Warning: Script Msg: Attempted to access index 13 from array 'Array' of length 0 in '/Game/Inventory/Content/InvUI/UI_INVENTORY.UI_INVENTORY_C:SetWidgetStyle'!
[2019.07.26-02.32.29:318][109]LogScript: Warning: Script Msg: Attempted to access index 13 from array 'Inventory' of length 0 in '/Game/ThirdPersonBP/Blueprints/ThirdPersonCharacter.ThirdPersonCharacter_C'!
[2019.07.26-02.32.29:318][109]LogScript: Warning: Script Msg: Attempted to access index 14 from array 'Array' of length 0 in '/Game/Inventory/Content/InvUI/UI_INVENTORY.UI_INVENTORY_C:SetWidgetStyle'!
[2019.07.26-02.32.29:318][109]LogScript: Warning: Script Msg: Attempted to access index 14 from array 'Inventory' of length 0 in '/Game/ThirdPersonBP/Blueprints/ThirdPersonCharacter.ThirdPersonCharacter_C'!
[2019.07.26-02.32.29:318][109]LogScript: Warning: Script Msg: Attempted to access index 15 from array 'Array' of length 0 in '/Game/Inventory/Content/InvUI/UI_INVENTORY.UI_INVENTORY_C:SetWidgetStyle'!
[2019.07.26-02.32.29:318][109]LogScript: Warning: Script Msg: Attempted to access index 15 from array 'Inventory' of length 0 in '/Game/ThirdPersonBP/Blueprints/ThirdPersonCharacter.ThirdPersonCharacter_C'!
[2019.07.26-02.32.29:319][109]LogScript: Warning: Script Msg: Attempted to access index 16 from array 'Array' of length 0 in '/Game/Inventory/Content/InvUI/UI_INVENTORY.UI_INVENTORY_C:SetWidgetStyle'!
[2019.07.26-02.32.29:319][109]LogScript: Warning: Script Msg: Attempted to access index 16 from array 'Inventory' of length 0 in '/Game/ThirdPersonBP/Blueprints/ThirdPersonCharacter.ThirdPersonCharacter_C'!
[2019.07.26-02.32.29:319][109]LogScript: Warning: Script Msg: Attempted to access index 17 from array 'Array' of length 0 in '/Game/Inventory/Content/InvUI/UI_INVENTORY.UI_INVENTORY_C:SetWidgetStyle'!
[2019.07.26-02.32.29:319][109]LogScript: Warning: Script Msg: Attempted to access index 17 from array 'Inventory' of length 0 in '/Game/ThirdPersonBP/Blueprints/ThirdPersonCharacter.ThirdPersonCharacter_C'!
[2019.07.26-02.32.29:319][109]LogScript: Warning: Script Msg: Attempted to access index 18 from array 'Array' of length 0 in '/Game/Inventory/Content/InvUI/UI_INVENTORY.UI_INVENTORY_C:SetWidgetStyle'!
[2019.07.26-02.32.29:319][109]LogScript: Warning: Script Msg: Attempted to access index 18 from array 'Inventory' of length 0 in '/Game/ThirdPersonBP/Blueprints/ThirdPersonCharacter.ThirdPersonCharacter_C'!
[2019.07.26-02.32.29:319][109]LogScript: Warning: Script Msg: Attempted to access index 19 from array 'Array' of length 0 in '/Game/Inventory/Content/InvUI/UI_INVENTORY.UI_INVENTORY_C:SetWidgetStyle'!
[2019.07.26-02.32.29:319][109]LogScript: Warning: Script Msg: Attempted to access index 19 from array 'Inventory' of length 0 in '/Game/ThirdPersonBP/Blueprints/ThirdPersonCharacter.ThirdPersonCharacter_C'!
[2019.07.26-02.32.29:320][109]LogScript: Warning: Script Msg: Attempted to access index 20 from array 'Array' of length 0 in '/Game/Inventory/Content/InvUI/UI_INVENTORY.UI_INVENTORY_C:SetWidgetStyle'!
[2019.07.26-02.32.29:320][109]LogScript: Warning: Script Msg: Attempted to access index 20 from array 'Inventory' of length 0 in '/Game/ThirdPersonBP/Blueprints/ThirdPersonCharacter.ThirdPersonCharacter_C'!
[2019.07.26-02.32.29:320][109]LogScript: Warning: Script Msg: Attempted to access index 21 from array 'Array' of length 0 in '/Game/Inventory/Content/InvUI/UI_INVENTORY.UI_INVENTORY_C:SetWidgetStyle'!
[2019.07.26-02.32.29:320][109]LogScript: Warning: Script Msg: Attempted to access index 21 from array 'Inventory' of length 0 in '/Game/ThirdPersonBP/Blueprints/ThirdPersonCharacter.ThirdPersonCharacter_C'!
[2019.07.26-02.32.29:320][109]LogScript: Warning: Script Msg: Attempted to access index 22 from array 'Array' of length 0 in '/Game/Inventory/Content/InvUI/UI_INVENTORY.UI_INVENTORY_C:SetWidgetStyle'!
[2019.07.26-02.32.29:320][109]LogScript: Warning: Script Msg: Attempted to access index 22 from array 'Inventory' of length 0 in '/Game/ThirdPersonBP/Blueprints/ThirdPersonCharacter.ThirdPersonCharacter_C'!
[2019.07.26-02.32.29:320][109]LogScript: Warning: Script Msg: Attempted to access index 23 from array 'Array' of length 0 in '/Game/Inventory/Content/InvUI/UI_INVENTORY.UI_INVENTORY_C:SetWidgetStyle'!
[2019.07.26-02.32.29:320][109]LogScript: Warning: Script Msg: Attempted to access index 23 from array 'Inventory' of length 0 in '/Game/ThirdPersonBP/Blueprints/ThirdPersonCharacter.ThirdPersonCharacter_C'!
[2019.07.26-02.32.29:320][109]LogScript: Warning: Script Msg: Attempted to access index 24 from array 'Array' of length 0 in '/Game/Inventory/Content/InvUI/UI_INVENTORY.UI_INVENTORY_C:SetWidgetStyle'!
[2019.07.26-02.32.29:321][109]LogScript: Warning: Script Msg: Attempted to access index 24 from array 'Inventory' of length 0 in '/Game/ThirdPersonBP/Blueprints/ThirdPersonCharacter.ThirdPersonCharacter_C'!
[2019.07.26-02.32.31:005][311]LogBlueprintUserMessages: Early EndPlayMap Detection: Level '/Game/ThirdPersonBP/Maps/ThirdPersonExampleMap_Auto5.ThirdPersonExampleMap_Auto5:PersistentLevel' has LevelScriptBlueprint '/Game/ThirdPersonBP/Maps/ThirdPersonExampleMap_Auto5.ThirdPersonExampleMap_Auto5:PersistentLevel.ThirdPersonExampleMap_Auto5' with GeneratedClass '/Game/ThirdPersonBP/Maps/ThirdPersonExampleMap_Auto5.ThirdPersonExampleMap_C' with ClassGeneratedBy '/Game/ThirdPersonBP/Maps/ThirdPersonExampleMap_Auto5.ThirdPersonExampleMap_Auto5:PersistentLevel.ThirdPersonExampleMap_Auto5'
[2019.07.26-02.32.31:005][311]LogSlate: Updating window title bar state: overlay mode, drag disabled, window buttons hidden, title bar hidden
[2019.07.26-02.32.31:043][311]LogPlayLevel: Display: Shutting down PIE online subsystems
[2019.07.26-02.32.31:043][311]LogBlueprintUserMessages: Late EndPlayMap Detection: Level '/Game/ThirdPersonBP/Maps/ThirdPersonExampleMap_Auto5.ThirdPersonExampleMap_Auto5:PersistentLevel' has LevelScriptBlueprint '/Game/ThirdPersonBP/Maps/ThirdPersonExampleMap_Auto5.ThirdPersonExampleMap_Auto5:PersistentLevel.ThirdPersonExampleMap_Auto5' with GeneratedClass '/Game/ThirdPersonBP/Maps/ThirdPersonExampleMap_Auto5.ThirdPersonExampleMap_C' with ClassGeneratedBy '/Game/ThirdPersonBP/Maps/ThirdPersonExampleMap_Auto5.ThirdPersonExampleMap_Auto5:PersistentLevel.ThirdPersonExampleMap_Auto5'
[2019.07.26-02.32.31:077][311]LogSlate: Updating window title bar state: overlay mode, drag disabled, window buttons hidden, title bar hidden
[2019.07.26-02.32.31:081][311]LogUObjectHash: Compacting FUObjectHashTables data took   1.88ms
[2019.07.26-02.32.31:125][313]LogPlayLevel: Display: Destroying online subsystem :Context_1
[2019.07.26-02.32.32:536][482]LogSlate: FSceneViewport::OnFocusLost() reason 0
[2019.07.26-02.32.50:200][567]LogAssetEditorManager: Opening Asset editor for Blueprint /Game/Inventory/Content/Interaction/Weapons/BP_BaseWeapon.BP_BaseWeapon
[2019.07.26-02.32.50:450][567]LogContentBrowser: Native class hierarchy updated for 'BlueprintGraph' in 0.0006 seconds. Added 121 classes and 0 folders.
[2019.07.26-02.32.51:287][567]LogSlate: Took 0.000344 seconds to synchronously load lazily loaded font '../../../Engine/Content/Slate/Fonts/Roboto-BoldCondensed.ttf' (158K)
[2019.07.26-02.32.51:505][568]LogSlate: Took 0.000285 seconds to synchronously load lazily loaded font '../../../Engine/Content/Slate/Fonts/Roboto-Italic.ttf' (157K)
[2019.07.26-02.33.09:305][399]LogWindows: Error: === Critical error: ===
[2019.07.26-02.33.09:305][399]LogWindows: Error: 
[2019.07.26-02.33.09:305][399]LogWindows: Error: Fatal error!
[2019.07.26-02.33.09:305][399]LogWindows: Error: 
[2019.07.26-02.33.09:305][399]LogWindows: Error: Unhandled Exception: EXCEPTION_ACCESS_VIOLATION reading address 0x00000000
[2019.07.26-02.33.09:305][399]LogWindows: Error: 
[2019.07.26-02.33.09:305][399]LogWindows: Error: [Callstack] 0x00007ffb16832ae7 UE4Editor-UnrealEd.dll!UnknownFunction []
[2019.07.26-02.33.09:305][399]LogWindows: Error: [Callstack] 0x00007ffb1686172f UE4Editor-UnrealEd.dll!UnknownFunction []
[2019.07.26-02.33.09:305][399]LogWindows: Error: [Callstack] 0x00007ffb1684b399 UE4Editor-UnrealEd.dll!UnknownFunction []
[2019.07.26-02.33.09:305][399]LogWindows: Error: [Callstack] 0x00007ffb1ac84021 UE4Editor-Slate.dll!UnknownFunction []
[2019.07.26-02.33.09:305][399]LogWindows: Error: [Callstack] 0x00007ffb1ad00301 UE4Editor-Slate.dll!UnknownFunction []
[2019.07.26-02.33.09:305][399]LogWindows: Error: [Callstack] 0x00007ffb1aceaaca UE4Editor-Slate.dll!UnknownFunction []
[2019.07.26-02.33.09:305][399]LogWindows: Error: [Callstack] 0x00007ffb1ace0414 UE4Editor-Slate.dll!UnknownFunction []
[2019.07.26-02.33.09:305][399]LogWindows: Error: [Callstack] 0x00007ffb58efb8e0 UE4Editor-ApplicationCore.dll!UnknownFunction []
[2019.07.26-02.33.09:305][399]LogWindows: Error: [Callstack] 0x00007ffb58eeef9f UE4Editor-ApplicationCore.dll!UnknownFunction []
[2019.07.26-02.33.09:305][399]LogWindows: Error: [Callstack] 0x00007ffb58efd77f UE4Editor-ApplicationCore.dll!UnknownFunction []
[2019.07.26-02.33.09:305][399]LogWindows: Error: [Callstack] 0x00007ffb58eec090 UE4Editor-ApplicationCore.dll!UnknownFunction []
[2019.07.26-02.33.09:305][399]LogWindows: Error: [Callstack] 0x00007ffb7947ca66 USER32.dll!UnknownFunction []
[2019.07.26-02.33.09:305][399]LogWindows: Error: [Callstack] 0x00007ffb7947c582 USER32.dll!UnknownFunction []
[2019.07.26-02.33.09:305][399]LogWindows: Error: [Callstack] 0x00007ffb58efe946 UE4Editor-ApplicationCore.dll!UnknownFunction []
[2019.07.26-02.33.09:305][399]LogWindows: Error: [Callstack] 0x00007ff70fb85d3e UE4Editor.exe!UnknownFunction []
[2019.07.26-02.33.09:305][399]LogWindows: Error: [Callstack] 0x00007ff70fb9554c UE4Editor.exe!UnknownFunction []
[2019.07.26-02.33.09:305][399]LogWindows: Error: [Callstack] 0x00007ff70fb955ca UE4Editor.exe!UnknownFunction []
[2019.07.26-02.33.09:305][399]LogWindows: Error: [Callstack] 0x00007ff70fba316c UE4Editor.exe!UnknownFunction []
[2019.07.26-02.33.09:305][399]LogWindows: Error: [Callstack] 0x00007ff70fba5b8e UE4Editor.exe!UnknownFunction []
[2019.07.26-02.33.09:305][399]LogWindows: Error: [Callstack] 0x00007ffb7a417974 KERNEL32.DLL!UnknownFunction []
[2019.07.26-02.33.09:305][399]LogWindows: Error: [Callstack] 0x00007ffb7a5ca271 ntdll.dll!UnknownFunction []
[2019.07.26-02.33.09:305][399]LogWindows: Error: 
[2019.07.26-02.33.09:381][399]LogExit: Executing StaticShutdownAfterError
[2019.07.26-02.33.09:386][399]LogWindows: FPlatformMisc::RequestExit(1)
[2019.07.26-02.33.09:397][399]Log file closed, 07/25/19 22:33:09
