Log file open, 07/21/19 17:10:03
LogWindows: Failed to load 'aqProf.dll' (GetLastError=126)
LogWindows: File 'aqProf.dll' does not exist
LogWindows: Failed to load 'VtuneApi.dll' (GetLastError=126)
LogWindows: File 'VtuneApi.dll' does not exist
LogWindows: Failed to load 'VtuneApi32e.dll' (GetLastError=126)
LogWindows: File 'VtuneApi32e.dll' does not exist
LogConsoleResponse: Display: Failed to find resolution value strings in scalability ini. Falling back to default.
LogInit: Display: Running engine for game: TPS
LogPakFile: Registered encryption key '00000000000000000000000000000000': 0 pak files mounted, 0 remain pending
LogPlatformFile: Not using cached read wrapper
LogTaskGraph: Started task graph with 5 named threads and 35 total threads with 3 sets of task threads.
LogStats: Stats thread started at 0.445554
LogD3D11RHI: Loaded GFSDK_Aftermath_Lib.x64.dll
LogICUInternationalization: ICU TimeZone Detection - Raw Offset: -5:00, Platform Override: ''
LogPluginManager: Mounting plugin Paper2D
LogPluginManager: Mounting plugin AISupport
LogPluginManager: Mounting plugin LightPropagationVolume
LogPluginManager: Mounting plugin ActorLayerUtilities
LogPluginManager: Mounting plugin AnimationSharing
LogPluginManager: Mounting plugin CLionSourceCodeAccess
LogPluginManager: Mounting plugin CodeLiteSourceCodeAccess
LogPluginManager: Mounting plugin GitSourceControl
LogPluginManager: Mounting plugin KDevelopSourceCodeAccess
LogPluginManager: Mounting plugin NullSourceCodeAccess
LogPluginManager: Mounting plugin PerforceSourceControl
LogPluginManager: Mounting plugin SubversionSourceControl
LogPluginManager: Mounting plugin UObjectPlugin
LogPluginManager: Mounting plugin VisualStudioCodeSourceCodeAccess
LogPluginManager: Mounting plugin VisualStudioSourceCodeAccess
LogPluginManager: Mounting plugin XCodeSourceCodeAccess
LogPluginManager: Mounting plugin AssetManagerEditor
LogPluginManager: Mounting plugin CryptoKeys
LogPluginManager: Mounting plugin DataValidation
LogPluginManager: Mounting plugin FacialAnimation
LogPluginManager: Mounting plugin GameplayTagsEditor
LogPluginManager: Mounting plugin MacGraphicsSwitching
LogPluginManager: Mounting plugin MaterialAnalyzer
LogPluginManager: Mounting plugin MobileLauncherProfileWizard
LogPluginManager: Mounting plugin PluginBrowser
LogPluginManager: Mounting plugin SpeedTreeImporter
LogPluginManager: Mounting plugin DatasmithContent
LogPluginManager: Mounting plugin VariantManagerContent
LogPluginManager: Mounting plugin AlembicImporter
LogPluginManager: Mounting plugin AppleImageUtils
LogPluginManager: Mounting plugin AppleVision
LogPluginManager: Mounting plugin BackChannel
LogPluginManager: Mounting plugin CharacterAI
LogPluginManager: Mounting plugin GeometryCache
LogPluginManager: Mounting plugin HTML5Networking
LogPluginManager: Mounting plugin ProxyLODPlugin
LogPluginManager: Mounting plugin SkeletalReduction
LogPluginManager: Mounting plugin MagicLeap
LogPluginManager: Mounting plugin MagicLeapMedia
LogPluginManager: Mounting plugin AndroidMedia
LogPluginManager: Mounting plugin AvfMedia
LogPluginManager: Mounting plugin ImgMedia
LogPluginManager: Mounting plugin LinearTimecode
LogPluginManager: Mounting plugin MediaCompositing
LogPluginManager: Mounting plugin MediaPlayerEditor
LogPluginManager: Mounting plugin WebMMedia
LogPluginManager: Mounting plugin WmfMedia
LogPluginManager: Mounting plugin TcpMessaging
LogPluginManager: Mounting plugin UdpMessaging
LogPluginManager: Mounting plugin ActorSequence
LogPluginManager: Mounting plugin LevelSequenceEditor
LogPluginManager: Mounting plugin MatineeToLevelSequence
LogPluginManager: Mounting plugin NetcodeUnitTest
LogPluginManager: Mounting plugin NUTUnrealEngine4
LogPluginManager: Mounting plugin OnlineSubsystemGooglePlay
LogPluginManager: Mounting plugin OnlineSubsystemIOS
LogPluginManager: Mounting plugin OnlineSubsystem
LogPluginManager: Mounting plugin OnlineSubsystemNull
LogPluginManager: Mounting plugin OnlineSubsystemUtils
LogPluginManager: Mounting plugin LauncherChunkInstaller
LogPluginManager: Mounting plugin AndroidDeviceProfileSelector
LogPluginManager: Mounting plugin AndroidMoviePlayer
LogPluginManager: Mounting plugin AndroidPermission
LogPluginManager: Mounting plugin AppleMoviePlayer
LogPluginManager: Mounting plugin ArchVisCharacter
LogPluginManager: Mounting plugin AudioCapture
LogPluginManager: Mounting plugin CableComponent
LogPluginManager: Mounting plugin CustomMeshComponent
LogPluginManager: Mounting plugin EditableMesh
LogPluginManager: Mounting plugin ExampleDeviceProfileSelector
LogPluginManager: Mounting plugin Firebase
LogPluginManager: Mounting plugin GoogleCloudMessaging
LogPluginManager: Mounting plugin IOSDeviceProfileSelector
LogPluginManager: Mounting plugin LinuxDeviceProfileSelector
LogPluginManager: Mounting plugin LocationServicesBPLibrary
LogPluginManager: Mounting plugin MobilePatchingUtils
LogPluginManager: Mounting plugin OculusVR
LogPluginManager: Mounting plugin PhysXVehicles
LogPluginManager: Mounting plugin ProceduralMeshComponent
LogPluginManager: Mounting plugin RuntimePhysXCooking
LogPluginManager: Mounting plugin SignificanceManager
LogPluginManager: Mounting plugin SteamVR
LogPluginManager: Mounting plugin WebMMoviePlayer
LogPluginManager: Mounting plugin WindowsMoviePlayer
LogInit: Using libcurl 7.55.1-DEV
LogInit:  - built for x86_64-pc-win32
LogInit:  - supports SSL with OpenSSL/1.1.1
LogInit:  - supports HTTP deflate (compression) using libz 1.2.8
LogInit:  - other features:
LogInit:      CURL_VERSION_SSL
LogInit:      CURL_VERSION_LIBZ
LogInit:      CURL_VERSION_IPV6
LogInit:      CURL_VERSION_ASYNCHDNS
LogInit:      CURL_VERSION_LARGEFILE
LogInit:      CURL_VERSION_IDN
LogInit:  CurlRequestOptions (configurable via config and command line):
LogInit:  - bVerifyPeer = true  - Libcurl will verify peer certificate
LogInit:  - bUseHttpProxy = false  - Libcurl will NOT use HTTP proxy
LogInit:  - bDontReuseConnections = false  - Libcurl will reuse connections
LogInit:  - MaxHostConnections = 16  - Libcurl will limit the number of connections to a host
LogInit:  - LocalHostAddr = Default
LogInit:  - BufferSize = 65536
LogInit: WinSock: version 1.1 (2.2), MaxSocks=32767, MaxUdp=65467
LogInit: Build: ++UE4+Release-4.22-CL-7053642
LogInit: Engine Version: 4.22.3-7053642+++UE4+Release-4.22
LogInit: Compatible Engine Version: 4.22.0-5660361+++UE4+Release-4.22
LogInit: Net CL: 5660361
LogInit: OS: Windows 10 (Release 1809) (), CPU: Intel(R) Core(TM) i7-6800K CPU @ 3.40GHz, GPU: NVIDIA GeForce GTX 1080
LogInit: Compiled (64-bit): Jun 18 2019 03:09:11
LogInit: Compiled with Visual C++: 19.16.27025.01
LogInit: Build Configuration: Development
LogInit: Branch Name: ++UE4+Release-4.22
LogInit: Command Line: 
LogInit: Base Directory: C:/Program Files/Epic Games/UE_4.22/Engine/Binaries/Win64/
LogInit: Installed Engine Build: 1
LogDevObjectVersion: Number of dev versions registered: 23
LogDevObjectVersion:   Dev-Blueprints (B0D832E4-1F89-4F0D-ACCF-7EB736FD4AA2): 10
LogDevObjectVersion:   Dev-Build (E1C64328-A22C-4D53-A36C-8E866417BD8C): 0
LogDevObjectVersion:   Dev-Core (375EC13C-06E4-48FB-B500-84F0262A717E): 3
LogDevObjectVersion:   Dev-Editor (E4B068ED-F494-42E9-A231-DA0B2E46BB41): 30
LogDevObjectVersion:   Dev-Framework (CFFC743F-43B0-4480-9391-14DF171D2073): 35
LogDevObjectVersion:   Dev-Mobile (B02B49B5-BB20-44E9-A304-32B752E40360): 2
LogDevObjectVersion:   Dev-Networking (A4E4105C-59A1-49B5-A7C5-40C4547EDFEE): 0
LogDevObjectVersion:   Dev-Online (39C831C9-5AE6-47DC-9A44-9C173E1C8E7C): 0
LogDevObjectVersion:   Dev-Physics (78F01B33-EBEA-4F98-B9B4-84EACCB95AA2): 0
LogDevObjectVersion:   Dev-Platform (6631380F-2D4D-43E0-8009-CF276956A95A): 0
LogDevObjectVersion:   Dev-Rendering (12F88B9F-8875-4AFC-A67C-D90C383ABD29): 28
LogDevObjectVersion:   Dev-Sequencer (7B5AE74C-D270-4C10-A958-57980B212A5A): 11
LogDevObjectVersion:   Dev-VR (D7296918-1DD6-4BDD-9DE2-64A83CC13884): 2
LogDevObjectVersion:   Dev-LoadTimes (C2A15278-BFE7-4AFE-6C17-90FF531DF755): 1
LogDevObjectVersion:   Private-Geometry (6EACA3D4-40EC-4CC1-B786-8BED09428FC5): 3
LogDevObjectVersion:   Dev-AnimPhys (29E575DD-E0A3-4627-9D10-D276232CDCEA): 17
LogDevObjectVersion:   Dev-Anim (AF43A65D-7FD3-4947-9873-3E8ED9C1BB05): 2
LogDevObjectVersion:   Dev-ReflectionCapture (6B266CEC-1EC7-4B8F-A30B-E4D90942FC07): 1
LogDevObjectVersion:   Dev-Automation (0DF73D61-A23F-47EA-B727-89E90C41499A): 1
LogDevObjectVersion:   FortniteMain (601D1886-AC64-4F84-AA16-D3DE0DEAC7D6): 25
LogDevObjectVersion:   Dev-Enterprise (9DFFBCD6-494F-0158-E221-12823C92A888): 6
LogDevObjectVersion:   Dev-Niagara (F2AED0AC-9AFE-416F-8664-AA7FFA26D6FC): 1
LogDevObjectVersion:   Dev-Destruction (174F1F0B-B4C6-45A5-B13F-2EE8D0FB917D): 2
LogInit: Presizing for max 16777216 objects, including 0 objects not considered by GC, pre-allocating 0 bytes for permanent pool.
LogInit: Object subsystem initialized
LogConfig: Setting CVar [[con.DebugEarlyDefault:1]]
LogConfig: Setting CVar [[r.setres:1280x720]]
[2019.07.21-21.10.04:171][  0]LogConfig: Setting CVar [[r.VSync:0]]
[2019.07.21-21.10.04:171][  0]LogConfig: Setting CVar [[r.RHICmdBypass:0]]
[2019.07.21-21.10.04:171][  0]LogConfig: Applying CVar settings from Section [/Script/Engine.RendererSettings] File [C:/Users/Schreiber/Documents/Unreal Projects/TPS TEST ZONE - Copy/Saved/Config/Windows/Engine.ini]
[2019.07.21-21.10.04:171][  0]LogConfig: Setting CVar [[r.GPUCrashDebugging:0]]
[2019.07.21-21.10.04:171][  0]LogConfig: Applying CVar settings from Section [/Script/Engine.RendererOverrideSettings] File [C:/Users/Schreiber/Documents/Unreal Projects/TPS TEST ZONE - Copy/Saved/Config/Windows/Engine.ini]
[2019.07.21-21.10.04:171][  0]LogConfig: Applying CVar settings from Section [/Script/Engine.StreamingSettings] File [C:/Users/Schreiber/Documents/Unreal Projects/TPS TEST ZONE - Copy/Saved/Config/Windows/Engine.ini]
[2019.07.21-21.10.04:171][  0]LogConfig: Setting CVar [[s.MinBulkDataSizeForAsyncLoading:131072]]
[2019.07.21-21.10.04:171][  0]LogConfig: Setting CVar [[s.AsyncLoadingThreadEnabled:0]]
[2019.07.21-21.10.04:172][  0]LogConfig: Setting CVar [[s.EventDrivenLoaderEnabled:1]]
[2019.07.21-21.10.04:172][  0]LogConfig: Setting CVar [[s.WarnIfTimeLimitExceeded:0]]
[2019.07.21-21.10.04:172][  0]LogConfig: Setting CVar [[s.TimeLimitExceededMultiplier:1.5]]
[2019.07.21-21.10.04:172][  0]LogConfig: Setting CVar [[s.TimeLimitExceededMinTime:0.005]]
[2019.07.21-21.10.04:172][  0]LogConfig: Setting CVar [[s.UseBackgroundLevelStreaming:1]]
[2019.07.21-21.10.04:172][  0]LogConfig: Setting CVar [[s.PriorityAsyncLoadingExtraTime:15.0]]
[2019.07.21-21.10.04:172][  0]LogConfig: Setting CVar [[s.LevelStreamingActorsUpdateTimeLimit:5.0]]
[2019.07.21-21.10.04:172][  0]LogConfig: Setting CVar [[s.PriorityLevelStreamingActorsUpdateExtraTime:5.0]]
[2019.07.21-21.10.04:172][  0]LogConfig: Setting CVar [[s.LevelStreamingComponentsRegistrationGranularity:10]]
[2019.07.21-21.10.04:172][  0]LogConfig: Setting CVar [[s.UnregisterComponentsTimeLimit:1.0]]
[2019.07.21-21.10.04:172][  0]LogConfig: Setting CVar [[s.LevelStreamingComponentsUnregistrationGranularity:5]]
[2019.07.21-21.10.04:172][  0]LogConfig: Applying CVar settings from Section [/Script/Engine.GarbageCollectionSettings] File [C:/Users/Schreiber/Documents/Unreal Projects/TPS TEST ZONE - Copy/Saved/Config/Windows/Engine.ini]
[2019.07.21-21.10.04:172][  0]LogConfig: Setting CVar [[gc.MaxObjectsNotConsideredByGC:1]]
[2019.07.21-21.10.04:172][  0]LogConfig: Setting CVar [[gc.SizeOfPermanentObjectPool:0]]
[2019.07.21-21.10.04:172][  0]LogConfig: Setting CVar [[gc.FlushStreamingOnGC:0]]
[2019.07.21-21.10.04:172][  0]LogConfig: Setting CVar [[gc.NumRetriesBeforeForcingGC:10]]
[2019.07.21-21.10.04:172][  0]LogConfig: Setting CVar [[gc.AllowParallelGC:1]]
[2019.07.21-21.10.04:172][  0]LogConfig: Setting CVar [[gc.TimeBetweenPurgingPendingKillObjects:61.1]]
[2019.07.21-21.10.04:172][  0]LogConfig: Setting CVar [[gc.MaxObjectsInEditor:16777216]]
[2019.07.21-21.10.04:172][  0]LogConfig: Setting CVar [[gc.IncrementalBeginDestroyEnabled:1]]
[2019.07.21-21.10.04:172][  0]LogConfig: Setting CVar [[gc.CreateGCClusters:1]]
[2019.07.21-21.10.04:172][  0]LogConfig: Setting CVar [[gc.MinGCClusterSize:5]]
[2019.07.21-21.10.04:172][  0]LogConfig: Setting CVar [[gc.ActorClusteringEnabled:0]]
[2019.07.21-21.10.04:172][  0]LogConfig: Setting CVar [[gc.BlueprintClusteringEnabled:0]]
[2019.07.21-21.10.04:172][  0]LogConfig: Setting CVar [[gc.UseDisregardForGCOnDedicatedServers:0]]
[2019.07.21-21.10.04:172][  0]LogConfig: Applying CVar settings from Section [/Script/Engine.NetworkSettings] File [C:/Users/Schreiber/Documents/Unreal Projects/TPS TEST ZONE - Copy/Saved/Config/Windows/Engine.ini]
[2019.07.21-21.10.04:172][  0]LogConfig: Applying CVar settings from Section [/Script/UnrealEd.CookerSettings] File [C:/Users/Schreiber/Documents/Unreal Projects/TPS TEST ZONE - Copy/Saved/Config/Windows/Engine.ini]
[2019.07.21-21.10.04:181][  0]LogConfig: Applying CVar settings from Section [ViewDistanceQuality@3] File [C:/Users/Schreiber/Documents/Unreal Projects/TPS TEST ZONE - Copy/Saved/Config/Windows/Scalability.ini]
[2019.07.21-21.10.04:181][  0]LogConfig: Setting CVar [[r.SkeletalMeshLODBias:0]]
[2019.07.21-21.10.04:181][  0]LogConfig: Setting CVar [[r.ViewDistanceScale:1.0]]
[2019.07.21-21.10.04:181][  0]LogConfig: Applying CVar settings from Section [AntiAliasingQuality@3] File [C:/Users/Schreiber/Documents/Unreal Projects/TPS TEST ZONE - Copy/Saved/Config/Windows/Scalability.ini]
[2019.07.21-21.10.04:181][  0]LogConfig: Setting CVar [[r.PostProcessAAQuality:4]]
[2019.07.21-21.10.04:181][  0]LogConfig: Applying CVar settings from Section [ShadowQuality@3] File [C:/Users/Schreiber/Documents/Unreal Projects/TPS TEST ZONE - Copy/Saved/Config/Windows/Scalability.ini]
[2019.07.21-21.10.04:181][  0]LogConfig: Setting CVar [[r.LightFunctionQuality:1]]
[2019.07.21-21.10.04:181][  0]LogConfig: Setting CVar [[r.ShadowQuality:5]]
[2019.07.21-21.10.04:181][  0]LogConfig: Setting CVar [[r.Shadow.CSM.MaxCascades:10]]
[2019.07.21-21.10.04:181][  0]LogConfig: Setting CVar [[r.Shadow.MaxResolution:2048]]
[2019.07.21-21.10.04:181][  0]LogConfig: Setting CVar [[r.Shadow.MaxCSMResolution:2048]]
[2019.07.21-21.10.04:181][  0]LogConfig: Setting CVar [[r.Shadow.RadiusThreshold:0.01]]
[2019.07.21-21.10.04:181][  0]LogConfig: Setting CVar [[r.Shadow.DistanceScale:1.0]]
[2019.07.21-21.10.04:181][  0]LogConfig: Setting CVar [[r.Shadow.CSM.TransitionScale:1.0]]
[2019.07.21-21.10.04:181][  0]LogConfig: Setting CVar [[r.Shadow.PreShadowResolutionFactor:1.0]]
[2019.07.21-21.10.04:181][  0]LogConfig: Setting CVar [[r.DistanceFieldShadowing:1]]
[2019.07.21-21.10.04:181][  0]LogConfig: Setting CVar [[r.DistanceFieldAO:1]]
[2019.07.21-21.10.04:181][  0]LogConfig: Setting CVar [[r.AOQuality:2]]
[2019.07.21-21.10.04:181][  0]LogConfig: Setting CVar [[r.VolumetricFog:1]]
[2019.07.21-21.10.04:181][  0]LogConfig: Setting CVar [[r.VolumetricFog.GridPixelSize:8]]
[2019.07.21-21.10.04:181][  0]LogConfig: Setting CVar [[r.VolumetricFog.GridSizeZ:128]]
[2019.07.21-21.10.04:181][  0]LogConfig: Setting CVar [[r.VolumetricFog.HistoryMissSupersampleCount:4]]
[2019.07.21-21.10.04:181][  0]LogConfig: Setting CVar [[r.LightMaxDrawDistanceScale:1]]
[2019.07.21-21.10.04:181][  0]LogConfig: Setting CVar [[r.CapsuleShadows:1]]
[2019.07.21-21.10.04:181][  0]LogConfig: Applying CVar settings from Section [PostProcessQuality@3] File [C:/Users/Schreiber/Documents/Unreal Projects/TPS TEST ZONE - Copy/Saved/Config/Windows/Scalability.ini]
[2019.07.21-21.10.04:181][  0]LogConfig: Setting CVar [[r.MotionBlurQuality:4]]
[2019.07.21-21.10.04:181][  0]LogConfig: Setting CVar [[r.AmbientOcclusionMipLevelFactor:0.4]]
[2019.07.21-21.10.04:181][  0]LogConfig: Setting CVar [[r.AmbientOcclusionMaxQuality:100]]
[2019.07.21-21.10.04:181][  0]LogConfig: Setting CVar [[r.AmbientOcclusionLevels:-1]]
[2019.07.21-21.10.04:181][  0]LogConfig: Setting CVar [[r.AmbientOcclusionRadiusScale:1.0]]
[2019.07.21-21.10.04:181][  0]LogConfig: Setting CVar [[r.DepthOfFieldQuality:2]]
[2019.07.21-21.10.04:181][  0]LogConfig: Setting CVar [[r.RenderTargetPoolMin:400]]
[2019.07.21-21.10.04:181][  0]LogConfig: Setting CVar [[r.LensFlareQuality:2]]
[2019.07.21-21.10.04:181][  0]LogConfig: Setting CVar [[r.SceneColorFringeQuality:1]]
[2019.07.21-21.10.04:181][  0]LogConfig: Setting CVar [[r.EyeAdaptationQuality:2]]
[2019.07.21-21.10.04:181][  0]LogConfig: Setting CVar [[r.BloomQuality:5]]
[2019.07.21-21.10.04:181][  0]LogConfig: Setting CVar [[r.FastBlurThreshold:100]]
[2019.07.21-21.10.04:181][  0]LogConfig: Setting CVar [[r.Upscale.Quality:3]]
[2019.07.21-21.10.04:181][  0]LogConfig: Setting CVar [[r.Tonemapper.GrainQuantization:1]]
[2019.07.21-21.10.04:181][  0]LogConfig: Setting CVar [[r.LightShaftQuality:1]]
[2019.07.21-21.10.04:181][  0]LogConfig: Setting CVar [[r.Filter.SizeScale:1]]
[2019.07.21-21.10.04:181][  0]LogConfig: Setting CVar [[r.Tonemapper.Quality:5]]
[2019.07.21-21.10.04:181][  0]LogConfig: Setting CVar [[r.DOF.Gather.AccumulatorQuality:1        ; higher gathering accumulator quality]]
[2019.07.21-21.10.04:181][  0]LogConfig: Setting CVar [[r.DOF.Gather.PostfilterMethod:1          ; Median3x3 postfilering method]]
[2019.07.21-21.10.04:181][  0]LogConfig: Setting CVar [[r.DOF.Gather.EnableBokehSettings:0       ; no bokeh simulation when gathering]]
[2019.07.21-21.10.04:181][  0]LogConfig: Setting CVar [[r.DOF.Gather.RingCount:4                 ; medium number of samples when gathering]]
[2019.07.21-21.10.04:182][  0]LogConfig: Setting CVar [[r.DOF.Scatter.ForegroundCompositing:1    ; additive foreground scattering]]
[2019.07.21-21.10.04:182][  0]LogConfig: Setting CVar [[r.DOF.Scatter.BackgroundCompositing:2    ; additive background scattering]]
[2019.07.21-21.10.04:182][  0]LogConfig: Setting CVar [[r.DOF.Scatter.EnableBokehSettings:1      ; bokeh simulation when scattering]]
[2019.07.21-21.10.04:182][  0]LogConfig: Setting CVar [[r.DOF.Scatter.MaxSpriteRatio:0.1         ; only a maximum of 10% of scattered bokeh]]
[2019.07.21-21.10.04:182][  0]LogConfig: Setting CVar [[r.DOF.Recombine.Quality:1                ; cheap slight out of focus]]
[2019.07.21-21.10.04:182][  0]LogConfig: Setting CVar [[r.DOF.Recombine.EnableBokehSettings:0    ; no bokeh simulation on slight out of focus]]
[2019.07.21-21.10.04:182][  0]LogConfig: Setting CVar [[r.DOF.TemporalAAQuality:1                ; more stable temporal accumulation]]
[2019.07.21-21.10.04:182][  0]LogConfig: Setting CVar [[r.DOF.Kernel.MaxForegroundRadius:0.025]]
[2019.07.21-21.10.04:182][  0]LogConfig: Setting CVar [[r.DOF.Kernel.MaxBackgroundRadius:0.025]]
[2019.07.21-21.10.04:182][  0]LogConfig: Applying CVar settings from Section [TextureQuality@3] File [C:/Users/Schreiber/Documents/Unreal Projects/TPS TEST ZONE - Copy/Saved/Config/Windows/Scalability.ini]
[2019.07.21-21.10.04:182][  0]LogConfig: Setting CVar [[r.Streaming.MipBias:0]]
[2019.07.21-21.10.04:182][  0]LogConfig: Setting CVar [[r.Streaming.AmortizeCPUToGPUCopy:0]]
[2019.07.21-21.10.04:182][  0]LogConfig: Setting CVar [[r.Streaming.MaxNumTexturesToStreamPerFrame:0]]
[2019.07.21-21.10.04:182][  0]LogConfig: Setting CVar [[r.Streaming.Boost:1]]
[2019.07.21-21.10.04:182][  0]LogConfig: Setting CVar [[r.MaxAnisotropy:8]]
[2019.07.21-21.10.04:182][  0]LogConfig: Setting CVar [[r.Streaming.LimitPoolSizeToVRAM:0]]
[2019.07.21-21.10.04:182][  0]LogConfig: Setting CVar [[r.Streaming.PoolSize:1000]]
[2019.07.21-21.10.04:182][  0]LogConfig: Setting CVar [[r.Streaming.MaxEffectiveScreenSize:0]]
[2019.07.21-21.10.04:182][  0]LogConfig: Applying CVar settings from Section [EffectsQuality@3] File [C:/Users/Schreiber/Documents/Unreal Projects/TPS TEST ZONE - Copy/Saved/Config/Windows/Scalability.ini]
[2019.07.21-21.10.04:182][  0]LogConfig: Setting CVar [[r.TranslucencyLightingVolumeDim:64]]
[2019.07.21-21.10.04:182][  0]LogConfig: Setting CVar [[r.RefractionQuality:2]]
[2019.07.21-21.10.04:182][  0]LogConfig: Setting CVar [[r.SSR.Quality:3]]
[2019.07.21-21.10.04:182][  0]LogConfig: Setting CVar [[r.SceneColorFormat:4]]
[2019.07.21-21.10.04:182][  0]LogConfig: Setting CVar [[r.DetailMode:2]]
[2019.07.21-21.10.04:182][  0]LogConfig: Setting CVar [[r.TranslucencyVolumeBlur:1]]
[2019.07.21-21.10.04:182][  0]LogConfig: Setting CVar [[r.MaterialQualityLevel:1 ; High quality]]
[2019.07.21-21.10.04:182][  0]LogConfig: Setting CVar [[r.SSS.Scale:1]]
[2019.07.21-21.10.04:182][  0]LogConfig: Setting CVar [[r.SSS.SampleSet:2]]
[2019.07.21-21.10.04:182][  0]LogConfig: Setting CVar [[r.SSS.Quality:1]]
[2019.07.21-21.10.04:182][  0]LogConfig: Setting CVar [[r.SSS.HalfRes:1]]
[2019.07.21-21.10.04:182][  0]LogConfig: Setting CVar [[r.EmitterSpawnRateScale:1.0]]
[2019.07.21-21.10.04:182][  0]LogConfig: Setting CVar [[r.ParticleLightQuality:2]]
[2019.07.21-21.10.04:182][  0]LogConfig: Applying CVar settings from Section [FoliageQuality@3] File [C:/Users/Schreiber/Documents/Unreal Projects/TPS TEST ZONE - Copy/Saved/Config/Windows/Scalability.ini]
[2019.07.21-21.10.04:182][  0]LogConfig: Setting CVar [[foliage.DensityScale:1.0]]
[2019.07.21-21.10.04:182][  0]LogConfig: Setting CVar [[grass.DensityScale:1.0]]
[2019.07.21-21.10.04:182][  0]LogInit: Selected Device Profile: [Windows]
[2019.07.21-21.10.04:182][  0]LogInit: Applying CVar settings loaded from the selected device profile: [Windows]
[2019.07.21-21.10.04:191][  0]LogHAL: Display: Platform has ~ 32 GB [34263347200 / 34359738368 / 32], which maps to Largest [LargestMinGB=32, LargerMinGB=12, DefaultMinGB=8, SmallerMinGB=6, SmallestMinGB=0)
[2019.07.21-21.10.04:191][  0]LogConfig: Setting CVar [[r.Vulkan.UseRealUBs:0		; Required until we fix HLR fall-out]]
[2019.07.21-21.10.04:191][  0]LogInit: Going up to parent DeviceProfile []
[2019.07.21-21.10.04:191][  0]LogConfig: Applying CVar settings from Section [ViewDistanceQuality@Cine] File [C:/Users/Schreiber/Documents/Unreal Projects/TPS TEST ZONE - Copy/Saved/Config/Windows/Scalability.ini]
[2019.07.21-21.10.04:191][  0]LogConfig: Setting CVar [[r.SkeletalMeshLODBias:0]]
[2019.07.21-21.10.04:191][  0]LogConfig: Setting CVar [[r.ViewDistanceScale:10.0]]
[2019.07.21-21.10.04:191][  0]LogConfig: Applying CVar settings from Section [AntiAliasingQuality@Cine] File [C:/Users/Schreiber/Documents/Unreal Projects/TPS TEST ZONE - Copy/Saved/Config/Windows/Scalability.ini]
[2019.07.21-21.10.04:191][  0]LogConfig: Setting CVar [[r.PostProcessAAQuality:6]]
[2019.07.21-21.10.04:191][  0]LogConfig: Applying CVar settings from Section [ShadowQuality@Cine] File [C:/Users/Schreiber/Documents/Unreal Projects/TPS TEST ZONE - Copy/Saved/Config/Windows/Scalability.ini]
[2019.07.21-21.10.04:191][  0]LogConfig: Setting CVar [[r.LightFunctionQuality:1]]
[2019.07.21-21.10.04:191][  0]LogConfig: Setting CVar [[r.ShadowQuality:5]]
[2019.07.21-21.10.04:191][  0]LogConfig: Setting CVar [[r.Shadow.CSM.MaxCascades:10]]
[2019.07.21-21.10.04:191][  0]LogConfig: Setting CVar [[r.Shadow.MaxResolution:4096]]
[2019.07.21-21.10.04:191][  0]LogConfig: Setting CVar [[r.Shadow.MaxCSMResolution:4096]]
[2019.07.21-21.10.04:191][  0]LogConfig: Setting CVar [[r.Shadow.RadiusThreshold:0]]
[2019.07.21-21.10.04:191][  0]LogConfig: Setting CVar [[r.Shadow.DistanceScale:1.0]]
[2019.07.21-21.10.04:191][  0]LogConfig: Setting CVar [[r.Shadow.CSM.TransitionScale:1.0]]
[2019.07.21-21.10.04:191][  0]LogConfig: Setting CVar [[r.Shadow.PreShadowResolutionFactor:1.0]]
[2019.07.21-21.10.04:191][  0]LogConfig: Setting CVar [[r.DistanceFieldShadowing:1]]
[2019.07.21-21.10.04:191][  0]LogConfig: Setting CVar [[r.DistanceFieldAO:1]]
[2019.07.21-21.10.04:191][  0]LogConfig: Setting CVar [[r.AOQuality:2]]
[2019.07.21-21.10.04:191][  0]LogConfig: Setting CVar [[r.VolumetricFog:1]]
[2019.07.21-21.10.04:191][  0]LogConfig: Setting CVar [[r.VolumetricFog.GridPixelSize:4]]
[2019.07.21-21.10.04:191][  0]LogConfig: Setting CVar [[r.VolumetricFog.GridSizeZ:128]]
[2019.07.21-21.10.04:191][  0]LogConfig: Setting CVar [[r.VolumetricFog.HistoryMissSupersampleCount:16]]
[2019.07.21-21.10.04:191][  0]LogConfig: Setting CVar [[r.LightMaxDrawDistanceScale:1]]
[2019.07.21-21.10.04:191][  0]LogConfig: Setting CVar [[r.CapsuleShadows:1]]
[2019.07.21-21.10.04:191][  0]LogConfig: Applying CVar settings from Section [PostProcessQuality@Cine] File [C:/Users/Schreiber/Documents/Unreal Projects/TPS TEST ZONE - Copy/Saved/Config/Windows/Scalability.ini]
[2019.07.21-21.10.04:191][  0]LogConfig: Setting CVar [[r.MotionBlurQuality:4]]
[2019.07.21-21.10.04:191][  0]LogConfig: Setting CVar [[r.AmbientOcclusionMipLevelFactor:0.4]]
[2019.07.21-21.10.04:191][  0]LogConfig: Setting CVar [[r.AmbientOcclusionMaxQuality:100]]
[2019.07.21-21.10.04:191][  0]LogConfig: Setting CVar [[r.AmbientOcclusionLevels:-1]]
[2019.07.21-21.10.04:191][  0]LogConfig: Setting CVar [[r.AmbientOcclusionRadiusScale:1.0]]
[2019.07.21-21.10.04:191][  0]LogConfig: Setting CVar [[r.DepthOfFieldQuality:4]]
[2019.07.21-21.10.04:191][  0]LogConfig: Setting CVar [[r.RenderTargetPoolMin:1000]]
[2019.07.21-21.10.04:191][  0]LogConfig: Setting CVar [[r.LensFlareQuality:3]]
[2019.07.21-21.10.04:191][  0]LogConfig: Setting CVar [[r.SceneColorFringeQuality:1]]
[2019.07.21-21.10.04:191][  0]LogConfig: Setting CVar [[r.EyeAdaptationQuality:2]]
[2019.07.21-21.10.04:191][  0]LogConfig: Setting CVar [[r.BloomQuality:5]]
[2019.07.21-21.10.04:191][  0]LogConfig: Setting CVar [[r.FastBlurThreshold:100]]
[2019.07.21-21.10.04:191][  0]LogConfig: Setting CVar [[r.Upscale.Quality:3]]
[2019.07.21-21.10.04:191][  0]LogConfig: Setting CVar [[r.Tonemapper.GrainQuantization:1]]
[2019.07.21-21.10.04:191][  0]LogConfig: Setting CVar [[r.LightShaftQuality:1]]
[2019.07.21-21.10.04:191][  0]LogConfig: Setting CVar [[r.Filter.SizeScale:1]]
[2019.07.21-21.10.04:191][  0]LogConfig: Setting CVar [[r.Tonemapper.Quality:5]]
[2019.07.21-21.10.04:191][  0]LogConfig: Setting CVar [[r.DOF.Gather.AccumulatorQuality:1        ; higher gathering accumulator quality]]
[2019.07.21-21.10.04:191][  0]LogConfig: Setting CVar [[r.DOF.Gather.PostfilterMethod:1          ; Median3x3 postfilering method]]
[2019.07.21-21.10.04:191][  0]LogConfig: Setting CVar [[r.DOF.Gather.EnableBokehSettings:1       ; bokeh simulation when gathering]]
[2019.07.21-21.10.04:191][  0]LogConfig: Setting CVar [[r.DOF.Gather.RingCount:5                 ; high number of samples when gathering]]
[2019.07.21-21.10.04:191][  0]LogConfig: Setting CVar [[r.DOF.Scatter.ForegroundCompositing:1    ; additive foreground scattering]]
[2019.07.21-21.10.04:191][  0]LogConfig: Setting CVar [[r.DOF.Scatter.BackgroundCompositing:2    ; background scattering occlusion]]
[2019.07.21-21.10.04:191][  0]LogConfig: Setting CVar [[r.DOF.Scatter.EnableBokehSettings:1      ; no bokeh simulation when scattering]]
[2019.07.21-21.10.04:191][  0]LogConfig: Setting CVar [[r.DOF.Scatter.MaxSpriteRatio:0.1         ; only a maximum of 10% of scattered bokeh]]
[2019.07.21-21.10.04:191][  0]LogConfig: Setting CVar [[r.DOF.Recombine.Quality:2                ; highest slight out of focus]]
[2019.07.21-21.10.04:191][  0]LogConfig: Setting CVar [[r.DOF.Recombine.EnableBokehSettings:1    ; bokeh simulation on slight out of focus]]
[2019.07.21-21.10.04:191][  0]LogConfig: Setting CVar [[r.DOF.TemporalAAQuality:1                ; more stable temporal accumulation]]
[2019.07.21-21.10.04:191][  0]LogConfig: Setting CVar [[r.DOF.Kernel.MaxForegroundRadius:0.025]]
[2019.07.21-21.10.04:191][  0]LogConfig: Setting CVar [[r.DOF.Kernel.MaxBackgroundRadius:0.025]]
[2019.07.21-21.10.04:191][  0]LogConfig: Applying CVar settings from Section [TextureQuality@Cine] File [C:/Users/Schreiber/Documents/Unreal Projects/TPS TEST ZONE - Copy/Saved/Config/Windows/Scalability.ini]
[2019.07.21-21.10.04:191][  0]LogConfig: Setting CVar [[r.Streaming.MipBias:0]]
[2019.07.21-21.10.04:191][  0]LogConfig: Setting CVar [[r.Streaming.AmortizeCPUToGPUCopy:0]]
[2019.07.21-21.10.04:191][  0]LogConfig: Setting CVar [[r.Streaming.MaxNumTexturesToStreamPerFrame:0]]
[2019.07.21-21.10.04:191][  0]LogConfig: Setting CVar [[r.Streaming.Boost:1]]
[2019.07.21-21.10.04:191][  0]LogConfig: Setting CVar [[r.MaxAnisotropy:8]]
[2019.07.21-21.10.04:191][  0]LogConfig: Setting CVar [[r.Streaming.LimitPoolSizeToVRAM:0]]
[2019.07.21-21.10.04:191][  0]LogConfig: Setting CVar [[r.Streaming.PoolSize:3000]]
[2019.07.21-21.10.04:191][  0]LogConfig: Setting CVar [[r.Streaming.MaxEffectiveScreenSize:0]]
[2019.07.21-21.10.04:191][  0]LogConfig: Applying CVar settings from Section [EffectsQuality@Cine] File [C:/Users/Schreiber/Documents/Unreal Projects/TPS TEST ZONE - Copy/Saved/Config/Windows/Scalability.ini]
[2019.07.21-21.10.04:191][  0]LogConfig: Setting CVar [[r.TranslucencyLightingVolumeDim:64]]
[2019.07.21-21.10.04:192][  0]LogConfig: Setting CVar [[r.RefractionQuality:2]]
[2019.07.21-21.10.04:192][  0]LogConfig: Setting CVar [[r.SSR.Quality:4]]
[2019.07.21-21.10.04:192][  0]LogConfig: Setting CVar [[r.SceneColorFormat:4]]
[2019.07.21-21.10.04:192][  0]LogConfig: Setting CVar [[r.DetailMode:2]]
[2019.07.21-21.10.04:192][  0]LogConfig: Setting CVar [[r.TranslucencyVolumeBlur:1]]
[2019.07.21-21.10.04:192][  0]LogConfig: Setting CVar [[r.MaterialQualityLevel:1 ; High quality]]
[2019.07.21-21.10.04:192][  0]LogConfig: Setting CVar [[r.SSS.Scale:1]]
[2019.07.21-21.10.04:192][  0]LogConfig: Setting CVar [[r.SSS.SampleSet:2]]
[2019.07.21-21.10.04:192][  0]LogConfig: Setting CVar [[r.SSS.Quality:1]]
[2019.07.21-21.10.04:192][  0]LogConfig: Setting CVar [[r.SSS.HalfRes:0]]
[2019.07.21-21.10.04:192][  0]LogConfig: Setting CVar [[r.EmitterSpawnRateScale:1.0]]
[2019.07.21-21.10.04:192][  0]LogConfig: Setting CVar [[r.ParticleLightQuality:2]]
[2019.07.21-21.10.04:192][  0]LogConfig: Applying CVar settings from Section [FoliageQuality@Cine] File [C:/Users/Schreiber/Documents/Unreal Projects/TPS TEST ZONE - Copy/Saved/Config/Windows/Scalability.ini]
[2019.07.21-21.10.04:192][  0]LogConfig: Setting CVar [[foliage.DensityScale:1.0]]
[2019.07.21-21.10.04:192][  0]LogConfig: Setting CVar [[grass.DensityScale:1.0]]
[2019.07.21-21.10.04:192][  0]LogConfig: Applying CVar settings from Section [Startup] File [../../../Engine/Config/ConsoleVariables.ini]
[2019.07.21-21.10.04:192][  0]LogConfig: Setting CVar [[net.UseAdaptiveNetUpdateFrequency:0]]
[2019.07.21-21.10.04:192][  0]LogConfig: Setting CVar [[p.chaos.AllowCreatePhysxBodies:1]]
[2019.07.21-21.10.04:192][  0]LogConfig: Applying CVar settings from Section [ConsoleVariables] File [C:/Users/Schreiber/Documents/Unreal Projects/TPS TEST ZONE - Copy/Saved/Config/Windows/Engine.ini]
[2019.07.21-21.10.04:192][  0]LogInit: Computer: ANTHONY
[2019.07.21-21.10.04:192][  0]LogInit: User: Schreiber
[2019.07.21-21.10.04:192][  0]LogInit: CPU Page size=4096, Cores=6
[2019.07.21-21.10.04:192][  0]LogInit: High frequency timer resolution =10.000000 MHz
[2019.07.21-21.10.04:192][  0]LogMemory: Memory total: Physical=31.9GB (32GB approx)
[2019.07.21-21.10.04:192][  0]LogMemory: Platform Memory Stats for Windows
[2019.07.21-21.10.04:192][  0]LogMemory: Process Physical Memory: 100.09 MB used, 100.09 MB peak
[2019.07.21-21.10.04:192][  0]LogMemory: Process Virtual Memory: 90.21 MB used, 90.21 MB peak
[2019.07.21-21.10.04:192][  0]LogMemory: Physical Memory: 13374.61 MB used,  19301.47 MB free, 32676.07 MB total
[2019.07.21-21.10.04:192][  0]LogMemory: Virtual Memory: 4660.38 MB used,  134213064.00 MB free, 134217728.00 MB total
[2019.07.21-21.10.04:223][  0]LogInit: Using OS detected language (en-US).
[2019.07.21-21.10.04:223][  0]LogInit: Using OS detected locale (en-US).
[2019.07.21-21.10.04:224][  0]LogTextLocalizationManager: No specific localization for 'en-US' exists, so the 'en' localization will be used.
[2019.07.21-21.10.04:377][  0]LogInit: Setting process to per monitor DPI aware
[2019.07.21-21.10.04:449][  0]LogSlate: New Slate User Created.  User Index 0, Is Virtual User: 0
[2019.07.21-21.10.04:449][  0]LogSlate: Slate User Registered.  User Index 0, Is Virtual User: 0
[2019.07.21-21.10.04:699][  0]LogHMD: Failed to initialize OpenVR with code 110
[2019.07.21-21.10.04:699][  0]LogD3D11RHI: D3D11 adapters:
[2019.07.21-21.10.04:805][  0]LogD3D11RHI:    0. 'NVIDIA GeForce GTX 1080' (Feature Level 11_0)
[2019.07.21-21.10.04:805][  0]LogD3D11RHI:       8079/0/16338 MB DedicatedVideo/DedicatedSystem/SharedSystem, Outputs:2, VendorId:0x10de
[2019.07.21-21.10.04:811][  0]LogD3D11RHI:    1. 'Microsoft Basic Render Driver' (Feature Level 11_0)
[2019.07.21-21.10.04:811][  0]LogD3D11RHI:       0/0/16338 MB DedicatedVideo/DedicatedSystem/SharedSystem, Outputs:0, VendorId:0x1414
[2019.07.21-21.10.04:811][  0]LogD3D11RHI: Chosen D3D11 Adapter: 0
[2019.07.21-21.10.04:820][  0]LogD3D11RHI: Creating new Direct3DDevice
[2019.07.21-21.10.04:820][  0]LogD3D11RHI:     GPU DeviceId: 0x1b80 (for the marketing name, search the web for "GPU Device Id")
[2019.07.21-21.10.04:820][  0]LogWindows: EnumDisplayDevices:
[2019.07.21-21.10.04:820][  0]LogWindows:    0. 'NVIDIA GeForce GTX 1080' (P:1 D:1)
[2019.07.21-21.10.04:821][  0]LogWindows:    1. 'NVIDIA GeForce GTX 1080' (P:0 D:1)
[2019.07.21-21.10.04:822][  0]LogWindows:    2. 'NVIDIA GeForce GTX 1080' (P:0 D:0)
[2019.07.21-21.10.04:823][  0]LogWindows:    3. 'NVIDIA GeForce GTX 1080' (P:0 D:0)
[2019.07.21-21.10.04:823][  0]LogWindows: DebugString: FoundDriverCount:4 
[2019.07.21-21.10.04:823][  0]LogD3D11RHI:     Adapter Name: NVIDIA GeForce GTX 1080
[2019.07.21-21.10.04:823][  0]LogD3D11RHI:   Driver Version: 431.36 (internal:26.21.14.3136, unified:431.36)
[2019.07.21-21.10.04:823][  0]LogD3D11RHI:      Driver Date: 7-3-2019
[2019.07.21-21.10.04:823][  0]LogRHI: Texture pool is 5655 MB (70% of 8079 MB)
[2019.07.21-21.10.04:915][  0]LogD3D11RHI: Async texture creation enabled
[2019.07.21-21.10.04:926][  0]LogRendererCore: FGlobalReadBuffer::InitRHI
[2019.07.21-21.10.04:927][  0]LogRendererCore: FGlobalReadBuffer::InitRHI
[2019.07.21-21.10.04:927][  0]LogRendererCore: FGlobalReadBuffer::InitRHI
[2019.07.21-21.10.04:940][  0]LogD3D11RHI: GPU Timing Frequency: 1000.000000 (Debug: 2 2)
[2019.07.21-21.10.05:476][  0]LogTemp: Display: Module 'AllDesktopTargetPlatform' loaded TargetPlatform 'AllDesktop'
[2019.07.21-21.10.05:493][  0]LogTemp: Display: Module 'MacClientTargetPlatform' loaded TargetPlatform 'MacClient'
[2019.07.21-21.10.05:510][  0]LogTemp: Display: Module 'MacNoEditorTargetPlatform' loaded TargetPlatform 'MacNoEditor'
[2019.07.21-21.10.05:528][  0]LogTemp: Display: Module 'MacServerTargetPlatform' loaded TargetPlatform 'MacServer'
[2019.07.21-21.10.05:545][  0]LogTemp: Display: Module 'MacTargetPlatform' loaded TargetPlatform 'Mac'
[2019.07.21-21.10.05:560][  0]LogTemp: Display: Module 'WindowsClientTargetPlatform' loaded TargetPlatform 'WindowsClient'
[2019.07.21-21.10.05:577][  0]LogTemp: Display: Module 'WindowsNoEditorTargetPlatform' loaded TargetPlatform 'WindowsNoEditor'
[2019.07.21-21.10.05:593][  0]LogTemp: Display: Module 'WindowsServerTargetPlatform' loaded TargetPlatform 'WindowsServer'
[2019.07.21-21.10.05:601][  0]LogTemp: Display: Module 'WindowsTargetPlatform' loaded TargetPlatform 'Windows'
[2019.07.21-21.10.05:695][  0]LogTemp: Display: Module 'AndroidTargetPlatform' loaded TargetPlatform 'Android'
[2019.07.21-21.10.05:695][  0]LogTemp: Display: Module 'AndroidTargetPlatform' loaded TargetPlatform 'Android_ASTC'
[2019.07.21-21.10.05:695][  0]LogTemp: Display: Module 'AndroidTargetPlatform' loaded TargetPlatform 'Android_ATC'
[2019.07.21-21.10.05:695][  0]LogTemp: Display: Module 'AndroidTargetPlatform' loaded TargetPlatform 'Android_DXT'
[2019.07.21-21.10.05:696][  0]LogTemp: Display: Module 'AndroidTargetPlatform' loaded TargetPlatform 'Android_ETC1'
[2019.07.21-21.10.05:696][  0]LogTemp: Display: Module 'AndroidTargetPlatform' loaded TargetPlatform 'Android_ETC1a'
[2019.07.21-21.10.05:696][  0]LogTemp: Display: Module 'AndroidTargetPlatform' loaded TargetPlatform 'Android_ETC2'
[2019.07.21-21.10.05:696][  0]LogTemp: Display: Module 'AndroidTargetPlatform' loaded TargetPlatform 'Android_PVRTC'
[2019.07.21-21.10.05:696][  0]LogTemp: Display: Module 'AndroidTargetPlatform' loaded TargetPlatform 'AndroidClient'
[2019.07.21-21.10.05:696][  0]LogTemp: Display: Module 'AndroidTargetPlatform' loaded TargetPlatform 'Android_ASTCClient'
[2019.07.21-21.10.05:696][  0]LogTemp: Display: Module 'AndroidTargetPlatform' loaded TargetPlatform 'Android_ATCClient'
[2019.07.21-21.10.05:696][  0]LogTemp: Display: Module 'AndroidTargetPlatform' loaded TargetPlatform 'Android_DXTClient'
[2019.07.21-21.10.05:696][  0]LogTemp: Display: Module 'AndroidTargetPlatform' loaded TargetPlatform 'Android_ETC1Client'
[2019.07.21-21.10.05:696][  0]LogTemp: Display: Module 'AndroidTargetPlatform' loaded TargetPlatform 'Android_ETC1aClient'
[2019.07.21-21.10.05:696][  0]LogTemp: Display: Module 'AndroidTargetPlatform' loaded TargetPlatform 'Android_ETC2Client'
[2019.07.21-21.10.05:696][  0]LogTemp: Display: Module 'AndroidTargetPlatform' loaded TargetPlatform 'Android_PVRTCClient'
[2019.07.21-21.10.05:696][  0]LogTemp: Display: Module 'AndroidTargetPlatform' loaded TargetPlatform 'Android_Multi'
[2019.07.21-21.10.05:696][  0]LogTemp: Display: Module 'AndroidTargetPlatform' loaded TargetPlatform 'Android_MultiClient'
[2019.07.21-21.10.05:698][  0]LogTemp: Display: Module 'HTML5TargetPlatform' loaded TargetPlatform 'HTML5'
[2019.07.21-21.10.05:757][  0]LogTemp: Display: Module 'IOSTargetPlatform' loaded TargetPlatform 'IOSClient'
[2019.07.21-21.10.05:757][  0]LogTemp: Display: Module 'IOSTargetPlatform' loaded TargetPlatform 'IOS'
[2019.07.21-21.10.05:791][  0]LogTemp: Display: Module 'TVOSTargetPlatform' loaded TargetPlatform 'TVOSClient'
[2019.07.21-21.10.05:791][  0]LogTemp: Display: Module 'TVOSTargetPlatform' loaded TargetPlatform 'TVOS'
[2019.07.21-21.10.05:812][  0]LogTemp: Display: Module 'LinuxClientTargetPlatform' loaded TargetPlatform 'LinuxClient'
[2019.07.21-21.10.05:828][  0]LogTemp: Display: Module 'LinuxNoEditorTargetPlatform' loaded TargetPlatform 'LinuxNoEditor'
[2019.07.21-21.10.05:842][  0]LogTemp: Display: Module 'LinuxServerTargetPlatform' loaded TargetPlatform 'LinuxServer'
[2019.07.21-21.10.05:858][  0]LogTemp: Display: Module 'LinuxTargetPlatform' loaded TargetPlatform 'Linux'
[2019.07.21-21.10.05:915][  0]LogTemp: Display: Module 'LuminTargetPlatform' loaded TargetPlatform 'Lumin'
[2019.07.21-21.10.05:915][  0]LogTemp: Display: Module 'LuminTargetPlatform' loaded TargetPlatform 'LuminClient'
[2019.07.21-21.10.05:915][  0]LogTargetPlatformManager: Display: Building Assets For Windows
[2019.07.21-21.10.05:932][  0]LogAudioDebug: Display: Lib vorbis DLL was dynamically loaded.
[2019.07.21-21.10.06:022][  0]LogShaderCompilers: Guid format shader working directory is -30 characters bigger than the processId version (../../../../../../Users/Schreiber/Documents/Unreal Projects/TPS TEST ZONE - Copy/Intermediate/Shaders/WorkingDirectory/2460/).
[2019.07.21-21.10.06:022][  0]LogShaderCompilers: Cleaned the shader compiler working directory 'C:/Users/Schreiber/AppData/Local/Temp/UnrealShaderWorkingDir/A27FE9264B3F9C23892300A525880E3F/'.
[2019.07.21-21.10.06:026][  0]LogXGEController: Cannot use XGE Controller as Incredibuild is not installed on this machine.
[2019.07.21-21.10.06:026][  0]LogShaderCompilers: Cannot use XGE Shader Compiler as Incredibuild is not installed on this machine.
[2019.07.21-21.10.06:026][  0]LogShaderCompilers: Display: Using Local Shader Compiler.
[2019.07.21-21.10.06:695][  0]LogDerivedDataCache: Display: Max Cache Size: 512 MB
[2019.07.21-21.10.06:749][  0]LogDerivedDataCache: Loaded boot cache 0.05s 71MB C:/Users/Schreiber/AppData/Local/UnrealEngine/4.22/DerivedDataCache/Boot.ddc.
[2019.07.21-21.10.06:749][  0]LogDerivedDataCache: Display: Loaded Boot cache: C:/Users/Schreiber/AppData/Local/UnrealEngine/4.22/DerivedDataCache/Boot.ddc
[2019.07.21-21.10.06:749][  0]LogDerivedDataCache: FDerivedDataBackendGraph:  Pak pak cache file ../../../../../../Users/Schreiber/Documents/Unreal Projects/TPS TEST ZONE - Copy/DerivedDataCache/DDC.ddp not found, will not use a pak cache.
[2019.07.21-21.10.06:749][  0]LogDerivedDataCache: Unable to find inner node Pak for hierarchical cache Hierarchy.
[2019.07.21-21.10.06:749][  0]LogDerivedDataCache: FDerivedDataBackendGraph:  CompressedPak pak cache file ../../../../../../Users/Schreiber/Documents/Unreal Projects/TPS TEST ZONE - Copy/DerivedDataCache/Compressed.ddp not found, will not use a pak cache.
[2019.07.21-21.10.06:749][  0]LogDerivedDataCache: Unable to find inner node CompressedPak for hierarchical cache Hierarchy.
[2019.07.21-21.10.06:761][  0]LogDerivedDataCache: Display: Pak cache opened for reading ../../../Engine/DerivedDataCache/Compressed.ddp.
[2019.07.21-21.10.06:761][  0]LogDerivedDataCache: FDerivedDataBackendGraph:  EnterprisePak pak cache file ../../../Enterprise/DerivedDataCache/Compressed.ddp not found, will not use a pak cache.
[2019.07.21-21.10.06:761][  0]LogDerivedDataCache: Unable to find inner node EnterprisePak for hierarchical cache Hierarchy.
[2019.07.21-21.10.06:775][  0]LogDerivedDataCache: Using Local data cache path C:/Users/Schreiber/AppData/Local/UnrealEngine/Common/DerivedDataCache: Writable
[2019.07.21-21.10.06:775][  0]LogDerivedDataCache: Shared data cache path not found in *engine.ini, will not use an Shared cache.
[2019.07.21-21.10.06:775][  0]LogDerivedDataCache: Unable to find inner node Shared for hierarchical cache Hierarchy.
[2019.07.21-21.10.06:797][  0]LogMaterial: Verifying Global Shaders for PCD3D_SM5
[2019.07.21-21.10.06:799][  0]LogSlate: Using FreeType 2.6.0
[2019.07.21-21.10.06:799][  0]LogSlate: SlateFontServices - WITH_FREETYPE: 1, WITH_HARFBUZZ: 1
[2019.07.21-21.10.06:908][  0]LogAssetRegistry: FAssetRegistry took 0.0377 seconds to start up
[2019.07.21-21.10.07:308][  0]LogInit: Selected Device Profile: [Windows]
[2019.07.21-21.10.07:480][  0]LogMeshReduction: Using QuadricMeshReduction for automatic static mesh reduction
[2019.07.21-21.10.07:480][  0]LogMeshReduction: Using SimplygonMeshReduction for automatic skeletal mesh reduction
[2019.07.21-21.10.07:480][  0]LogMeshReduction: Using ProxyLODMeshReduction for automatic mesh merging
[2019.07.21-21.10.07:480][  0]LogMeshReduction: No distributed automatic mesh merging module available
[2019.07.21-21.10.07:480][  0]LogMeshMerging: No distributed automatic mesh merging module available
[2019.07.21-21.10.07:493][  0]LogNetVersion: TPS 1.0.0, NetCL: 5660361, EngineNetVer: 10, GameNetVer: 0 (Checksum: 1145703864)
[2019.07.21-21.10.08:012][  0]LogPackageLocalizationCache: Processed 10 localized package path(s) for 1 prioritized culture(s) in 0.102528 seconds
[2019.07.21-21.10.08:018][  0]LogUObjectArray: 42205 objects as part of root set at end of initial load.
[2019.07.21-21.10.08:018][  0]LogUObjectAllocator: 7325032 out of 0 bytes used by permanent object pool.
[2019.07.21-21.10.08:018][  0]LogUObjectArray: CloseDisregardForGC: 0/0 objects in disregard for GC pool
[2019.07.21-21.10.09:130][  0]LogTcpMessaging: Initializing TcpMessaging bridge
[2019.07.21-21.10.09:145][  0]LogUdpMessaging: Initializing bridge on interface 0.0.0.0:0 to multicast group 230.0.0.1:6666.
[2019.07.21-21.10.09:269][  0]SourceControl: Source control is disabled
[2019.07.21-21.10.09:269][  0]SourceControl: Source control is disabled
[2019.07.21-21.10.09:273][  0]SourceControl: Source control is disabled
[2019.07.21-21.10.09:275][  0]SourceControl: Source control is disabled
[2019.07.21-21.10.09:386][  0]LogAndroidPermission: UAndroidPermissionCallbackProxy::GetInstance
[2019.07.21-21.10.09:559][  0]LogOcInput: OculusInput pre-init called
[2019.07.21-21.10.10:457][  0]LogEngine: Initializing Engine...
[2019.07.21-21.10.10:458][  0]LogHMD: Failed to initialize OpenVR with code 110
[2019.07.21-21.10.10:459][  0]LogStats: UGameplayTagsManager::InitializeManager -  0.000 s
[2019.07.21-21.10.10:685][  0]LogInit: Initializing FReadOnlyCVARCache
[2019.07.21-21.10.10:703][  0]LogAIModule: Creating AISystem for world Untitled
[2019.07.21-21.10.10:797][  0]LogInit: XAudio2 using 'Speakers (Realtek High Definition Audio)' : 2 channels at 48 kHz using 32 bits per sample (channel mask 0x3)
[2019.07.21-21.10.10:835][  0]LogInit: FAudioDevice initialized.
[2019.07.21-21.10.10:835][  0]LogNetVersion: Set ProjectVersion to 1.0.0.0. Version Checksum will be recalculated on next use.
[2019.07.21-21.10.14:505][  0]LogDerivedDataCache: Saved boot cache 3.67s 71MB C:/Users/Schreiber/AppData/Local/UnrealEngine/4.22/DerivedDataCache/Boot.ddc.
[2019.07.21-21.10.14:519][  0]LogInit: Texture streaming: Enabled
[2019.07.21-21.10.14:553][  0]LogEngineSessionManager: EngineSessionManager initialized
[2019.07.21-21.10.14:580][  0]LogInit: Transaction tracking system initialized
[2019.07.21-21.10.14:613][  0]BlueprintLog: New page: Editor Load
[2019.07.21-21.10.14:741][  0]LocalizationService: Localization service is disabled
[2019.07.21-21.10.15:075][  0]LogCook: Display: Max memory allowance for cook 16384mb min free memory 0mb
[2019.07.21-21.10.15:075][  0]LogCook: Display: Mobile HDR setting 1
[2019.07.21-21.10.15:306][  0]LogFileCache: Scanning file cache for directory 'C:/Users/Schreiber/Documents/Unreal Projects/TPS TEST ZONE - Copy/Content/' took 0.09s
[2019.07.21-21.10.15:306][  0]SourceControl: Source control is disabled
[2019.07.21-21.10.15:306][  0]Cmd: MAP LOAD FILE="../../../../../../Users/Schreiber/Documents/Unreal Projects/TPS TEST ZONE - Copy/Content/ThirdPersonBP/Maps/ThirdPersonExampleMap.umap" TEMPLATE=0 SHOWPROGRESS=1 FEATURELEVEL=3
[2019.07.21-21.10.15:307][  0]LogEditorServer: Warning: Can't find file '../../../../../../Users/Schreiber/Documents/Unreal Projects/TPS TEST ZONE - Copy/Content/ThirdPersonBP/Maps/ThirdPersonExampleMap.umap'
[2019.07.21-21.10.15:307][  0]Cmd: MAP CHECKDEP NOCLEARLOG
[2019.07.21-21.10.15:307][  0]MapCheck: Map check complete: 0 Error(s), 0 Warning(s), took 0.161ms to complete.
[2019.07.21-21.10.15:307][  0]LogFileHelpers: Loading map 'ThirdPersonExampleMap' took 0.001
[2019.07.21-21.10.15:422][  0]LogSlate: Updating window title bar state: overlay mode, drag disabled, window buttons hidden, title bar hidden
[2019.07.21-21.10.15:429][  0]LogSlate: Updating window title bar state: overlay mode, drag disabled, window buttons hidden, title bar hidden
[2019.07.21-21.10.15:437][  0]LogSlate: Updating window title bar state: overlay mode, drag disabled, window buttons hidden, title bar hidden
[2019.07.21-21.10.15:444][  0]LogSlate: Updating window title bar state: overlay mode, drag disabled, window buttons hidden, title bar hidden
[2019.07.21-21.10.15:455][  0]LogCollectionManager: Loaded 0 collections in 0.003749 seconds
[2019.07.21-21.10.15:486][  0]LogFileCache: Scanning file cache for directory 'C:/Users/Schreiber/Documents/Unreal Projects/TPS TEST ZONE - Copy/Saved/Collections/' took 0.01s
[2019.07.21-21.10.15:486][  0]LogFileCache: Scanning file cache for directory 'C:/Users/Schreiber/Documents/Unreal Projects/TPS TEST ZONE - Copy/Content/Developers/Schreiber/Collections/' took 0.01s
[2019.07.21-21.10.15:486][  0]LogFileCache: Scanning file cache for directory 'C:/Users/Schreiber/Documents/Unreal Projects/TPS TEST ZONE - Copy/Content/Collections/' took 0.00s
[2019.07.21-21.10.15:486][  0]LogCollectionManager: Rebuilt the GUID cache for 0 collections in 0.000000 seconds
[2019.07.21-21.10.15:495][  0]LogContentBrowser: Native class hierarchy populated in 0.0085 seconds. Added 2732 classes and 659 folders.
[2019.07.21-21.10.15:503][  0]LogContentBrowser: Native class hierarchy updated for 'WidgetCarousel' in 0.0003 seconds. Added 0 classes and 0 folders.
[2019.07.21-21.10.15:505][  0]LogPakFile: Registered encryption key '00000000000000000000000000000000': 0 pak files mounted, 0 remain pending
[2019.07.21-21.10.15:506][  0]LogPakFile: Registered encryption key '00000000000000000000000000000000': 0 pak files mounted, 0 remain pending
[2019.07.21-21.10.15:507][  0]LogPakFile: Registered encryption key '00000000000000000000000000000000': 0 pak files mounted, 0 remain pending
[2019.07.21-21.10.15:508][  0]LogPakFile: Registered encryption key '00000000000000000000000000000000': 0 pak files mounted, 0 remain pending
[2019.07.21-21.10.15:508][  0]LogPakFile: Registered encryption key '00000000000000000000000000000000': 0 pak files mounted, 0 remain pending
[2019.07.21-21.10.15:509][  0]LogPakFile: Registered encryption key '00000000000000000000000000000000': 0 pak files mounted, 0 remain pending
[2019.07.21-21.10.15:510][  0]LogPakFile: Registered encryption key '00000000000000000000000000000000': 0 pak files mounted, 0 remain pending
[2019.07.21-21.10.15:510][  0]LogPakFile: Registered encryption key '00000000000000000000000000000000': 0 pak files mounted, 0 remain pending
[2019.07.21-21.10.15:511][  0]LogPakFile: Registered encryption key '00000000000000000000000000000000': 0 pak files mounted, 0 remain pending
[2019.07.21-21.10.15:512][  0]LogPakFile: Registered encryption key '00000000000000000000000000000000': 0 pak files mounted, 0 remain pending
[2019.07.21-21.10.15:512][  0]LogPakFile: Registered encryption key '00000000000000000000000000000000': 0 pak files mounted, 0 remain pending
[2019.07.21-21.10.15:513][  0]LogPakFile: Registered encryption key '00000000000000000000000000000000': 0 pak files mounted, 0 remain pending
[2019.07.21-21.10.15:514][  0]LogPakFile: Registered encryption key '00000000000000000000000000000000': 0 pak files mounted, 0 remain pending
[2019.07.21-21.10.15:515][  0]LogPakFile: Registered encryption key '00000000000000000000000000000000': 0 pak files mounted, 0 remain pending
[2019.07.21-21.10.15:516][  0]LogPakFile: Registered encryption key '00000000000000000000000000000000': 0 pak files mounted, 0 remain pending
[2019.07.21-21.10.15:517][  0]LogPakFile: Registered encryption key '00000000000000000000000000000000': 0 pak files mounted, 0 remain pending
[2019.07.21-21.10.15:519][  0]LogPakFile: Registered encryption key '00000000000000000000000000000000': 0 pak files mounted, 0 remain pending
[2019.07.21-21.10.15:520][  0]LogPakFile: Registered encryption key '00000000000000000000000000000000': 0 pak files mounted, 0 remain pending
[2019.07.21-21.10.15:521][  0]LogPakFile: Registered encryption key '00000000000000000000000000000000': 0 pak files mounted, 0 remain pending
[2019.07.21-21.10.15:522][  0]LogPakFile: Registered encryption key '00000000000000000000000000000000': 0 pak files mounted, 0 remain pending
[2019.07.21-21.10.15:523][  0]LogPakFile: Registered encryption key '00000000000000000000000000000000': 0 pak files mounted, 0 remain pending
[2019.07.21-21.10.15:524][  0]LogPakFile: Registered encryption key '00000000000000000000000000000000': 0 pak files mounted, 0 remain pending
[2019.07.21-21.10.15:525][  0]LogPakFile: Registered encryption key '00000000000000000000000000000000': 0 pak files mounted, 0 remain pending
[2019.07.21-21.10.15:526][  0]LogPakFile: Registered encryption key '00000000000000000000000000000000': 0 pak files mounted, 0 remain pending
[2019.07.21-21.10.15:527][  0]LogPakFile: Registered encryption key '00000000000000000000000000000000': 0 pak files mounted, 0 remain pending
[2019.07.21-21.10.15:529][  0]LogPakFile: Registered encryption key '00000000000000000000000000000000': 0 pak files mounted, 0 remain pending
[2019.07.21-21.10.15:621][  0]LogContentBrowser: Native class hierarchy updated for 'AddContentDialog' in 0.0003 seconds. Added 0 classes and 0 folders.
[2019.07.21-21.10.15:628][  0]LogContentBrowser: Native class hierarchy updated for 'SceneOutliner' in 0.0003 seconds. Added 1 classes and 2 folders.
[2019.07.21-21.10.15:642][  0]LogSlate: Took 0.000291 seconds to synchronously load lazily loaded font '../../../Engine/Content/Slate/Fonts/Roboto-Regular.ttf' (155K)
[2019.07.21-21.10.15:643][  0]LogSlate: Took 0.000213 seconds to synchronously load lazily loaded font '../../../Engine/Content/Slate/Fonts/Roboto-Bold.ttf' (160K)
[2019.07.21-21.10.15:649][  0]LogSlate: Took 0.000263 seconds to synchronously load lazily loaded font '../../../Engine/Content/Editor/Slate/Fonts/FontAwesome.ttf' (139K)
[2019.07.21-21.10.15:713][  0]LogRenderer: Reallocating scene render targets to support 1208x552 Format 10 NumSamples 1 (Frame:1).
[2019.07.21-21.10.15:898][  0]LogContentBrowser: Native class hierarchy updated for 'HierarchicalLODOutliner' in 0.0004 seconds. Added 0 classes and 0 folders.
[2019.07.21-21.10.15:898][  0]LogLoad: (Engine Initialization) Total time: 15.27 seconds
[2019.07.21-21.10.15:898][  0]LogLoad: (Engine Initialization) Total Blueprint compile time: 0.00 seconds
[2019.07.21-21.10.15:952][  0]LogAssetRegistry: Asset discovery search completed in 9.0682 seconds
[2019.07.21-21.10.15:954][  0]LogCollectionManager: Rebuilt the object cache for 0 collections in 0.000000 seconds (found 0 objects)
[2019.07.21-21.10.15:954][  0]LogCollectionManager: Fixed up redirectors for 0 collections in 0.000067 seconds (updated 0 objects)
[2019.07.21-21.10.15:957][  0]LogContentStreaming: Texture pool size now 3000 MB
[2019.07.21-21.10.15:977][  0]LogSlate: Took 0.000219 seconds to synchronously load lazily loaded font '../../../Engine/Content/Slate/Fonts/Roboto-Light.ttf' (167K)
[2019.07.21-21.10.16:925][109]LogSlate: Took 0.000247 seconds to synchronously load lazily loaded font '../../../Engine/Content/Slate/Fonts/Roboto-Light.ttf' (167K)
[2019.07.21-21.11.26:519][626]LogSlate: FSceneViewport::OnFocusLost() reason 0
[2019.07.21-21.11.31:874][ 31]LogAIModule: Creating AISystem for world ThirdPersonExampleMap_Auto5
[2019.07.21-21.11.31:908][ 31]LogAssetEditorManager: Opening Asset editor for World /Game/ThirdPersonBP/Maps/ThirdPersonExampleMap_Auto5.ThirdPersonExampleMap_Auto5
[2019.07.21-21.11.31:945][ 31]LogUObjectHash: Compacting FUObjectHashTables data took   2.59ms
[2019.07.21-21.11.31:946][ 31]Cmd: MAP LOAD FILE="../../../../../../Users/Schreiber/Documents/Unreal Projects/TPS TEST ZONE - Copy/Content/ThirdPersonBP/Maps/ThirdPersonExampleMap_Auto5.umap" TEMPLATE=0 SHOWPROGRESS=1 FEATURELEVEL=3
[2019.07.21-21.11.31:946][ 31]LightingResults: New page: Lighting Build
[2019.07.21-21.11.31:950][ 31]LogContentBrowser: Native class hierarchy updated for 'StatsViewer' in 0.0003 seconds. Added 5 classes and 0 folders.
[2019.07.21-21.11.31:950][ 31]LoadErrors: New page: Loading map: ThirdPersonExampleMap_Auto5.umap
[2019.07.21-21.11.31:951][ 31]MapCheck: New page: Map Check
[2019.07.21-21.11.31:951][ 31]LightingResults: New page: Lighting Build
[2019.07.21-21.11.31:980][ 31]LogUObjectHash: Compacting FUObjectHashTables data took   1.61ms
[2019.07.21-21.11.31:989][ 31]LogEditorServer: Finished looking for orphan Actors (0.000 secs)
[2019.07.21-21.11.32:018][ 31]LogUObjectHash: Compacting FUObjectHashTables data took   1.61ms
[2019.07.21-21.11.32:043][ 31]Cmd: MAP CHECKDEP NOCLEARLOG
[2019.07.21-21.11.32:043][ 31]MapCheck: Map check complete: 0 Error(s), 0 Warning(s), took 0.142ms to complete.
[2019.07.21-21.11.32:043][ 31]LogFileHelpers: Loading map 'ThirdPersonExampleMap_Auto5' took 0.098
[2019.07.21-21.11.32:860][119]LogTemp: Repeating last play command: Selected Viewport
[2019.07.21-21.11.33:082][119]LogBlueprintUserMessages: Early PlayInEditor Detection: Level '/Game/ThirdPersonBP/Maps/ThirdPersonExampleMap_Auto5.ThirdPersonExampleMap_Auto5:PersistentLevel' has LevelScriptBlueprint '/Game/ThirdPersonBP/Maps/ThirdPersonExampleMap_Auto5.ThirdPersonExampleMap_Auto5:PersistentLevel.ThirdPersonExampleMap_Auto5' with GeneratedClass '/Game/ThirdPersonBP/Maps/ThirdPersonExampleMap_Auto5.ThirdPersonExampleMap_C' with ClassGeneratedBy '/Game/ThirdPersonBP/Maps/ThirdPersonExampleMap_Auto5.ThirdPersonExampleMap_Auto5:PersistentLevel.ThirdPersonExampleMap_Auto5'
[2019.07.21-21.11.33:082][119]LogPlayLevel: PlayLevel: No blueprints needed recompiling
[2019.07.21-21.11.33:082][119]PIE: New page: PIE session: ThirdPersonExampleMap_Auto5 (Jul 21, 2019, 1:11:33 PM)
[2019.07.21-21.11.33:096][119]LogPlayLevel: Creating play world package: /Game/ThirdPersonBP/Maps/UEDPIE_0_ThirdPersonExampleMap_Auto5
[2019.07.21-21.11.33:120][119]LogPlayLevel: PIE: StaticDuplicateObject took: (0.023367s)
[2019.07.21-21.11.33:120][119]LogAIModule: Creating AISystem for world ThirdPersonExampleMap_Auto5
[2019.07.21-21.11.33:120][119]LogPlayLevel: PIE: World Init took: (0.000680s)
[2019.07.21-21.11.33:120][119]LogPlayLevel: PIE: Created PIE world by copying editor world from /Game/ThirdPersonBP/Maps/ThirdPersonExampleMap_Auto5.ThirdPersonExampleMap_Auto5 to /Game/ThirdPersonBP/Maps/UEDPIE_0_ThirdPersonExampleMap_Auto5.ThirdPersonExampleMap_Auto5 (0.024364s)
[2019.07.21-21.11.33:150][119]LogUObjectHash: Compacting FUObjectHashTables data took   1.19ms
[2019.07.21-21.11.33:184][119]LogInit: XAudio2 using 'Speakers (Realtek High Definition Audio)' : 2 channels at 48 kHz using 32 bits per sample (channel mask 0x3)
[2019.07.21-21.11.33:199][119]LogInit: FAudioDevice initialized.
[2019.07.21-21.11.33:246][119]LogLoad: Game class is 'ThirdPersonGameMode_C'
[2019.07.21-21.11.33:249][119]LogWorld: Bringing World /Game/ThirdPersonBP/Maps/UEDPIE_0_ThirdPersonExampleMap_Auto5.ThirdPersonExampleMap_Auto5 up for play (max tick rate 0) at 2019.07.21-17.11.33
[2019.07.21-21.11.33:249][119]LogWorld: Bringing up level for play took: 0.002072
[2019.07.21-21.11.33:269][119]LogContentBrowser: Native class hierarchy updated for 'MovieSceneCapture' in 0.0003 seconds. Added 20 classes and 0 folders.
[2019.07.21-21.11.33:271][119]PIE: Play in editor start time for /Game/ThirdPersonBP/Maps/UEDPIE_0_ThirdPersonExampleMap_Auto5 0.486
[2019.07.21-21.11.33:271][119]LogBlueprintUserMessages: Late PlayInEditor Detection: Level '/Game/ThirdPersonBP/Maps/ThirdPersonExampleMap_Auto5.ThirdPersonExampleMap_Auto5:PersistentLevel' has LevelScriptBlueprint '/Game/ThirdPersonBP/Maps/ThirdPersonExampleMap_Auto5.ThirdPersonExampleMap_Auto5:PersistentLevel.ThirdPersonExampleMap_Auto5' with GeneratedClass '/Game/ThirdPersonBP/Maps/ThirdPersonExampleMap_Auto5.ThirdPersonExampleMap_C' with ClassGeneratedBy '/Game/ThirdPersonBP/Maps/ThirdPersonExampleMap_Auto5.ThirdPersonExampleMap_Auto5:PersistentLevel.ThirdPersonExampleMap_Auto5'
[2019.07.21-21.11.43:792][371]LogBlueprintUserMessages: [AnimBP_TPS_Player_C_0] Take_Magazine
[2019.07.21-21.11.44:134][412]LogBlueprintUserMessages: [AnimBP_TPS_Player_C_0] Throw_Magazine
[2019.07.21-21.11.45:184][537]LogBlueprintUserMessages: [AnimBP_TPS_Player_C_0] Put_Magazine_In Wep
[2019.07.21-21.11.51:661][312]LogBlueprintUserMessages: [Weapon_AK47_C_0] OutOfAmmo
[2019.07.21-21.11.51:761][324]LogBlueprintUserMessages: [Weapon_AK47_C_0] OutOfAmmo
[2019.07.21-21.11.51:863][336]LogBlueprintUserMessages: [Weapon_AK47_C_0] OutOfAmmo
[2019.07.21-21.11.52:347][394]LogBlueprintUserMessages: [AnimBP_TPS_Player_C_0] Take_Magazine
[2019.07.21-21.11.52:692][435]LogBlueprintUserMessages: [AnimBP_TPS_Player_C_0] Throw_Magazine
[2019.07.21-21.11.53:741][561]LogBlueprintUserMessages: [AnimBP_TPS_Player_C_0] Put_Magazine_In Wep
[2019.07.21-21.11.57:021][953]LogBlueprintUserMessages: [AnimBP_TPS_Player_C_0] Take_Magazine
[2019.07.21-21.11.57:363][994]LogBlueprintUserMessages: [AnimBP_TPS_Player_C_0] Throw_Magazine
[2019.07.21-21.11.58:414][120]LogBlueprintUserMessages: [AnimBP_TPS_Player_C_0] Put_Magazine_In Wep
[2019.07.21-21.12.02:714][634]LogBlueprintUserMessages: [Weapon_AK47_C_0] OutOfAmmo
[2019.07.21-21.12.02:816][646]LogBlueprintUserMessages: [Weapon_AK47_C_0] OutOfAmmo
[2019.07.21-21.12.02:916][658]LogBlueprintUserMessages: [Weapon_AK47_C_0] OutOfAmmo
[2019.07.21-21.12.03:558][735]LogBlueprintUserMessages: [AnimBP_TPS_Player_C_0] Take_Magazine
[2019.07.21-21.12.03:900][776]LogBlueprintUserMessages: [AnimBP_TPS_Player_C_0] Throw_Magazine
[2019.07.21-21.12.04:945][901]LogBlueprintUserMessages: [AnimBP_TPS_Player_C_0] Put_Magazine_In Wep
[2019.07.21-21.12.09:424][436]LogBlueprintUserMessages: [Weapon_AK47_C_0] OutOfAmmo
[2019.07.21-21.12.09:918][495]LogBlueprintUserMessages: [AnimBP_TPS_Player_C_0] Take_Magazine
[2019.07.21-21.12.10:259][536]LogBlueprintUserMessages: [AnimBP_TPS_Player_C_0] Throw_Magazine
[2019.07.21-21.12.11:303][661]LogBlueprintUserMessages: [AnimBP_TPS_Player_C_0] Put_Magazine_In Wep
[2019.07.21-21.12.16:992][342]LogBlueprintUserMessages: [Weapon_AK47_C_0] OutOfAmmo
[2019.07.21-21.12.17:417][393]LogBlueprintUserMessages: [Weapon_AK47_C_0] FindAmmo
[2019.07.21-21.12.17:925][453]LogBlueprintUserMessages: Early EndPlayMap Detection: Level '/Game/ThirdPersonBP/Maps/ThirdPersonExampleMap_Auto5.ThirdPersonExampleMap_Auto5:PersistentLevel' has LevelScriptBlueprint '/Game/ThirdPersonBP/Maps/ThirdPersonExampleMap_Auto5.ThirdPersonExampleMap_Auto5:PersistentLevel.ThirdPersonExampleMap_Auto5' with GeneratedClass '/Game/ThirdPersonBP/Maps/ThirdPersonExampleMap_Auto5.ThirdPersonExampleMap_C' with ClassGeneratedBy '/Game/ThirdPersonBP/Maps/ThirdPersonExampleMap_Auto5.ThirdPersonExampleMap_Auto5:PersistentLevel.ThirdPersonExampleMap_Auto5'
[2019.07.21-21.12.17:925][453]LogSlate: Updating window title bar state: overlay mode, drag disabled, window buttons hidden, title bar hidden
[2019.07.21-21.12.17:960][453]LogPlayLevel: Display: Shutting down PIE online subsystems
[2019.07.21-21.12.17:960][453]LogBlueprintUserMessages: Late EndPlayMap Detection: Level '/Game/ThirdPersonBP/Maps/ThirdPersonExampleMap_Auto5.ThirdPersonExampleMap_Auto5:PersistentLevel' has LevelScriptBlueprint '/Game/ThirdPersonBP/Maps/ThirdPersonExampleMap_Auto5.ThirdPersonExampleMap_Auto5:PersistentLevel.ThirdPersonExampleMap_Auto5' with GeneratedClass '/Game/ThirdPersonBP/Maps/ThirdPersonExampleMap_Auto5.ThirdPersonExampleMap_C' with ClassGeneratedBy '/Game/ThirdPersonBP/Maps/ThirdPersonExampleMap_Auto5.ThirdPersonExampleMap_Auto5:PersistentLevel.ThirdPersonExampleMap_Auto5'
[2019.07.21-21.12.17:996][453]LogSlate: Updating window title bar state: overlay mode, drag disabled, window buttons hidden, title bar hidden
[2019.07.21-21.12.18:001][453]LogUObjectHash: Compacting FUObjectHashTables data took   1.95ms
[2019.07.21-21.12.18:026][454]LogPlayLevel: Display: Destroying online subsystem :Context_1
[2019.07.21-21.12.18:584][519]LogSlate: FSceneViewport::OnFocusLost() reason 0
[2019.07.21-21.12.18:657][528]LogTemp: Repeating last play command: Selected Viewport
[2019.07.21-21.12.18:671][528]LogBlueprintUserMessages: Early PlayInEditor Detection: Level '/Game/ThirdPersonBP/Maps/ThirdPersonExampleMap_Auto5.ThirdPersonExampleMap_Auto5:PersistentLevel' has LevelScriptBlueprint '/Game/ThirdPersonBP/Maps/ThirdPersonExampleMap_Auto5.ThirdPersonExampleMap_Auto5:PersistentLevel.ThirdPersonExampleMap_Auto5' with GeneratedClass '/Game/ThirdPersonBP/Maps/ThirdPersonExampleMap_Auto5.ThirdPersonExampleMap_C' with ClassGeneratedBy '/Game/ThirdPersonBP/Maps/ThirdPersonExampleMap_Auto5.ThirdPersonExampleMap_Auto5:PersistentLevel.ThirdPersonExampleMap_Auto5'
[2019.07.21-21.12.18:671][528]LogPlayLevel: PlayLevel: No blueprints needed recompiling
[2019.07.21-21.12.18:671][528]PIE: New page: PIE session: ThirdPersonExampleMap_Auto5 (Jul 21, 2019, 1:12:18 PM)
[2019.07.21-21.12.18:671][528]LogPlayLevel: Creating play world package: /Game/ThirdPersonBP/Maps/UEDPIE_0_ThirdPersonExampleMap_Auto5
[2019.07.21-21.12.18:694][528]LogPlayLevel: PIE: StaticDuplicateObject took: (0.021716s)
[2019.07.21-21.12.18:694][528]LogAIModule: Creating AISystem for world ThirdPersonExampleMap_Auto5
[2019.07.21-21.12.18:694][528]LogPlayLevel: PIE: World Init took: (0.000607s)
[2019.07.21-21.12.18:694][528]LogPlayLevel: PIE: Created PIE world by copying editor world from /Game/ThirdPersonBP/Maps/ThirdPersonExampleMap_Auto5.ThirdPersonExampleMap_Auto5 to /Game/ThirdPersonBP/Maps/UEDPIE_0_ThirdPersonExampleMap_Auto5.ThirdPersonExampleMap_Auto5 (0.022811s)
[2019.07.21-21.12.18:724][528]LogUObjectHash: Compacting FUObjectHashTables data took   1.53ms
[2019.07.21-21.12.18:767][528]LogInit: XAudio2 using 'Speakers (Realtek High Definition Audio)' : 2 channels at 48 kHz using 32 bits per sample (channel mask 0x3)
[2019.07.21-21.12.18:784][528]LogInit: FAudioDevice initialized.
[2019.07.21-21.12.18:815][528]LogLoad: Game class is 'ThirdPersonGameMode_C'
[2019.07.21-21.12.18:817][528]LogWorld: Bringing World /Game/ThirdPersonBP/Maps/UEDPIE_0_ThirdPersonExampleMap_Auto5.ThirdPersonExampleMap_Auto5 up for play (max tick rate 0) at 2019.07.21-17.12.18
[2019.07.21-21.12.18:818][528]LogWorld: Bringing up level for play took: 0.001815
[2019.07.21-21.12.18:833][528]PIE: Play in editor start time for /Game/ThirdPersonBP/Maps/UEDPIE_0_ThirdPersonExampleMap_Auto5 0.048
[2019.07.21-21.12.18:833][528]LogBlueprintUserMessages: Late PlayInEditor Detection: Level '/Game/ThirdPersonBP/Maps/ThirdPersonExampleMap_Auto5.ThirdPersonExampleMap_Auto5:PersistentLevel' has LevelScriptBlueprint '/Game/ThirdPersonBP/Maps/ThirdPersonExampleMap_Auto5.ThirdPersonExampleMap_Auto5:PersistentLevel.ThirdPersonExampleMap_Auto5' with GeneratedClass '/Game/ThirdPersonBP/Maps/ThirdPersonExampleMap_Auto5.ThirdPersonExampleMap_C' with ClassGeneratedBy '/Game/ThirdPersonBP/Maps/ThirdPersonExampleMap_Auto5.ThirdPersonExampleMap_Auto5:PersistentLevel.ThirdPersonExampleMap_Auto5'
[2019.07.21-21.12.28:482][681]LogBlueprintUserMessages: [AnimBP_TPS_Player_C_0] Take_Magazine
[2019.07.21-21.12.28:824][722]LogBlueprintUserMessages: [AnimBP_TPS_Player_C_0] Throw_Magazine
[2019.07.21-21.12.29:874][848]LogBlueprintUserMessages: [AnimBP_TPS_Player_C_0] Put_Magazine_In Wep
[2019.07.21-21.12.37:493][759]LogBlueprintUserMessages: [Weapon_AK47_C_0] OutOfAmmo
[2019.07.21-21.12.37:591][771]LogBlueprintUserMessages: [Weapon_AK47_C_0] OutOfAmmo
[2019.07.21-21.12.38:367][864]LogBlueprintUserMessages: [AnimBP_TPS_Player_C_0] Take_Magazine
[2019.07.21-21.12.38:709][905]LogBlueprintUserMessages: [AnimBP_TPS_Player_C_0] Throw_Magazine
[2019.07.21-21.12.39:757][ 30]LogBlueprintUserMessages: [AnimBP_TPS_Player_C_0] Put_Magazine_In Wep
[2019.07.21-21.12.43:576][487]LogBlueprintUserMessages: [AnimBP_TPS_Player_C_0] Take_Magazine
[2019.07.21-21.12.43:920][528]LogBlueprintUserMessages: [AnimBP_TPS_Player_C_0] Throw_Magazine
[2019.07.21-21.12.44:970][654]LogBlueprintUserMessages: [AnimBP_TPS_Player_C_0] Put_Magazine_In Wep
[2019.07.21-21.12.51:074][384]LogBlueprintUserMessages: Early EndPlayMap Detection: Level '/Game/ThirdPersonBP/Maps/ThirdPersonExampleMap_Auto5.ThirdPersonExampleMap_Auto5:PersistentLevel' has LevelScriptBlueprint '/Game/ThirdPersonBP/Maps/ThirdPersonExampleMap_Auto5.ThirdPersonExampleMap_Auto5:PersistentLevel.ThirdPersonExampleMap_Auto5' with GeneratedClass '/Game/ThirdPersonBP/Maps/ThirdPersonExampleMap_Auto5.ThirdPersonExampleMap_C' with ClassGeneratedBy '/Game/ThirdPersonBP/Maps/ThirdPersonExampleMap_Auto5.ThirdPersonExampleMap_Auto5:PersistentLevel.ThirdPersonExampleMap_Auto5'
[2019.07.21-21.12.51:074][384]LogSlate: Updating window title bar state: overlay mode, drag disabled, window buttons hidden, title bar hidden
[2019.07.21-21.12.51:106][384]LogPlayLevel: Display: Shutting down PIE online subsystems
[2019.07.21-21.12.51:107][384]LogBlueprintUserMessages: Late EndPlayMap Detection: Level '/Game/ThirdPersonBP/Maps/ThirdPersonExampleMap_Auto5.ThirdPersonExampleMap_Auto5:PersistentLevel' has LevelScriptBlueprint '/Game/ThirdPersonBP/Maps/ThirdPersonExampleMap_Auto5.ThirdPersonExampleMap_Auto5:PersistentLevel.ThirdPersonExampleMap_Auto5' with GeneratedClass '/Game/ThirdPersonBP/Maps/ThirdPersonExampleMap_Auto5.ThirdPersonExampleMap_C' with ClassGeneratedBy '/Game/ThirdPersonBP/Maps/ThirdPersonExampleMap_Auto5.ThirdPersonExampleMap_Auto5:PersistentLevel.ThirdPersonExampleMap_Auto5'
[2019.07.21-21.12.51:139][384]LogSlate: Updating window title bar state: overlay mode, drag disabled, window buttons hidden, title bar hidden
[2019.07.21-21.12.51:142][384]LogUObjectHash: Compacting FUObjectHashTables data took   1.27ms
[2019.07.21-21.12.51:179][388]LogPlayLevel: Display: Destroying online subsystem :Context_2
[2019.07.21-21.13.02:995][631]LogSlate: FSceneViewport::OnFocusLost() reason 0
